2023-05-28 21:16:09,171 [INFO] Activator:176 - 


2023-05-28 21:16:09,173 [INFO] Activator:177 - !SESSION log4j initialized
2023-05-28 21:16:11,427 [INFO] LogOutputStream:77 - [STDOUT_REDIRECT] 
2023-05-28 21:16:23,866 [INFO] ApplicationProperties:184 - Using Application install path: C:\ST\STM32CubeIDE_1.12.0\STM32CubeIDE\plugins\com.st.stm32cube.common.mx_6.8.0.202302231600
2023-05-28 21:16:23,884 [INFO] DbMcusXml:78 - Set database path to: C:\ST\STM32CubeIDE_1.12.0\STM32CubeIDE\plugins\com.st.stm32cube.common.mx_6.8.0.202302231600\\db\/mcu/
2023-05-28 21:16:23,885 [INFO] ApiDb:274 - Set plugin database path to: C:\ST\STM32CubeIDE_1.12.0\STM32CubeIDE\plugins\com.st.stm32cube.common.mx_6.8.0.202302231600\\db\/plugins/boardmanager/
2023-05-28 21:16:23,887 [WARN] ApiDb:259 - Overriding images path with different value:  => C:\ST\STM32CubeIDE_1.12.0\STM32CubeIDE\plugins\com.st.stm32cube.common.mx_6.8.0.202302231600\\db\/plugins/mcufinder/images/
2023-05-28 21:16:23,903 [INFO] ApiDb:250 - Set database path to: C:\Users\amine\.stmcufinder\plugins\mcufinder//mcu/
2023-05-28 21:16:23,905 [INFO] DbMcusAds:125 - Set database path to: C:\Users\amine\.stmcufinder\plugins\mcufinder//mcu/
2023-05-28 21:16:23,916 [INFO] CrossReferenceDbSqlite:203 - Set database path to: C:\Users\amine\.stmcufinder\plugins\mcufinder//mcu/cs/
2023-05-28 21:16:24,056 [INFO] RulesReader:64 - Compatibility file has been processed (293 Rules)
2023-05-28 21:16:24,139 [INFO] DbMcusXml:78 - Set database path to: C:\ST\STM32CubeIDE_1.12.0\STM32CubeIDE\plugins\com.st.stm32cube.common.mx_6.8.0.202302231600\\db\/mcu/
2023-05-28 21:16:24,139 [INFO] ApiDb:274 - Set plugin database path to: C:\ST\STM32CubeIDE_1.12.0\STM32CubeIDE\plugins\com.st.stm32cube.common.mx_6.8.0.202302231600\\db\/plugins/boardmanager/
2023-05-28 21:16:24,140 [INFO] ApiDb:261 - Set plugin images path to: C:\ST\STM32CubeIDE_1.12.0\STM32CubeIDE\plugins\com.st.stm32cube.common.mx_6.8.0.202302231600\\db\/plugins/mcufinder/images/
2023-05-28 21:16:24,140 [WARN] DbFile:41 - Overriding database path with different value: C:\Users\amine\.stmcufinder\plugins\mcufinder/ => C:\Users\amine\.stmcufinder\plugins\mcufinder
2023-05-28 21:16:24,140 [INFO] ApiDb:250 - Set database path to: C:\Users\amine\.stmcufinder\plugins\mcufinder//mcu/
2023-05-28 21:16:24,140 [WARN] DbFile:41 - Overriding database path with different value: C:\Users\amine\.stmcufinder\plugins\mcufinder/ => C:\Users\amine\.stmcufinder\plugins\mcufinder
2023-05-28 21:16:24,140 [INFO] DbMcusAds:125 - Set database path to: C:\Users\amine\.stmcufinder\plugins\mcufinder//mcu/
2023-05-28 21:16:24,141 [WARN] DbFile:41 - Overriding database path with different value: C:\Users\amine\.stmcufinder\plugins\mcufinder/ => C:\Users\amine\.stmcufinder\plugins\mcufinder
2023-05-28 21:16:24,141 [WARN] DbFile:41 - Overriding database path with different value: C:\Users\amine\.stmcufinder\plugins\mcufinder/ => C:\Users\amine\.stmcufinder\plugins\mcufinder
2023-05-28 21:16:24,141 [INFO] CrossReferenceDbSqlite:203 - Set database path to: C:\Users\amine\.stmcufinder\plugins\mcufinder//mcu/cs/
2023-05-28 21:16:24,216 [INFO] MainPanel:253 - HeapMemory: 268435456
2023-05-28 21:16:24,300 [INFO] DbMcusXml:78 - Set database path to: C:\ST\STM32CubeIDE_1.12.0\STM32CubeIDE\plugins\com.st.stm32cube.common.mx_6.8.0.202302231600\\db\/mcu/
2023-05-28 21:16:24,301 [INFO] ApiDb:274 - Set plugin database path to: C:\ST\STM32CubeIDE_1.12.0\STM32CubeIDE\plugins\com.st.stm32cube.common.mx_6.8.0.202302231600\\db\/plugins/boardmanager/
2023-05-28 21:16:24,301 [INFO] ApiDb:261 - Set plugin images path to: C:\ST\STM32CubeIDE_1.12.0\STM32CubeIDE\plugins\com.st.stm32cube.common.mx_6.8.0.202302231600\\db\/plugins/mcufinder/images/
2023-05-28 21:16:24,301 [WARN] DbFile:41 - Overriding database path with different value: C:\Users\amine\.stmcufinder\plugins\mcufinder/ => C:\Users\amine\.stmcufinder\plugins\mcufinder
2023-05-28 21:16:24,302 [INFO] ApiDb:250 - Set database path to: C:\Users\amine\.stmcufinder\plugins\mcufinder//mcu/
2023-05-28 21:16:24,302 [WARN] DbFile:41 - Overriding database path with different value: C:\Users\amine\.stmcufinder\plugins\mcufinder/ => C:\Users\amine\.stmcufinder\plugins\mcufinder
2023-05-28 21:16:24,302 [INFO] DbMcusAds:125 - Set database path to: C:\Users\amine\.stmcufinder\plugins\mcufinder//mcu/
2023-05-28 21:16:24,302 [WARN] DbFile:41 - Overriding database path with different value: C:\Users\amine\.stmcufinder\plugins\mcufinder/ => C:\Users\amine\.stmcufinder\plugins\mcufinder
2023-05-28 21:16:24,302 [WARN] DbFile:41 - Overriding database path with different value: C:\Users\amine\.stmcufinder\plugins\mcufinder/ => C:\Users\amine\.stmcufinder\plugins\mcufinder
2023-05-28 21:16:24,302 [INFO] CrossReferenceDbSqlite:203 - Set database path to: C:\Users\amine\.stmcufinder\plugins\mcufinder//mcu/cs/
2023-05-28 21:16:24,321 [INFO] ApplicationProperties:184 - Using Application install path: C:\ST\STM32CubeIDE_1.12.0\STM32CubeIDE\plugins\com.st.stm32cube.common.mx_6.8.0.202302231600
2023-05-28 21:16:24,322 [INFO] PluginManage:196 - Search for loadable plugins [exclusion list=, ]
2023-05-28 21:16:24,324 [INFO] PluginManage:310 - Check plugin analytics
2023-05-28 21:16:28,985 [INFO] AnalyticsPlugin:253 - Accepted Software Licenses: 
2023-05-28 21:16:28,986 [INFO] AnalyticsPlugin:255 - Accepted CMSIS Pack Licenses: 
2023-05-28 21:16:28,986 [INFO] AnalyticsPlugin:257 - Accepted Firmware Licenses: FW.F7.1.17.0
2023-05-28 21:16:28,993 [INFO] PluginManage:359 - Loaded plugin analytics (category:tool,tabindex:-1)
2023-05-28 21:16:28,994 [INFO] PluginManage:310 - Check plugin cadmodel
2023-05-28 21:16:28,999 [INFO] CADModel:105 - Init CAD model plugin
2023-05-28 21:16:28,999 [INFO] PluginManage:359 - Loaded plugin cadmodel (category:power,tabindex:5)
2023-05-28 21:16:28,999 [INFO] PluginManage:310 - Check plugin clock
2023-05-28 21:16:29,009 [INFO] PluginManage:359 - Loaded plugin clock (category:base,tabindex:2)
2023-05-28 21:16:29,009 [INFO] PluginManage:310 - Check plugin ddr
2023-05-28 21:16:29,011 [INFO] PluginManage:359 - Loaded plugin ddr (category:tool,tabindex:6)
2023-05-28 21:16:29,011 [INFO] PluginManage:310 - Check plugin filemanager
2023-05-28 21:16:29,128 [INFO] PluginManage:359 - Loaded plugin filemanager (category:base,tabindex:10)
2023-05-28 21:16:29,128 [INFO] PluginManage:310 - Check plugin ipmanager
2023-05-28 21:16:29,135 [INFO] PluginManage:359 - Loaded plugin ipmanager (category:base,tabindex:5)
2023-05-28 21:16:29,136 [INFO] PluginManage:310 - Check plugin lpbam
2023-05-28 21:16:29,146 [INFO] PluginManage:359 - Loaded plugin lpbam (category:base,tabindex:0)
2023-05-28 21:16:29,146 [INFO] PluginManage:310 - Check plugin pinoutandconfiguration
2023-05-28 21:16:29,154 [INFO] PluginManage:359 - Loaded plugin pinoutandconfiguration (category:base,tabindex:1)
2023-05-28 21:16:29,154 [INFO] PluginManage:310 - Check plugin pinoutconfig
2023-05-28 21:16:29,210 [WARN] SupportedApi:132 - Cannot load RTOS API schema: s4s-elt-must-match.1: The content of 'definitions' must match (annotation?, (simpleType | complexType)?, (unique | key | keyref)*)). A problem was found starting at: attribute.
2023-05-28 21:16:29,328 [INFO] PluginManage:359 - Loaded plugin pinoutconfig (category:base,tabindex:0)
2023-05-28 21:16:29,329 [INFO] PluginManage:310 - Check plugin power
2023-05-28 21:16:29,338 [INFO] PluginManage:359 - Loaded plugin power (category:power,tabindex:4)
2023-05-28 21:16:29,338 [INFO] PluginManage:310 - Check plugin projectmanager
2023-05-28 21:16:29,352 [INFO] PluginManage:359 - Loaded plugin projectmanager (category:projectmanager,tabindex:3)
2023-05-28 21:16:29,352 [INFO] PluginManage:310 - Check plugin thirdparty
2023-05-28 21:16:29,474 [INFO] PluginManage:359 - Loaded plugin thirdparty (category:base,tabindex:-1)
2023-05-28 21:16:29,473 [WARN] IntegrityCheckThread:84 - waiting for thirdparty lock release [integrity check]
2023-05-28 21:16:29,474 [INFO] IntegrityCheckThread:86 - entering critical section [integrity check]
2023-05-28 21:16:29,474 [INFO] PluginManage:310 - Check plugin tools
2023-05-28 21:16:29,476 [INFO] ThirdPartyUpdaterWithRetryManager:70 - Updater plugin not ready yet. [1/15]
2023-05-28 21:16:29,477 [INFO] PluginManage:359 - Loaded plugin tools (category:base,tabindex:7)
2023-05-28 21:16:29,477 [INFO] PluginManage:310 - Check plugin tutovideos
2023-05-28 21:16:29,649 [INFO] PluginManage:359 - Loaded plugin tutovideos (category:base,tabindex:-1)
2023-05-28 21:16:29,650 [INFO] PluginManage:310 - Check plugin updater
2023-05-28 21:16:29,665 [INFO] PluginManage:359 - Loaded plugin updater (category:base,tabindex:12)
2023-05-28 21:16:29,666 [INFO] PluginManage:283 - PluginManage : Loaded plugins [15]
2023-05-28 21:16:29,913 [INFO] PinOutPanel:1499 - setPackage(No Configuration,No Configuration)
2023-05-28 21:16:29,990 [INFO] CADModel:165 - CPN selected for project level
2023-05-28 21:16:29,990 [INFO] CADModel:114 - Register for checkConnection events
2023-05-28 21:16:30,008 [INFO] IPUIPlugin:80 - create IPUIPlugin
2023-05-28 21:16:30,009 [INFO] PluginManager:220 - loadIPPluginJar : add adc
2023-05-28 21:16:30,013 [INFO] IPUIPlugin:80 - create IPUIPlugin
2023-05-28 21:16:30,013 [INFO] PluginManager:220 - loadIPPluginJar : add aes
2023-05-28 21:16:30,016 [INFO] IPUIPlugin:80 - create IPUIPlugin
2023-05-28 21:16:30,016 [INFO] PluginManager:220 - loadIPPluginJar : add can
2023-05-28 21:16:30,017 [INFO] IPUIPlugin:80 - create IPUIPlugin
2023-05-28 21:16:30,017 [INFO] PluginManager:220 - loadIPPluginJar : add comp
2023-05-28 21:16:30,020 [INFO] IPUIPlugin:80 - create IPUIPlugin
2023-05-28 21:16:30,020 [INFO] PluginManager:220 - loadIPPluginJar : add cryp
2023-05-28 21:16:30,023 [INFO] IPUIPlugin:80 - create IPUIPlugin
2023-05-28 21:16:30,023 [INFO] PluginManager:220 - loadIPPluginJar : add dfsdm
2023-05-28 21:16:30,030 [INFO] IPUIPlugin:80 - create IPUIPlugin
2023-05-28 21:16:30,031 [INFO] PluginManager:220 - loadIPPluginJar : add dma
2023-05-28 21:16:30,034 [INFO] IPUIPlugin:80 - create IPUIPlugin
2023-05-28 21:16:30,034 [INFO] PluginManager:220 - loadIPPluginJar : add dma3
2023-05-28 21:16:30,036 [INFO] IPUIPlugin:80 - create IPUIPlugin
2023-05-28 21:16:30,036 [INFO] PluginManager:220 - loadIPPluginJar : add fatfs
2023-05-28 21:16:30,041 [INFO] IPUIPlugin:80 - create IPUIPlugin
2023-05-28 21:16:30,041 [INFO] PluginManager:220 - loadIPPluginJar : add fmc
2023-05-28 21:16:30,046 [INFO] IPUIPlugin:80 - create IPUIPlugin
2023-05-28 21:16:30,046 [INFO] PluginManager:220 - loadIPPluginJar : add freertos
2023-05-28 21:16:30,047 [INFO] IPUIPlugin:80 - create IPUIPlugin
2023-05-28 21:16:30,047 [INFO] PluginManager:220 - loadIPPluginJar : add genericplugin
2023-05-28 21:16:30,049 [INFO] IPUIPlugin:80 - create IPUIPlugin
2023-05-28 21:16:30,049 [INFO] PluginManager:220 - loadIPPluginJar : add gfxmmu
2023-05-28 21:16:30,053 [INFO] IPUIPlugin:80 - create IPUIPlugin
2023-05-28 21:16:30,054 [INFO] PluginManager:220 - loadIPPluginJar : add gic
2023-05-28 21:16:30,058 [INFO] IPUIPlugin:80 - create IPUIPlugin
2023-05-28 21:16:30,058 [INFO] PluginManager:220 - loadIPPluginJar : add gpio
2023-05-28 21:16:30,061 [INFO] IPUIPlugin:80 - create IPUIPlugin
2023-05-28 21:16:30,061 [INFO] PluginManager:220 - loadIPPluginJar : add gtzc
2023-05-28 21:16:30,063 [INFO] IPUIPlugin:80 - create IPUIPlugin
2023-05-28 21:16:30,063 [INFO] PluginManager:220 - loadIPPluginJar : add hash
2023-05-28 21:16:30,065 [INFO] IPUIPlugin:80 - create IPUIPlugin
2023-05-28 21:16:30,065 [INFO] PluginManager:220 - loadIPPluginJar : add i2c
2023-05-28 21:16:30,068 [INFO] IPUIPlugin:80 - create IPUIPlugin
2023-05-28 21:16:30,068 [INFO] PluginManager:220 - loadIPPluginJar : add i2s
2023-05-28 21:16:30,071 [INFO] IPUIPlugin:80 - create IPUIPlugin
2023-05-28 21:16:30,071 [INFO] PluginManager:220 - loadIPPluginJar : add i3c
2023-05-28 21:16:30,076 [INFO] IPUIPlugin:80 - create IPUIPlugin
2023-05-28 21:16:30,076 [INFO] PluginManager:220 - loadIPPluginJar : add ipddr
2023-05-28 21:16:30,083 [INFO] IPUIPlugin:80 - create IPUIPlugin
2023-05-28 21:16:30,083 [INFO] PluginManager:220 - loadIPPluginJar : add linkedlist
2023-05-28 21:16:30,086 [INFO] IPUIPlugin:80 - create IPUIPlugin
2023-05-28 21:16:30,086 [INFO] PluginManager:220 - loadIPPluginJar : add lorawan
2023-05-28 21:16:30,087 [INFO] IPUIPlugin:80 - create IPUIPlugin
2023-05-28 21:16:30,088 [INFO] PluginManager:220 - loadIPPluginJar : add ltdc
2023-05-28 21:16:30,093 [INFO] IPUIPlugin:80 - create IPUIPlugin
2023-05-28 21:16:30,093 [INFO] PluginManager:220 - loadIPPluginJar : add mdma
2023-05-28 21:16:30,097 [INFO] IPUIPlugin:80 - create IPUIPlugin
2023-05-28 21:16:30,097 [INFO] PluginManager:220 - loadIPPluginJar : add nvic
2023-05-28 21:16:30,100 [INFO] IPUIPlugin:80 - create IPUIPlugin
2023-05-28 21:16:30,100 [INFO] PluginManager:220 - loadIPPluginJar : add opamp
2023-05-28 21:16:30,103 [INFO] IPUIPlugin:80 - create IPUIPlugin
2023-05-28 21:16:30,104 [INFO] PluginManager:220 - loadIPPluginJar : add openamp
2023-05-28 21:16:30,110 [INFO] IPUIPlugin:80 - create IPUIPlugin
2023-05-28 21:16:30,110 [INFO] PluginManager:220 - loadIPPluginJar : add pdm2pcm
2023-05-28 21:16:30,119 [INFO] IPUIPlugin:80 - create IPUIPlugin
2023-05-28 21:16:30,124 [INFO] PluginManager:220 - loadIPPluginJar : add plateformsettings
2023-05-28 21:16:30,127 [INFO] IPUIPlugin:80 - create IPUIPlugin
2023-05-28 21:16:30,127 [INFO] PluginManager:220 - loadIPPluginJar : add quadspi
2023-05-28 21:16:30,132 [INFO] IPUIPlugin:80 - create IPUIPlugin
2023-05-28 21:16:30,132 [INFO] PluginManager:220 - loadIPPluginJar : add resmgrutility
2023-05-28 21:16:30,136 [INFO] IPUIPlugin:80 - create IPUIPlugin
2023-05-28 21:16:30,136 [INFO] PluginManager:220 - loadIPPluginJar : add sai
2023-05-28 21:16:30,140 [INFO] IPUIPlugin:80 - create IPUIPlugin
2023-05-28 21:16:30,140 [INFO] PluginManager:220 - loadIPPluginJar : add spi
2023-05-28 21:16:30,146 [INFO] IPUIPlugin:80 - create IPUIPlugin
2023-05-28 21:16:30,146 [INFO] PluginManager:220 - loadIPPluginJar : add stm32_wpan
2023-05-28 21:16:30,149 [INFO] IPUIPlugin:80 - create IPUIPlugin
2023-05-28 21:16:30,149 [INFO] PluginManager:220 - loadIPPluginJar : add tim
2023-05-28 21:16:30,153 [INFO] IPUIPlugin:80 - create IPUIPlugin
2023-05-28 21:16:30,153 [INFO] PluginManager:220 - loadIPPluginJar : add touchsensing
2023-05-28 21:16:30,155 [INFO] IPUIPlugin:80 - create IPUIPlugin
2023-05-28 21:16:30,155 [INFO] PluginManager:220 - loadIPPluginJar : add tracer_emb
2023-05-28 21:16:30,157 [INFO] IPUIPlugin:80 - create IPUIPlugin
2023-05-28 21:16:30,157 [INFO] PluginManager:220 - loadIPPluginJar : add ts
2023-05-28 21:16:30,159 [INFO] IPUIPlugin:80 - create IPUIPlugin
2023-05-28 21:16:30,159 [INFO] PluginManager:220 - loadIPPluginJar : add tsc
2023-05-28 21:16:30,161 [INFO] IPUIPlugin:80 - create IPUIPlugin
2023-05-28 21:16:30,161 [INFO] PluginManager:220 - loadIPPluginJar : add ucpd
2023-05-28 21:16:30,163 [INFO] IPUIPlugin:80 - create IPUIPlugin
2023-05-28 21:16:30,163 [INFO] PluginManager:220 - loadIPPluginJar : add usart
2023-05-28 21:16:30,166 [INFO] IPUIPlugin:80 - create IPUIPlugin
2023-05-28 21:16:30,166 [INFO] PluginManager:220 - loadIPPluginJar : add usbx
2023-05-28 21:16:30,309 [INFO] CADModel:165 - CPN selected for project level
2023-05-28 21:16:30,309 [INFO] CADModel:114 - Register for checkConnection events
2023-05-28 21:16:30,309 [FATAL] Updater:308 - Updater called before beeing initialized
2023-05-28 21:16:30,309 [ERROR] CADModel:125 - Updater not yet initialized, retry later 
2023-05-28 21:16:30,445 [INFO] CADModel:165 - CPN selected for project level
2023-05-28 21:16:30,445 [INFO] CADModel:114 - Register for checkConnection events
2023-05-28 21:16:30,445 [FATAL] Updater:308 - Updater called before beeing initialized
2023-05-28 21:16:30,446 [ERROR] CADModel:125 - Updater not yet initialized, retry later 
2023-05-28 21:16:30,450 [FATAL] Updater:308 - Updater called before beeing initialized
2023-05-28 21:16:30,612 [FATAL] Updater:308 - Updater called before beeing initialized
2023-05-28 21:16:30,622 [INFO] DbMcusAds:53 - JSON generation date=Tue Mar 07 09:50:54 CET 2023 (1678179054945)
2023-05-28 21:16:30,622 [FATAL] Updater:308 - Updater called before beeing initialized
2023-05-28 21:16:30,653 [WARN] DetailPanel:346 - Failed to get advertising image, set to default
2023-05-28 21:16:30,752 [FATAL] Updater:308 - Updater called before beeing initialized
2023-05-28 21:16:30,753 [FATAL] Updater:308 - Updater called before beeing initialized
2023-05-28 21:16:30,753 [FATAL] Updater:308 - Updater called before beeing initialized
2023-05-28 21:16:30,753 [WARN] DetailPanel:346 - Failed to get advertising image, set to default
2023-05-28 21:16:30,754 [FATAL] Updater:308 - Updater called before beeing initialized
2023-05-28 21:16:30,804 [ERROR] Updater:1120 - MainUpdater not yet initialized. External WinMGr cannot be set.
2023-05-28 21:16:30,806 [INFO] Updater:1056 - Updater Version found : 6.8.0
2023-05-28 21:16:30,824 [INFO] ApplicationProperties:184 - Using Application install path: C:\ST\STM32CubeIDE_1.12.0\STM32CubeIDE\plugins\com.st.stm32cube.common.mx_6.8.0.202302231600
2023-05-28 21:16:30,944 [INFO] MainUpdater:2854 - connection check result : 10
2023-05-28 21:16:30,945 [INFO] MainUpdater:283 - Updater Check For Update Now.
2023-05-28 21:16:30,945 [INFO] MicroXplorer:498 - Change Database Version : DB.6.0.80
2023-05-28 21:16:31,117 [INFO] CheckServerUpdateThread:120 - End of CheckServer Thread
2023-05-28 21:16:31,161 [INFO] MainUpdater:2854 - connection check result : 10
2023-05-28 21:16:31,230 [INFO] MainUpdater:2854 - connection check result : 10
2023-05-28 21:16:31,494 [INFO] ApiDb:581 - Connected to CubeFinder SQLite database (C:\Users\amine\.stmcufinder\plugins\mcufinder\mcu\cube-finder-db.db)
2023-05-28 21:16:31,546 [INFO] ApiDb:668 - CubeFinder database Data Model version=2.1
2023-05-28 21:16:31,546 [INFO] ApiDb:669 - CubeFinder database Configuration version=3.0.35
2023-05-28 21:16:31,546 [INFO] ApiDb:670 - CubeFinder database generation date=2023-05-12 (1683877179)
2023-05-28 21:16:31,547 [INFO] ApiDb:671 - CubeFinder database FW Pack versions=[FP-ATR-ASTRA1_V2.0.0, FP-SNS-FLIGHT1_V5.0.0, FP-SNS-MOTENV1_V4.3.0, STM32Cube_FW_C0_V1.0.1, STM32Cube_FW_F0_V1.11.4, STM32Cube_FW_F3_V1.11.4, STM32Cube_FW_F4_V1.27.1, STM32Cube_FW_F7_V1.17.0, STM32Cube_FW_G0_V1.6.1, STM32Cube_FW_G4_V1.5.1, STM32Cube_FW_H5_V0.5.1, STM32Cube_FW_H5_V1.0.0, STM32Cube_FW_H7_V1.11.0, STM32Cube_FW_L0_V1.12.2, STM32Cube_FW_L5_V1.5.0, STM32Cube_FW_U5_V1.2.0, STM32Cube_FW_WBA_V1.0.0, STM32Cube_FW_WBA_V1.0.0RC1, STM32Cube_FW_WBA_V1.0.0RC3, STM32Cube_FW_WB_V1.15.0RC1, STM32Cube_FW_WB_V1.16.0, STM32Cube_FW_WB_V1.16.0RC2, STM32Cube_FW_WL_V1.3.0, X-CUBE-ALGOBUILD_V1.3.0, X-CUBE-ALS_V1.0.1, X-CUBE-AZRTOS-F4_V1.1.0, X-CUBE-AZRTOS-F7_V1.1.0, X-CUBE-AZRTOS-G0_V1.1.0, X-CUBE-AZRTOS-G4_V2.0.0, X-CUBE-AZRTOS-H7_V3.1.0, X-CUBE-AZRTOS-L4_V1.0.0, X-CUBE-AZRTOS-L5_V1.1.0, X-CUBE-AZRTOS-WB_V1.1.0, X-CUBE-AZRTOS-WL_V1.0.0, X-CUBE-BLE1_V6.2.4, X-CUBE-BLE2_V3.3.0, X-CUBE-BLEMGR_V2.0.0, X-CUBE-EEPRMA1_V4.1.0, X-CUBE-FREERTOS_V1.0.1, X-CUBE-GNSS1_V6.0.0, X-CUBE-MEMS1_V9.1.0, X-CUBE-MEMS1_V9.4.0, X-CUBE-MEMS1_V9.6.0, X-CUBE-NFC4_V3.0.0, X-CUBE-NFC7_V1.0.0, X-CUBE-SFXS2LP1_V4.0.0, X-CUBE-SUBG2_V5.0.0]
2023-05-28 21:16:31,634 [INFO] DbBoardsSqlite:226 - include board P-NUCLEO-WB55-NUCLEO as a kit item of type 'Nucleo-64'
2023-05-28 21:16:31,634 [INFO] DbBoardsSqlite:226 - include board P-NUCLEO-WB55-USBDONGLE as a kit item of type 'Nucleo USB Dongle'
2023-05-28 21:16:31,634 [INFO] DbBoardsSqlite:226 - include board STEVAL-IDP005V1 as a kit item of type 'Evaluation Board'
2023-05-28 21:16:31,635 [INFO] DbBoardsSqlite:226 - include board STEVAL-IDP005V2 as a kit item of type 'Evaluation Board'
2023-05-28 21:16:31,692 [INFO] ApiDb:240 - Found 297 in-development CPN: [B-G473E-ZEST1S, B-WB1M-WPAN1, B-WL5M-SUBG1, NUCLEO-C031C6, NUCLEO-H503RB, NUCLEO-H563ZI, NUCLEO-U545RE-Q, NUCLEO-U5A5ZJ-Q, NUCLEO-WBA52CG, STEVAL-PROTEUS1, STEVAL-STWINBX1, STM320518-EVAL, STM32C0116-DK, STM32C011D6Y3TR, STM32C011D6Y6TR, STM32C011F4P3, STM32C011F4P6, STM32C011F4U3, STM32C011F4U6TR, STM32C011F6P3, STM32C011F6P6, STM32C011F6U3, STM32C011F6U6TR, STM32C011J4M3, STM32C011J4M6, STM32C011J6M3, STM32C011J6M6, STM32C0316-DK, STM32C031C4T3, STM32C031C4T6, STM32C031C4U3, STM32C031C4U6, STM32C031C6T3, STM32C031C6T6, STM32C031C6U3, STM32C031C6U6, STM32C031F4P3, STM32C031F4P6, STM32C031F6P3, STM32C031F6P6, STM32C031G4U3, STM32C031G4U6, STM32C031G6U3, STM32C031G6U6, STM32C031K4T3, STM32C031K4T6, STM32C031K4U3, STM32C031K4U6, STM32C031K6T3, STM32C031K6T6, STM32C031K6U3, STM32C031K6U6, STM32G071K8TXN, STM32G071K8UXN, STM32G081GBU6N, STM32G081KBT6N, STM32G081KBUXN, STM32G0B1CCT6N, STM32G0B1KCT6, STM32G0B1NEY6TR, STM32G0B1RCT6N, STM32G0C1CCT6, STM32G0C1CCT6N, STM32G0C1CCU6N, STM32G0C1CET6N, STM32G0C1CEU6N, STM32G0C1KCT6, STM32G0C1NEY6TR, STM32G0C1RCI6N, STM32G0C1RCT6N, STM32G0C1REI6N, STM32G0C1RET6N, STM32G0C1VCI6, STM32G0C1VEI6, STM32G471CCT6, STM32G471CCU6, STM32G471CET3, STM32G471CET6, STM32G471CEU3, STM32G471CEU6, STM32G471MCT6, STM32G471MET3, STM32G471MET6, STM32G471MEY6TR, STM32G471QCT6, STM32G471QET3, STM32G471RCT6, STM32G471RET3, STM32G471RET6, STM32G471VCH6, STM32G471VCI6, STM32G471VCT6, STM32G471VEH3, STM32G471VEH6, STM32G471VEI3, STM32G471VEI6, STM32G471VET3, STM32G471VET6, STM32G474CCT6, STM32H503CBT6, STM32H503CBU6, STM32H503EBY6TR, STM32H503KBU6, STM32H503RBT6, STM32H562AGI6, STM32H562AII6, STM32H562IGK6, STM32H562IGT6, STM32H562IIK6, STM32H562IIT6, STM32H562RGT6, STM32H562RGV6, STM32H562RIT6, STM32H562RIV6, STM32H562VGT6, STM32H562VIT6, STM32H562ZGT6, STM32H562ZIT6, STM32H563AGI6, STM32H563AII3Q, STM32H563AII6, STM32H563IGK6, STM32H563IGT6, STM32H563IIK3Q, STM32H563IIK6, STM32H563IIT3Q, STM32H563IIT6, STM32H563MIY3QTR, STM32H563RGT6, STM32H563RGV6, STM32H563RIT6, STM32H563RIV6, STM32H563VGT6, STM32H563VIT3Q, STM32H563VIT6, STM32H563ZGT6, STM32H563ZIT3Q, STM32H563ZIT6, STM32H573AII3Q, STM32H573AII6, STM32H573I-DK, STM32H573IIK3Q, STM32H573IIK6, STM32H573IIT3Q, STM32H573IIT6, STM32H573MIY3QTR, STM32H573RIT6, STM32H573RIV6, STM32H573VIT3Q, STM32H573VIT6, STM32H573ZIT3Q, STM32H573ZIT6, STM32L4R5QGI6STR, STM32MP131AAE3, STM32MP131AAF3, STM32MP131AAG3, STM32MP131CAE3, STM32MP131CAF3, STM32MP131CAG3, STM32MP131DAE7, STM32MP131DAF7, STM32MP131DAG7, STM32MP131FAE7, STM32MP131FAF7, STM32MP131FAG7, STM32MP133AAE3, STM32MP133AAF3, STM32MP133AAG3, STM32MP133CAE3, STM32MP133CAF3, STM32MP133CAG3, STM32MP133DAE7, STM32MP133DAF7, STM32MP133DAG7, STM32MP133FAE7, STM32MP133FAF7, STM32MP133FAG7, STM32MP135AAE3, STM32MP135AAF3, STM32MP135AAG3, STM32MP135CAE3, STM32MP135CAF3, STM32MP135CAG3, STM32MP135DAE7, STM32MP135DAF7, STM32MP135DAG7, STM32MP135F-DK, STM32MP135FAE7, STM32MP135FAF7, STM32MP135FAF7T, STM32MP135FAF7U, STM32MP135FAG7, STM32U535CBT6, STM32U535CBT6Q, STM32U535CBU6, STM32U535CBU6Q, STM32U535CCT6, STM32U535CCT6Q, STM32U535CCU6, STM32U535CCU6Q, STM32U535CET6, STM32U535CET6Q, STM32U535CEU6, STM32U535CEU6Q, STM32U535JEY6QTR, STM32U535NCY6QTR, STM32U535NEY6QTR, STM32U535RBI6, STM32U535RBI6Q, STM32U535RBT6, STM32U535RBT6Q, STM32U535RCI6, STM32U535RCI6Q, STM32U535RCT6, STM32U535RCT6Q, STM32U535REI6, STM32U535REI6Q, STM32U535RET6, STM32U535RET6Q, STM32U535VCI6, STM32U535VCI6Q, STM32U535VCT6, STM32U535VCT6Q, STM32U535VEI6, STM32U535VEI6Q, STM32U535VET6, STM32U535VET6Q, STM32U545CET6, STM32U545CET6Q, STM32U545CEU6, STM32U545CEU6Q, STM32U545JEY6QTR, STM32U545NEY6QTR, STM32U545REI6, STM32U545REI6Q, STM32U545RET6, STM32U545RET6Q, STM32U545VEI6, STM32U545VEI6Q, STM32U545VET6, STM32U545VET6Q, STM32U595AIH6, STM32U595AIH6Q, STM32U595AJH6, STM32U595AJH6Q, STM32U595QII6, STM32U595QII6Q, STM32U595QJI6, STM32U595QJI6Q, STM32U595RIT6, STM32U595RIT6Q, STM32U595RJT6, STM32U595RJT6Q, STM32U595VIT6, STM32U595VIT6Q, STM32U595VJT6, STM32U595VJT6Q, STM32U595ZIT6, STM32U595ZIT6Q, STM32U595ZIY6QTR, STM32U595ZJT6, STM32U595ZJT6Q, STM32U595ZJY6QTR, STM32U599BJY6QTR, STM32U599NIH6Q, STM32U599NJH6Q, STM32U599VIT6Q, STM32U599VJT6, STM32U599VJT6Q, STM32U599ZIT6Q, STM32U599ZIY6QTR, STM32U599ZJT6Q, STM32U599ZJY6QTR, STM32U5A5AJH6, STM32U5A5AJH6Q, STM32U5A5QJI6, STM32U5A5QJI6Q, STM32U5A5RJT6, STM32U5A5RJT6Q, STM32U5A5VJT6, STM32U5A5VJT6Q, STM32U5A5ZJT6, STM32U5A5ZJT6Q, STM32U5A5ZJY6QTR, STM32U5A9BJY6QTR, STM32U5A9J-DK, STM32U5A9NJH6Q, STM32U5A9VJT6Q, STM32U5A9ZJT6Q, STM32U5A9ZJY6QTR, STM32WB1MMCH6, STM32WBA52CEU6, STM32WBA52CEU6T, STM32WBA52CGU6, STM32WBA52CGU6T, STM32WL5MOCH6, STM32WL5MOCH6TR]
2023-05-28 21:16:31,870 [INFO] BoardInfo:880 - No configuration file found for board P-NUCLEO-WB55
2023-05-28 21:16:31,870 [INFO] DbBoards:157 - Kit is not supported: P-NUCLEO-WB55
2023-05-28 21:16:31,876 [INFO] BoardInfo:880 - No configuration file found for board STEVAL-BFA001V1B
2023-05-28 21:16:31,877 [INFO] DbBoards:157 - Kit is not supported: STEVAL-BFA001V1B
2023-05-28 21:16:31,878 [INFO] BoardInfo:880 - No configuration file found for board STEVAL-BFA001V2B
2023-05-28 21:16:31,879 [INFO] DbBoards:157 - Kit is not supported: STEVAL-BFA001V2B
2023-05-28 21:16:32,044 [INFO] DbBoards:161 - Found 187 boards, 184 are supported
2023-05-28 21:16:32,048 [INFO] ApiDb:668 - CubeFinder database Data Model version=2.1
2023-05-28 21:16:32,048 [INFO] ApiDb:669 - CubeFinder database Configuration version=3.0.35
2023-05-28 21:16:32,048 [INFO] ApiDb:670 - CubeFinder database generation date=2023-05-12 (1683877179)
2023-05-28 21:16:32,048 [INFO] ApiDb:671 - CubeFinder database FW Pack versions=[FP-ATR-ASTRA1_V2.0.0, FP-SNS-FLIGHT1_V5.0.0, FP-SNS-MOTENV1_V4.3.0, STM32Cube_FW_C0_V1.0.1, STM32Cube_FW_F0_V1.11.4, STM32Cube_FW_F3_V1.11.4, STM32Cube_FW_F4_V1.27.1, STM32Cube_FW_F7_V1.17.0, STM32Cube_FW_G0_V1.6.1, STM32Cube_FW_G4_V1.5.1, STM32Cube_FW_H5_V0.5.1, STM32Cube_FW_H5_V1.0.0, STM32Cube_FW_H7_V1.11.0, STM32Cube_FW_L0_V1.12.2, STM32Cube_FW_L5_V1.5.0, STM32Cube_FW_U5_V1.2.0, STM32Cube_FW_WBA_V1.0.0, STM32Cube_FW_WBA_V1.0.0RC1, STM32Cube_FW_WBA_V1.0.0RC3, STM32Cube_FW_WB_V1.15.0RC1, STM32Cube_FW_WB_V1.16.0, STM32Cube_FW_WB_V1.16.0RC2, STM32Cube_FW_WL_V1.3.0, X-CUBE-ALGOBUILD_V1.3.0, X-CUBE-ALS_V1.0.1, X-CUBE-AZRTOS-F4_V1.1.0, X-CUBE-AZRTOS-F7_V1.1.0, X-CUBE-AZRTOS-G0_V1.1.0, X-CUBE-AZRTOS-G4_V2.0.0, X-CUBE-AZRTOS-H7_V3.1.0, X-CUBE-AZRTOS-L4_V1.0.0, X-CUBE-AZRTOS-L5_V1.1.0, X-CUBE-AZRTOS-WB_V1.1.0, X-CUBE-AZRTOS-WL_V1.0.0, X-CUBE-BLE1_V6.2.4, X-CUBE-BLE2_V3.3.0, X-CUBE-BLEMGR_V2.0.0, X-CUBE-EEPRMA1_V4.1.0, X-CUBE-FREERTOS_V1.0.1, X-CUBE-GNSS1_V6.0.0, X-CUBE-MEMS1_V9.1.0, X-CUBE-MEMS1_V9.4.0, X-CUBE-MEMS1_V9.6.0, X-CUBE-NFC4_V3.0.0, X-CUBE-NFC7_V1.0.0, X-CUBE-SFXS2LP1_V4.0.0, X-CUBE-SUBG2_V5.0.0]
2023-05-28 21:16:32,688 [WARN] PackLoader:240 - Cannot read IP mode file for STMicroelectronics.X-CUBE-GNSS1.6.0.0
2023-05-28 21:16:32,743 [WARN] PackLoader:240 - Cannot read IP mode file for STMicroelectronics.X-CUBE-AZRTOS-F4.1.1.0
2023-05-28 21:16:32,763 [WARN] PackLoader:240 - Cannot read IP mode file for STMicroelectronics.X-CUBE-SMBUS.2.1.0
2023-05-28 21:16:32,770 [WARN] PackLoader:240 - Cannot read IP mode file for wolfSSL.I-CUBE-wolfSSL.5.6.0
2023-05-28 21:16:32,813 [WARN] PackLoader:240 - Cannot read IP mode file for STMicroelectronics.X-CUBE-AZRTOS-F7.1.1.0
2023-05-28 21:16:32,930 [WARN] PackLoader:240 - Cannot read IP mode file for STMicroelectronics.X-CUBE-MEMS1.9.6.0
2023-05-28 21:16:33,208 [ERROR] RealEvaluatedCondition:428 - Found unsupported composite condition: CLASS='Data Exchange' GROUP='STM32_MetaDataManager'
2023-05-28 21:16:33,208 [ERROR] RealEvaluatedCondition:428 - Found unsupported composite condition: CLASS='Data Exchange' GROUP='STM32_MetaDataManager'
2023-05-28 21:16:33,210 [WARN] PackLoader:240 - Cannot read IP mode file for STMicroelectronics.FP-SNS-MOTENV1.4.3.0
2023-05-28 21:16:33,217 [WARN] PackLoader:240 - Cannot read IP mode file for STMicroelectronics.FP-SNS-FLIGHT1.5.0.0
2023-05-28 21:16:33,222 [ERROR] RealEvaluatedCondition:428 - Found unsupported composite condition: CLASS='Data Exchange' GROUP='STM32_MetaDataManager'
2023-05-28 21:16:33,222 [ERROR] RealEvaluatedCondition:428 - Found unsupported composite condition: CLASS='Data Exchange' GROUP='STM32_MetaDataManager'
2023-05-28 21:16:33,223 [WARN] PackLoader:240 - Cannot read IP mode file for STMicroelectronics.FP-SNS-MOTENV1.4.3.1
2023-05-28 21:16:33,230 [WARN] PackLoader:240 - Cannot read IP mode file for STMicroelectronics.FP-SNS-FLIGHT1.5.0.1
2023-05-28 21:16:33,238 [WARN] PackLoader:240 - Cannot read IP mode file for STMicroelectronics.X-CUBE-BLE1.6.2.4
2023-05-28 21:16:33,249 [WARN] PackLoader:240 - Cannot read IP mode file for emotas.I-CUBE-CANOPEN.1.1.3
2023-05-28 21:16:33,263 [WARN] PackLoader:240 - Cannot read IP mode file for STMicroelectronics.X-CUBE-BLEMGR.2.0.0
2023-05-28 21:16:33,292 [WARN] ConditionMgr:438 - getConditionDescription Invalid condition id : UX DEVICE CLASS RTOS Condition cause : null
2023-05-28 21:16:33,293 [WARN] ConditionMgr:438 - getConditionDescription Invalid condition id : UX DEVICE CLASS RTOS Condition cause : null
2023-05-28 21:16:33,301 [WARN] PackLoader:240 - Cannot read IP mode file for STMicroelectronics.X-CUBE-AZRTOS-H7.3.1.0
2023-05-28 21:16:33,302 [WARN] ConditionMgr:1039 - genDependencies : Invalid condition id : UX DEVICE CLASS RTOS Condition cause : null
2023-05-28 21:16:33,303 [WARN] ConditionMgr:1039 - genDependencies : Invalid condition id : UX DEVICE CLASS RTOS Condition cause : null
2023-05-28 21:16:33,304 [WARN] ConditionMgr:1039 - genDependencies : Invalid condition id : UX DEVICE CLASS RTOS Condition cause : null
2023-05-28 21:16:33,305 [WARN] ConditionMgr:1039 - genDependencies : Invalid condition id : UX DEVICE CLASS RTOS Condition cause : null
2023-05-28 21:16:33,305 [WARN] ConditionMgr:1039 - genDependencies : Invalid condition id : UX DEVICE CLASS RTOS Condition cause : null
2023-05-28 21:16:33,318 [WARN] PackLoader:240 - Cannot read IP mode file for STMicroelectronics.X-CUBE-DISPLAY.3.0.0
2023-05-28 21:16:33,331 [WARN] PackLoader:240 - Cannot read IP mode file for STMicroelectronics.X-CUBE-NFC7.1.0.0
2023-05-28 21:16:33,340 [WARN] PackLoader:240 - Cannot read IP mode file for STMicroelectronics.X-CUBE-EEPRMA1.4.1.0
2023-05-28 21:16:33,365 [WARN] ConditionMgr:438 - getConditionDescription Invalid condition id : LAN8742 Phy interface Condition cause : null
2023-05-28 21:16:33,366 [WARN] PackLoader:240 - Cannot read IP mode file for STMicroelectronics.X-CUBE-AZRTOS-L4.2.0.0
2023-05-28 21:16:33,367 [WARN] ConditionMgr:1039 - genDependencies : Invalid condition id : LAN8742 Phy interface Condition cause : null
2023-05-28 21:16:33,368 [WARN] ConditionMgr:1039 - genDependencies : Invalid condition id : LAN8742 Phy interface Condition cause : null
2023-05-28 21:16:33,369 [WARN] ConditionMgr:1039 - genDependencies : Invalid condition id : LAN8742 Phy interface Condition cause : null
2023-05-28 21:16:33,379 [WARN] PackLoader:240 - Cannot read IP mode file for WES.I-CUBE-Cesium.1.3.0
2023-05-28 21:16:33,387 [WARN] PackLoader:240 - Cannot read IP mode file for STMicroelectronics.X-CUBE-SFXS2LP1.4.0.0
2023-05-28 21:16:33,394 [WARN] PackLoader:240 - Cannot read IP mode file for STMicroelectronics.X-CUBE-BLE2.3.3.0
2023-05-28 21:16:33,431 [WARN] PackLoader:240 - Cannot read IP mode file for STMicroelectronics.X-CUBE-AZRTOS-H7.3.0.0
2023-05-28 21:16:33,444 [WARN] PackLoader:240 - Cannot read IP mode file for STMicroelectronics.X-CUBE-ISPU.1.1.0
2023-05-28 21:16:33,456 [WARN] PackLoader:240 - Cannot read IP mode file for RoweBots.I-CUBE-UNISONRTOS.5.5.0-4
2023-05-28 21:16:33,462 [WARN] PackLoader:240 - Cannot read IP mode file for STMicroelectronics.X-CUBE-AI.8.0.0
2023-05-28 21:16:33,469 [WARN] PackLoader:240 - Cannot read IP mode file for STMicroelectronics.X-CUBE-FREERTOS.1.0.0
2023-05-28 21:16:33,474 [WARN] PackLoader:240 - Cannot read IP mode file for STMicroelectronics.X-CUBE-FREERTOS.1.0.1
2023-05-28 21:16:33,480 [WARN] PackLoader:240 - Cannot read IP mode file for STMicroelectronics.X-CUBE-TOUCHGFX.4.21.3
2023-05-28 21:16:33,483 [WARN] PackLoader:240 - Cannot read IP mode file for STMicroelectronics.X-CUBE-TOUCHGFX.4.21.4
2023-05-28 21:16:33,489 [WARN] PackLoader:240 - Cannot read IP mode file for STMicroelectronics.X-CUBE-ALGOBUILD.1.3.0
2023-05-28 21:16:33,509 [WARN] PackLoader:240 - Cannot read IP mode file for STMicroelectronics.X-CUBE-AZRTOS-L5.1.1.0
2023-05-28 21:16:33,534 [WARN] PackLoader:240 - Cannot read IP mode file for STMicroelectronics.X-CUBE-AZRTOS-G0.1.1.0
2023-05-28 21:16:33,542 [WARN] PackLoader:240 - Cannot read IP mode file for STMicroelectronics.X-CUBE-AI.8.0.1
2023-05-28 21:16:33,555 [WARN] PackLoader:240 - Cannot read IP mode file for STMicroelectronics.X-CUBE-SUBG2.5.0.0
2023-05-28 21:16:33,568 [WARN] PackLoader:240 - Cannot read IP mode file for STMicroelectronics.X-CUBE-NFC4.3.0.0
2023-05-28 21:16:33,589 [WARN] PackLoader:240 - Cannot read IP mode file for STMicroelectronics.X-CUBE-AZRTOS-G4.2.0.0
2023-05-28 21:16:33,605 [WARN] PackLoader:240 - Cannot read IP mode file for STMicroelectronics.X-CUBE-TOF1.3.3.0
2023-05-28 21:16:33,617 [WARN] PackLoader:240 - Cannot read IP mode file for STMicroelectronics.FP-ATR-ASTRA1.1.1.1
2023-05-28 21:16:33,630 [WARN] PackLoader:240 - Cannot read IP mode file for STMicroelectronics.X-CUBE-AZRTOS-G4.1.0.0
2023-05-28 21:16:33,637 [WARN] PackLoader:240 - Cannot read IP mode file for STMicroelectronics.FP-ATR-SIGFOX1.3.2.0
2023-05-28 21:16:33,655 [WARN] PackLoader:240 - Cannot read IP mode file for STMicroelectronics.X-CUBE-AZRTOS-L4.1.0.0
2023-05-28 21:16:33,670 [WARN] PackLoader:240 - Cannot read IP mode file for STMicroelectronics.X-CUBE-AZRTOS-WL.1.0.0
2023-05-28 21:16:33,677 [WARN] PackLoader:240 - Cannot read IP mode file for portGmbH.I-Cube-SoM-uGOAL.1.1.0
2023-05-28 21:16:33,682 [WARN] PackLoader:240 - Cannot read IP mode file for STMicroelectronics.X-CUBE-ALS.1.0.1
2023-05-28 21:16:33,741 [WARN] PackLoader:240 - Cannot read IP mode file for STMicroelectronics.X-CUBE-MEMS1.9.5.0
2023-05-28 21:16:33,963 [WARN] PackLoader:240 - Cannot read IP mode file for STMicroelectronics.X-CUBE-AZRTOS-WB.1.1.0
2023-05-28 21:16:34,005 [WARN] PackLoader:240 - Cannot read IP mode file for SEGGER.I-CUBE-embOS.1.3.1
2023-05-28 21:16:34,049 [WARN] PackLoader:240 - Cannot read IP mode file for STMicroelectronics.FP-ATR-ASTRA1.2.0.0
2023-05-28 21:16:34,050 [INFO] ThirdParty:978 - Integrity check success = true
2023-05-28 21:16:34,050 [INFO] IntegrityCheckThread:100 - exiting critical section [integrity check]
2023-05-28 21:16:34,050 [INFO] IntegrityCheckThread:103 - End integrity checks thread
2023-05-28 21:16:34,822 [INFO] ApiDb:240 - Found 297 in-development CPN: [B-G473E-ZEST1S, B-WB1M-WPAN1, B-WL5M-SUBG1, NUCLEO-C031C6, NUCLEO-H503RB, NUCLEO-H563ZI, NUCLEO-U545RE-Q, NUCLEO-U5A5ZJ-Q, NUCLEO-WBA52CG, STEVAL-PROTEUS1, STEVAL-STWINBX1, STM320518-EVAL, STM32C0116-DK, STM32C011D6Y3TR, STM32C011D6Y6TR, STM32C011F4P3, STM32C011F4P6, STM32C011F4U3, STM32C011F4U6TR, STM32C011F6P3, STM32C011F6P6, STM32C011F6U3, STM32C011F6U6TR, STM32C011J4M3, STM32C011J4M6, STM32C011J6M3, STM32C011J6M6, STM32C0316-DK, STM32C031C4T3, STM32C031C4T6, STM32C031C4U3, STM32C031C4U6, STM32C031C6T3, STM32C031C6T6, STM32C031C6U3, STM32C031C6U6, STM32C031F4P3, STM32C031F4P6, STM32C031F6P3, STM32C031F6P6, STM32C031G4U3, STM32C031G4U6, STM32C031G6U3, STM32C031G6U6, STM32C031K4T3, STM32C031K4T6, STM32C031K4U3, STM32C031K4U6, STM32C031K6T3, STM32C031K6T6, STM32C031K6U3, STM32C031K6U6, STM32G071K8TXN, STM32G071K8UXN, STM32G081GBU6N, STM32G081KBT6N, STM32G081KBUXN, STM32G0B1CCT6N, STM32G0B1KCT6, STM32G0B1NEY6TR, STM32G0B1RCT6N, STM32G0C1CCT6, STM32G0C1CCT6N, STM32G0C1CCU6N, STM32G0C1CET6N, STM32G0C1CEU6N, STM32G0C1KCT6, STM32G0C1NEY6TR, STM32G0C1RCI6N, STM32G0C1RCT6N, STM32G0C1REI6N, STM32G0C1RET6N, STM32G0C1VCI6, STM32G0C1VEI6, STM32G471CCT6, STM32G471CCU6, STM32G471CET3, STM32G471CET6, STM32G471CEU3, STM32G471CEU6, STM32G471MCT6, STM32G471MET3, STM32G471MET6, STM32G471MEY6TR, STM32G471QCT6, STM32G471QET3, STM32G471RCT6, STM32G471RET3, STM32G471RET6, STM32G471VCH6, STM32G471VCI6, STM32G471VCT6, STM32G471VEH3, STM32G471VEH6, STM32G471VEI3, STM32G471VEI6, STM32G471VET3, STM32G471VET6, STM32G474CCT6, STM32H503CBT6, STM32H503CBU6, STM32H503EBY6TR, STM32H503KBU6, STM32H503RBT6, STM32H562AGI6, STM32H562AII6, STM32H562IGK6, STM32H562IGT6, STM32H562IIK6, STM32H562IIT6, STM32H562RGT6, STM32H562RGV6, STM32H562RIT6, STM32H562RIV6, STM32H562VGT6, STM32H562VIT6, STM32H562ZGT6, STM32H562ZIT6, STM32H563AGI6, STM32H563AII3Q, STM32H563AII6, STM32H563IGK6, STM32H563IGT6, STM32H563IIK3Q, STM32H563IIK6, STM32H563IIT3Q, STM32H563IIT6, STM32H563MIY3QTR, STM32H563RGT6, STM32H563RGV6, STM32H563RIT6, STM32H563RIV6, STM32H563VGT6, STM32H563VIT3Q, STM32H563VIT6, STM32H563ZGT6, STM32H563ZIT3Q, STM32H563ZIT6, STM32H573AII3Q, STM32H573AII6, STM32H573I-DK, STM32H573IIK3Q, STM32H573IIK6, STM32H573IIT3Q, STM32H573IIT6, STM32H573MIY3QTR, STM32H573RIT6, STM32H573RIV6, STM32H573VIT3Q, STM32H573VIT6, STM32H573ZIT3Q, STM32H573ZIT6, STM32L4R5QGI6STR, STM32MP131AAE3, STM32MP131AAF3, STM32MP131AAG3, STM32MP131CAE3, STM32MP131CAF3, STM32MP131CAG3, STM32MP131DAE7, STM32MP131DAF7, STM32MP131DAG7, STM32MP131FAE7, STM32MP131FAF7, STM32MP131FAG7, STM32MP133AAE3, STM32MP133AAF3, STM32MP133AAG3, STM32MP133CAE3, STM32MP133CAF3, STM32MP133CAG3, STM32MP133DAE7, STM32MP133DAF7, STM32MP133DAG7, STM32MP133FAE7, STM32MP133FAF7, STM32MP133FAG7, STM32MP135AAE3, STM32MP135AAF3, STM32MP135AAG3, STM32MP135CAE3, STM32MP135CAF3, STM32MP135CAG3, STM32MP135DAE7, STM32MP135DAF7, STM32MP135DAG7, STM32MP135F-DK, STM32MP135FAE7, STM32MP135FAF7, STM32MP135FAF7T, STM32MP135FAF7U, STM32MP135FAG7, STM32U535CBT6, STM32U535CBT6Q, STM32U535CBU6, STM32U535CBU6Q, STM32U535CCT6, STM32U535CCT6Q, STM32U535CCU6, STM32U535CCU6Q, STM32U535CET6, STM32U535CET6Q, STM32U535CEU6, STM32U535CEU6Q, STM32U535JEY6QTR, STM32U535NCY6QTR, STM32U535NEY6QTR, STM32U535RBI6, STM32U535RBI6Q, STM32U535RBT6, STM32U535RBT6Q, STM32U535RCI6, STM32U535RCI6Q, STM32U535RCT6, STM32U535RCT6Q, STM32U535REI6, STM32U535REI6Q, STM32U535RET6, STM32U535RET6Q, STM32U535VCI6, STM32U535VCI6Q, STM32U535VCT6, STM32U535VCT6Q, STM32U535VEI6, STM32U535VEI6Q, STM32U535VET6, STM32U535VET6Q, STM32U545CET6, STM32U545CET6Q, STM32U545CEU6, STM32U545CEU6Q, STM32U545JEY6QTR, STM32U545NEY6QTR, STM32U545REI6, STM32U545REI6Q, STM32U545RET6, STM32U545RET6Q, STM32U545VEI6, STM32U545VEI6Q, STM32U545VET6, STM32U545VET6Q, STM32U595AIH6, STM32U595AIH6Q, STM32U595AJH6, STM32U595AJH6Q, STM32U595QII6, STM32U595QII6Q, STM32U595QJI6, STM32U595QJI6Q, STM32U595RIT6, STM32U595RIT6Q, STM32U595RJT6, STM32U595RJT6Q, STM32U595VIT6, STM32U595VIT6Q, STM32U595VJT6, STM32U595VJT6Q, STM32U595ZIT6, STM32U595ZIT6Q, STM32U595ZIY6QTR, STM32U595ZJT6, STM32U595ZJT6Q, STM32U595ZJY6QTR, STM32U599BJY6QTR, STM32U599NIH6Q, STM32U599NJH6Q, STM32U599VIT6Q, STM32U599VJT6, STM32U599VJT6Q, STM32U599ZIT6Q, STM32U599ZIY6QTR, STM32U599ZJT6Q, STM32U599ZJY6QTR, STM32U5A5AJH6, STM32U5A5AJH6Q, STM32U5A5QJI6, STM32U5A5QJI6Q, STM32U5A5RJT6, STM32U5A5RJT6Q, STM32U5A5VJT6, STM32U5A5VJT6Q, STM32U5A5ZJT6, STM32U5A5ZJT6Q, STM32U5A5ZJY6QTR, STM32U5A9BJY6QTR, STM32U5A9J-DK, STM32U5A9NJH6Q, STM32U5A9VJT6Q, STM32U5A9ZJT6Q, STM32U5A9ZJY6QTR, STM32WB1MMCH6, STM32WBA52CEU6, STM32WBA52CEU6T, STM32WBA52CGU6, STM32WBA52CGU6T, STM32WL5MOCH6, STM32WL5MOCH6TR]
2023-05-28 21:16:34,827 [INFO] DbMcus:216 - Found 3775 MCUs, 3775 are supported
2023-05-28 21:16:34,829 [INFO] ApiDb:423 - Load user favorites file C:\Users\amine/.stm32cubeide/favorites.mcus.txt: 0 item(s)
2023-05-28 21:16:34,830 [INFO] ApiDb:427 - User favorites MCUs=[]
2023-05-28 21:16:34,830 [INFO] DbMcus:222 - Set 0 / 0 favorites MCUs
2023-05-28 21:16:35,066 [INFO] ApiDb:423 - Load user favorites file C:\Users\amine/.stm32cubeide/favorites.boards.txt: 0 item(s)
2023-05-28 21:16:35,066 [INFO] ApiDb:427 - User favorites Boards=[]
2023-05-28 21:16:35,067 [INFO] DbBoards:190 - Set 0 / 0 favorites Boards
2023-05-28 21:16:35,067 [INFO] McuFinderGlobals:66 - Set McuFinderConnectedMode to true
2023-05-28 21:16:35,074 [INFO] MultiScanPanel:200 - Auto-refresh data requested => check proxy status ongoing
2023-05-28 21:16:35,076 [INFO] FinderPluginLoader:95 - Searching for filters in installed packs
2023-05-28 21:16:36,622 [INFO] LoadUrlFilesThread:185 - End of LoadServerUrlFiles without Thread
2023-05-28 21:16:36,655 [INFO] DetailPanel:341 - Set advertising image to C:/Users/amine/STM32Cube/Repository/\en.prom-stm32h5-mcu-finder.jpg
2023-05-28 21:16:37,429 [ERROR] LogOutputStream:75 - [STDERR_REDIRECT] SLF4J: Failed to load class "org.slf4j.impl.StaticLoggerBinder".
2023-05-28 21:16:37,430 [ERROR] LogOutputStream:75 - [STDERR_REDIRECT] SLF4J: Defaulting to no-operation (NOP) logger implementation
2023-05-28 21:16:37,434 [ERROR] LogOutputStream:75 - [STDERR_REDIRECT] SLF4J: See http://www.slf4j.org/codes.html#StaticLoggerBinder for further details.
2023-05-28 21:16:38,651 [INFO] McuFinderGlobals:66 - Set McuFinderConnectedMode to true
2023-05-28 21:16:38,654 [INFO] MultiScanPanel:200 - Auto-refresh data requested => check proxy status ongoing
2023-05-28 21:16:38,655 [INFO] FinderPluginLoader:95 - Searching for filters in installed packs
2023-05-28 21:16:40,006 [INFO] LoadUrlFilesThread:185 - End of LoadServerUrlFiles without Thread
2023-05-28 21:16:40,006 [INFO] DetailPanel:341 - Set advertising image to C:/Users/amine/STM32Cube/Repository/\en.prom-stm32h5-mcu-finder.jpg
2023-05-28 21:17:21,033 [INFO] MainUpdater:2854 - connection check result : 10
2023-05-28 21:17:21,098 [INFO] McuFinderGlobals:66 - Set McuFinderConnectedMode to true
2023-05-28 21:17:21,099 [INFO] MultiScanPanel:200 - Auto-refresh data requested => check proxy status ongoing
2023-05-28 21:17:21,100 [INFO] FinderPluginLoader:95 - Searching for filters in installed packs
2023-05-28 21:17:21,901 [INFO] LoadUrlFilesThread:185 - End of LoadServerUrlFiles without Thread
2023-05-28 21:17:21,901 [INFO] DetailPanel:341 - Set advertising image to C:/Users/amine/STM32Cube/Repository/\en.prom-stm32h5-mcu-finder.jpg
2023-05-28 21:17:51,266 [INFO] MainUpdater:2854 - connection check result : 10
2023-05-28 21:17:51,266 [INFO] MainUpdater:2854 - connection check result : 10
2023-05-28 21:17:51,280 [INFO] MicroXplorer:468 - Change Database Path : 
2023-05-28 21:17:51,280 [INFO] MicroXplorer:498 - Change Database Version : DB.6.0.80
2023-05-28 21:17:51,281 [WARN] ThirdParty:871 - waiting for thirdparty lock release [close project]
2023-05-28 21:17:51,282 [INFO] ThirdParty:873 - entering critical section [close project]
2023-05-28 21:17:51,283 [INFO] ThirdParty:883 - exiting critical section [close project]
2023-05-28 21:17:51,287 [INFO] PinOutPanel:1499 - setPackage(No Configuration,No Configuration)
2023-05-28 21:17:51,293 [INFO] UtilMem:75 - Begin LoadConfig() Used Memory: 615947048 Bytes (710934528)
2023-05-28 21:17:51,295 [INFO] MicroXplorer:468 - Change Database Path : 
2023-05-28 21:17:51,295 [INFO] MicroXplorer:498 - Change Database Version : DB.6.0.80
2023-05-28 21:17:51,296 [INFO] OpenFileManager:308 - Change cursor
2023-05-28 21:17:51,333 [INFO] Mcu:1937 - Initializing MCU STM32L412KBUx STM32L412KBUx STM32L412KBU3
2023-05-28 21:17:52,732 [INFO] Context:659 - Trying to add GPIOservice into a context  which must be forbidden
2023-05-28 21:17:53,678 [INFO] RtosManager:555 - Registered RTOS mode: class=CMSIS, group=RTOS, mode=CMSIS_V1, owner=FREERTOS
2023-05-28 21:17:53,679 [INFO] RtosManager:555 - Registered RTOS mode: class=CMSIS, group=RTOS2, mode=CMSIS_V2, owner=FREERTOS
2023-05-28 21:17:53,679 [INFO] RtosManager:555 - Registered RTOS mode: class=RTOS, group=Core, mode=CMSIS_V1, owner=FREERTOS
2023-05-28 21:17:53,679 [INFO] RtosManager:555 - Registered RTOS mode: class=RTOS, group=Core, mode=CMSIS_V2, owner=FREERTOS
2023-05-28 21:17:53,680 [WARN] ModelIntegratedComponent:184 - Missing modes for component STMicroelectronics:FreeRTOS:0.0.1:STMicroelectronics:RTOS:FreeRTOS:Core:::10.2.0:
2023-05-28 21:17:53,700 [WARN] ModelIntegratedComponent:63 - No mode defined for component null
2023-05-28 21:17:53,700 [WARN] ModelIntegratedComponent:63 - No mode defined for component null
2023-05-28 21:17:53,700 [WARN] ModelIntegratedComponent:63 - No mode defined for component null
2023-05-28 21:17:53,701 [WARN] ModelIntegratedComponent:63 - No mode defined for component null
2023-05-28 21:17:53,701 [WARN] ModelIntegratedComponent:63 - No mode defined for component null
2023-05-28 21:17:53,701 [WARN] ModelIntegratedComponent:63 - No mode defined for component null
2023-05-28 21:17:53,701 [WARN] ModelIntegratedComponent:63 - No mode defined for component null
2023-05-28 21:17:53,701 [WARN] ModelIntegratedComponent:63 - No mode defined for component null
2023-05-28 21:17:53,701 [WARN] ModelIntegratedComponent:63 - No mode defined for component null
2023-05-28 21:17:53,701 [WARN] ModelIntegratedComponent:63 - No mode defined for component null
2023-05-28 21:17:53,701 [WARN] ModelIntegratedComponent:63 - No mode defined for component null
2023-05-28 21:17:53,701 [WARN] ModelIntegratedComponent:63 - No mode defined for component null
2023-05-28 21:17:53,701 [WARN] ModelIntegratedComponent:63 - No mode defined for component null
2023-05-28 21:17:53,701 [WARN] ModelIntegratedComponent:63 - No mode defined for component null
2023-05-28 21:17:53,702 [WARN] ModelIntegratedComponent:63 - No mode defined for component null
2023-05-28 21:17:53,702 [WARN] ModelIntegratedComponent:63 - No mode defined for component null
2023-05-28 21:17:53,702 [WARN] ModelIntegratedComponent:63 - No mode defined for component null
2023-05-28 21:17:53,702 [WARN] ModelIntegratedComponent:63 - No mode defined for component null
2023-05-28 21:17:53,702 [WARN] ModelIntegratedComponent:63 - No mode defined for component null
2023-05-28 21:17:53,702 [WARN] ModelIntegratedComponent:63 - No mode defined for component null
2023-05-28 21:17:53,702 [WARN] ModelIntegratedComponent:63 - No mode defined for component null
2023-05-28 21:17:53,702 [WARN] ModelIntegratedComponent:63 - No mode defined for component null
2023-05-28 21:17:53,702 [WARN] ModelIntegratedComponent:63 - No mode defined for component null
2023-05-28 21:17:53,702 [WARN] ModelIntegratedComponent:63 - No mode defined for component null
2023-05-28 21:17:53,702 [WARN] ModelIntegratedComponent:63 - No mode defined for component null
2023-05-28 21:17:53,703 [WARN] ModelIntegratedComponent:63 - No mode defined for component null
2023-05-28 21:17:53,703 [WARN] ModelIntegratedComponent:63 - No mode defined for component null
2023-05-28 21:17:53,703 [WARN] ModelIntegratedComponent:63 - No mode defined for component null
2023-05-28 21:17:53,703 [WARN] ModelIntegratedComponent:63 - No mode defined for component null
2023-05-28 21:17:53,703 [WARN] ModelIntegratedComponent:63 - No mode defined for component null
2023-05-28 21:17:53,703 [WARN] ModelIntegratedComponent:63 - No mode defined for component null
2023-05-28 21:17:53,703 [WARN] ModelIntegratedComponent:63 - No mode defined for component null
2023-05-28 21:17:53,703 [WARN] ModelIntegratedComponent:63 - No mode defined for component null
2023-05-28 21:17:53,832 [INFO] ThirdPartyModel:298 - Start build external matchings
2023-05-28 21:17:54,772 [INFO] ThirdPartyModel:316 - End build external matchings
2023-05-28 21:17:54,805 [INFO] ImportTextPane:194 - (OptionalMessage_ERROR) IP (ADC1) : Parameter (CommonPathInternal) has invalid value (null|null|null|null)
2023-05-28 21:17:54,806 [INFO] ImportTextPane:194 - (OptionalMessage_ERROR) IP (DMA) : Parameter (Instance) has Id (TIM2_CH1) currently not set
2023-05-28 21:17:54,806 [INFO] ImportTextPane:194 - (OptionalMessage_ERROR) IP (DMA) : Parameter (Request) has Id (TIM2_CH1) currently not set
2023-05-28 21:17:54,806 [INFO] ImportTextPane:194 - (OptionalMessage_ERROR) IP (DMA) : Parameter (Direction) has Id (TIM2_CH1) currently not set
2023-05-28 21:17:54,807 [INFO] ImportTextPane:194 - (OptionalMessage_ERROR) IP (DMA) : Parameter (PeriphInc) has Id (TIM2_CH1) currently not set
2023-05-28 21:17:54,807 [INFO] ImportTextPane:194 - (OptionalMessage_ERROR) IP (DMA) : Parameter (MemInc) has Id (TIM2_CH1) currently not set
2023-05-28 21:17:54,807 [INFO] ImportTextPane:194 - (OptionalMessage_ERROR) IP (DMA) : Parameter (PeriphDataAlignment) has Id (TIM2_CH1) currently not set
2023-05-28 21:17:54,808 [INFO] ImportTextPane:194 - (OptionalMessage_ERROR) IP (DMA) : Parameter (MemDataAlignment) has Id (TIM2_CH1) currently not set
2023-05-28 21:17:54,808 [INFO] ImportTextPane:194 - (OptionalMessage_ERROR) IP (DMA) : Parameter (Mode) has Id (TIM2_CH1) currently not set
2023-05-28 21:17:54,808 [INFO] ImportTextPane:194 - (OptionalMessage_ERROR) IP (DMA) : Parameter (Priority) has Id (TIM2_CH1) currently not set
2023-05-28 21:17:54,815 [INFO] ImportTextPane:194 - (OptionalMessage_ERROR) IP (RCC) : Invalid parameter (FamilyName)
2023-05-28 21:17:55,114 [INFO] UtilMem:75 - End LoadConfig() Used Memory: 588690544 Bytes (710934528)
2023-05-28 21:17:55,241 [WARN] ThirdParty:833 - waiting for thirdparty lock release [change project]
2023-05-28 21:17:55,241 [INFO] ThirdParty:835 - entering critical section [change project]
2023-05-28 21:17:55,241 [INFO] ThirdParty:1030 - CMSIS Pack Vendor :STMicroelectronics X-CUBE-ISPU 1.1.0
2023-05-28 21:17:55,241 [INFO] ThirdParty:1030 - CMSIS Pack Vendor :RoweBots I-CUBE-UNISONRTOS 5.5.0-4
2023-05-28 21:17:55,241 [INFO] ThirdParty:1030 - CMSIS Pack Vendor :STMicroelectronics X-CUBE-GNSS1 6.0.0
2023-05-28 21:17:55,241 [INFO] ThirdParty:1030 - CMSIS Pack Vendor :STMicroelectronics USB_HOST 2.0.0
2023-05-28 21:17:55,241 [INFO] ThirdParty:1030 - CMSIS Pack Vendor :STMicroelectronics X-CUBE-AZRTOS-F4 1.1.0
2023-05-28 21:17:55,241 [INFO] ThirdParty:1030 - CMSIS Pack Vendor :STMicroelectronics LIBJPEG 8.0.0
2023-05-28 21:17:55,242 [INFO] ThirdParty:1030 - CMSIS Pack Vendor :STMicroelectronics X-CUBE-SMBUS 2.1.0
2023-05-28 21:17:55,242 [INFO] ThirdParty:1030 - CMSIS Pack Vendor :wolfSSL I-CUBE-wolfSSL 5.6.0
2023-05-28 21:17:55,242 [INFO] ThirdParty:1030 - CMSIS Pack Vendor :STMicroelectronics USB_DEVICE 3.0.0
2023-05-28 21:17:55,242 [INFO] ThirdParty:1030 - CMSIS Pack Vendor :STMicroelectronics X-CUBE-AI 8.0.0
2023-05-28 21:17:55,242 [INFO] ThirdParty:1030 - CMSIS Pack Vendor :STMicroelectronics X-CUBE-FREERTOS 1.0.0
2023-05-28 21:17:55,242 [INFO] ThirdParty:1030 - CMSIS Pack Vendor :STMicroelectronics X-CUBE-FREERTOS 1.0.1
2023-05-28 21:17:55,243 [INFO] ThirdParty:1030 - CMSIS Pack Vendor :STMicroelectronics X-CUBE-TOUCHGFX 4.21.3
2023-05-28 21:17:55,243 [INFO] ThirdParty:1030 - CMSIS Pack Vendor :STMicroelectronics X-CUBE-AZRTOS-F7 1.1.0
2023-05-28 21:17:55,243 [INFO] ThirdParty:1030 - CMSIS Pack Vendor :STMicroelectronics X-CUBE-TOUCHGFX 4.21.4
2023-05-28 21:17:55,243 [INFO] ThirdParty:1030 - CMSIS Pack Vendor :STMicroelectronics USB_DEVICE 2.0.0
2023-05-28 21:17:55,243 [INFO] ThirdParty:1030 - CMSIS Pack Vendor :STMicroelectronics X-CUBE-MEMS1 9.6.0
2023-05-28 21:17:55,243 [INFO] ThirdParty:1030 - CMSIS Pack Vendor :STMicroelectronics FP-SNS-MOTENV1 4.3.0
2023-05-28 21:17:55,243 [INFO] ThirdParty:1030 - CMSIS Pack Vendor :STMicroelectronics FP-SNS-FLIGHT1 5.0.0
2023-05-28 21:17:55,243 [INFO] ThirdParty:1030 - CMSIS Pack Vendor :STMicroelectronics FP-SNS-MOTENV1 4.3.1
2023-05-28 21:17:55,243 [INFO] ThirdParty:1030 - CMSIS Pack Vendor :STMicroelectronics FP-SNS-FLIGHT1 5.0.1
2023-05-28 21:17:55,243 [INFO] ThirdParty:1030 - CMSIS Pack Vendor :STMicroelectronics X-CUBE-ALGOBUILD 1.3.0
2023-05-28 21:17:55,243 [INFO] ThirdParty:1030 - CMSIS Pack Vendor :STMicroelectronics X-CUBE-BLE1 6.2.4
2023-05-28 21:17:55,243 [INFO] ThirdParty:1030 - CMSIS Pack Vendor :STMicroelectronics X-CUBE-AZRTOS-L5 1.1.0
2023-05-28 21:17:55,244 [INFO] ThirdParty:1030 - CMSIS Pack Vendor :STMicroelectronics FreeRTOS 0.0.1
2023-05-28 21:17:55,244 [INFO] ThirdParty:1030 - CMSIS Pack Vendor :emotas I-CUBE-CANOPEN 1.1.3
2023-05-28 21:17:55,244 [INFO] ThirdParty:1030 - CMSIS Pack Vendor :STMicroelectronics X-CUBE-AZRTOS-G0 1.1.0
2023-05-28 21:17:55,244 [INFO] ThirdParty:1030 - CMSIS Pack Vendor :STMicroelectronics X-CUBE-BLEMGR 2.0.0
2023-05-28 21:17:55,244 [INFO] ThirdParty:1030 - CMSIS Pack Vendor :STMicroelectronics X-CUBE-AI 8.0.1
2023-05-28 21:17:55,244 [INFO] ThirdParty:1030 - CMSIS Pack Vendor :STMicroelectronics X-CUBE-SUBG2 5.0.0
2023-05-28 21:17:55,244 [INFO] ThirdParty:1030 - CMSIS Pack Vendor :STMicroelectronics X-CUBE-NFC4 3.0.0
2023-05-28 21:17:55,244 [INFO] ThirdParty:1030 - CMSIS Pack Vendor :STMicroelectronics STM32_WPAN 1.0.0
2023-05-28 21:17:55,244 [INFO] ThirdParty:1030 - CMSIS Pack Vendor :STMicroelectronics lwIP 2.0.3
2023-05-28 21:17:55,244 [INFO] ThirdParty:1030 - CMSIS Pack Vendor :STMicroelectronics USB_HOST 1.0.0
2023-05-28 21:17:55,244 [INFO] ThirdParty:1030 - CMSIS Pack Vendor :STMicroelectronics X-CUBE-AZRTOS-G4 2.0.0
2023-05-28 21:17:55,245 [INFO] ThirdParty:1030 - CMSIS Pack Vendor :STMicroelectronics PDM2PCM 3.1.0
2023-05-28 21:17:55,245 [INFO] ThirdParty:1030 - CMSIS Pack Vendor :STMicroelectronics X-CUBE-AZRTOS-H7 3.1.0
2023-05-28 21:17:55,245 [INFO] ThirdParty:1030 - CMSIS Pack Vendor :STMicroelectronics X-CUBE-TOF1 3.3.0
2023-05-28 21:17:55,245 [INFO] ThirdParty:1030 - CMSIS Pack Vendor :STMicroelectronics FP-ATR-ASTRA1 1.1.1
2023-05-28 21:17:55,245 [INFO] ThirdParty:1030 - CMSIS Pack Vendor :STMicroelectronics PDM2PCM 3.3.0
2023-05-28 21:17:55,245 [INFO] ThirdParty:1030 - CMSIS Pack Vendor :STMicroelectronics X-CUBE-DISPLAY 3.0.0
2023-05-28 21:17:55,245 [INFO] ThirdParty:1030 - CMSIS Pack Vendor :STMicroelectronics X-CUBE-AZRTOS-G4 1.0.0
2023-05-28 21:17:55,245 [INFO] ThirdParty:1030 - CMSIS Pack Vendor :STMicroelectronics FP-ATR-SIGFOX1 3.2.0
2023-05-28 21:17:55,245 [INFO] ThirdParty:1030 - CMSIS Pack Vendor :STMicroelectronics X-CUBE-AZRTOS-L4 1.0.0
2023-05-28 21:17:55,245 [INFO] ThirdParty:1030 - CMSIS Pack Vendor :STMicroelectronics HAL Drivers 0.0.0
2023-05-28 21:17:55,245 [INFO] ThirdParty:1030 - CMSIS Pack Vendor :STMicroelectronics MBEDTLS 2.16.2
2023-05-28 21:17:55,246 [INFO] ThirdParty:1030 - CMSIS Pack Vendor :STMicroelectronics MBEDTLS 2.14.1
2023-05-28 21:17:55,246 [INFO] ThirdParty:1030 - CMSIS Pack Vendor :STMicroelectronics X-CUBE-NFC7 1.0.0
2023-05-28 21:17:55,246 [INFO] ThirdParty:1030 - CMSIS Pack Vendor :STMicroelectronics X-CUBE-AZRTOS-WL 1.0.0
2023-05-28 21:17:55,246 [INFO] ThirdParty:1030 - CMSIS Pack Vendor :STMicroelectronics X-CUBE-EEPRMA1 4.1.0
2023-05-28 21:17:55,246 [INFO] ThirdParty:1030 - CMSIS Pack Vendor :portGmbH I-Cube-SoM-uGOAL 1.1.0
2023-05-28 21:17:55,246 [INFO] ThirdParty:1030 - CMSIS Pack Vendor :STMicroelectronics X-CUBE-ALS 1.0.1
2023-05-28 21:17:55,246 [INFO] ThirdParty:1030 - CMSIS Pack Vendor :STMicroelectronics X-CUBE-MEMS1 9.5.0
2023-05-28 21:17:55,246 [INFO] ThirdParty:1030 - CMSIS Pack Vendor :STMicroelectronics ThreadX 1.0.0
2023-05-28 21:17:55,246 [INFO] ThirdParty:1030 - CMSIS Pack Vendor :STMicroelectronics X-CUBE-AZRTOS-WB 1.1.0
2023-05-28 21:17:55,246 [INFO] ThirdParty:1030 - CMSIS Pack Vendor :SEGGER I-CUBE-embOS 1.3.1
2023-05-28 21:17:55,247 [INFO] ThirdParty:1030 - CMSIS Pack Vendor :STMicroelectronics USB_DEVICE 1.0.0
2023-05-28 21:17:55,247 [INFO] ThirdParty:1030 - CMSIS Pack Vendor :STMicroelectronics X-CUBE-AZRTOS-L4 2.0.0
2023-05-28 21:17:55,247 [INFO] ThirdParty:1030 - CMSIS Pack Vendor :STMicroelectronics ThreadX 0.0.2
2023-05-28 21:17:55,247 [INFO] ThirdParty:1030 - CMSIS Pack Vendor :WES I-CUBE-Cesium 1.3.0
2023-05-28 21:17:55,247 [INFO] ThirdParty:1030 - CMSIS Pack Vendor :STMicroelectronics FP-ATR-ASTRA1 2.0.0
2023-05-28 21:17:55,247 [INFO] ThirdParty:1030 - CMSIS Pack Vendor :STMicroelectronics lwIP 2.1.2
2023-05-28 21:17:55,247 [INFO] ThirdParty:1030 - CMSIS Pack Vendor :STMicroelectronics X-CUBE-SFXS2LP1 4.0.0
2023-05-28 21:17:55,247 [INFO] ThirdParty:1030 - CMSIS Pack Vendor :STMicroelectronics X-CUBE-BLE2 3.3.0
2023-05-28 21:17:55,247 [INFO] ThirdParty:1030 - CMSIS Pack Vendor :STMicroelectronics PDM2PCM 3.2.0
2023-05-28 21:17:55,247 [INFO] ThirdParty:1030 - CMSIS Pack Vendor :STMicroelectronics X-CUBE-AZRTOS-H7 3.0.0
2023-05-28 21:17:55,247 [INFO] ThirdParty:841 - exiting critical section [change project]
2023-05-28 21:17:55,634 [INFO] PinOutPanel:1499 - setPackage(No Configuration,No Configuration)
2023-05-28 21:17:55,636 [INFO] PinOutPanel:1499 - setPackage(STM32L412KBUx,UFQFPN32)
2023-05-28 21:17:57,053 [INFO] UtilMem:75 - Before build in PCC Used Memory: 591015048 Bytes (710934528)
2023-05-28 21:17:58,168 [INFO] UtilMem:75 - After build in PCC Used Memory: 628369616 Bytes (710934528)
2023-05-28 21:17:58,221 [INFO] IPUIPlugin:80 - create IPUIPlugin
2023-05-28 21:17:58,221 [INFO] IPUIPlugin:80 - create IPUIPlugin
2023-05-28 21:17:58,221 [INFO] IPUIPlugin:80 - create IPUIPlugin
2023-05-28 21:17:58,222 [INFO] IPUIPlugin:80 - create IPUIPlugin
2023-05-28 21:17:58,222 [INFO] IPUIPlugin:80 - create IPUIPlugin
2023-05-28 21:17:58,222 [INFO] IPUIPlugin:80 - create IPUIPlugin
2023-05-28 21:17:58,222 [INFO] IPUIPlugin:80 - create IPUIPlugin
2023-05-28 21:17:58,222 [INFO] IPUIPlugin:80 - create IPUIPlugin
2023-05-28 21:17:58,223 [INFO] IPUIPlugin:80 - create IPUIPlugin
2023-05-28 21:17:58,223 [INFO] IPUIPlugin:80 - create IPUIPlugin
2023-05-28 21:17:58,223 [INFO] IPUIPlugin:80 - create IPUIPlugin
2023-05-28 21:17:58,224 [INFO] IPUIPlugin:80 - create IPUIPlugin
2023-05-28 21:17:58,224 [INFO] IPUIPlugin:80 - create IPUIPlugin
2023-05-28 21:17:58,225 [INFO] IPUIPlugin:80 - create IPUIPlugin
2023-05-28 21:17:58,225 [INFO] IPUIPlugin:80 - create IPUIPlugin
2023-05-28 21:17:58,225 [INFO] IPUIPlugin:80 - create IPUIPlugin
2023-05-28 21:17:58,226 [INFO] IPUIPlugin:80 - create IPUIPlugin
2023-05-28 21:17:58,226 [INFO] IPUIPlugin:80 - create IPUIPlugin
2023-05-28 21:17:58,226 [INFO] IPUIPlugin:80 - create IPUIPlugin
2023-05-28 21:17:58,227 [INFO] IPUIPlugin:80 - create IPUIPlugin
2023-05-28 21:17:58,227 [INFO] IPUIPlugin:80 - create IPUIPlugin
2023-05-28 21:17:58,228 [INFO] IPUIPlugin:80 - create IPUIPlugin
2023-05-28 21:17:58,228 [INFO] IPUIPlugin:80 - create IPUIPlugin
2023-05-28 21:17:58,228 [INFO] IPUIPlugin:80 - create IPUIPlugin
2023-05-28 21:17:58,229 [INFO] IPUIPlugin:80 - create IPUIPlugin
2023-05-28 21:17:58,229 [INFO] IPUIPlugin:80 - create IPUIPlugin
2023-05-28 21:17:58,230 [INFO] IPUIPlugin:80 - create IPUIPlugin
2023-05-28 21:17:58,231 [INFO] IPUIPlugin:80 - create IPUIPlugin
2023-05-28 21:17:58,233 [INFO] IPUIPlugin:80 - create IPUIPlugin
2023-05-28 21:17:58,233 [INFO] IPUIPlugin:80 - create IPUIPlugin
2023-05-28 21:17:58,234 [INFO] IPUIPlugin:80 - create IPUIPlugin
2023-05-28 21:17:58,234 [INFO] IPUIPlugin:80 - create IPUIPlugin
2023-05-28 21:17:58,235 [INFO] IPUIPlugin:80 - create IPUIPlugin
2023-05-28 21:17:58,235 [INFO] IPUIPlugin:80 - create IPUIPlugin
2023-05-28 21:17:58,235 [INFO] IPUIPlugin:80 - create IPUIPlugin
2023-05-28 21:17:58,623 [INFO] CADModel:165 - CPN selected for project levelSTM32L412KBU3
2023-05-28 21:17:58,623 [INFO] CADModel:114 - Register for checkConnection events
2023-05-28 21:17:58,692 [INFO] OpenFileManager:328 - Restore cursor
2023-05-28 21:17:59,972 [INFO] UtilMem:75 - End SaveConfig() Used Memory: 584148624 Bytes (710934528)
2023-05-28 21:18:00,075 [INFO] UtilMem:75 - End SaveConfig() Used Memory: 593583760 Bytes (710934528)
2023-05-28 21:18:01,023 [INFO] BlockDiagram:2759 - set Specific Code input for plugin: SPI
2023-05-28 21:18:01,023 [INFO] BlockDiagram:2759 - set Specific Code input for plugin: NVIC
2023-05-28 21:18:01,023 [INFO] BlockDiagram:2759 - set Specific Code input for plugin: USART
2023-05-28 21:18:01,023 [INFO] BlockDiagram:2759 - set Specific Code input for plugin: DMA
2023-05-28 21:18:01,024 [INFO] BlockDiagram:2759 - set Specific Code input for plugin: TIM1_8L4
2023-05-28 21:18:01,024 [INFO] BlockDiagram:2759 - set Specific Code input for plugin: TIM1_8L4
2023-05-28 21:18:01,024 [INFO] BlockDiagram:2759 - set Specific Code input for plugin: SYS
2023-05-28 21:18:01,024 [INFO] BlockDiagram:2759 - set Specific Code input for plugin: GPIO
2023-05-28 21:18:01,025 [INFO] BlockDiagram:2759 - set Specific Code input for plugin: ADC
2023-05-28 21:18:01,025 [INFO] BlockDiagram:2759 - set Specific Code input for plugin: RCC
2023-05-28 21:18:01,025 [INFO] BlockDiagram:2759 - set Specific Code input for plugin: I2C
2023-05-28 21:18:01,027 [INFO] CodeGenerator:793 - code generatio: config db path: C:\ST\STM32CubeIDE_1.12.0\STM32CubeIDE\plugins\com.st.stm32cube.common.mx_6.8.0.202302231600\\db\
2023-05-28 21:18:01,897 [INFO] CodeEngine:255 - oldGeneratedFile, C:\Users\amine\Drone_Lumineux\firmware\drone\drone\MXTmpFiles\license.tmp_save
2023-05-28 21:18:02,473 [INFO] CodeEngine:279 - Generated code: C:\Users\amine\Drone_Lumineux\firmware\drone\drone\MXTmpFiles\license.tmp
2023-05-28 21:18:02,713 [INFO] CodeEngine:255 - oldGeneratedFile, C:\Users\amine\Drone_Lumineux\firmware\drone\drone\Core\Src\gpio.c_save
2023-05-28 21:18:02,965 [INFO] CodeEngine:279 - Generated code: C:\Users\amine\Drone_Lumineux\firmware\drone\drone\Core\Src\gpio.c
2023-05-28 21:18:02,970 [INFO] CodeEngine:255 - oldGeneratedFile, C:\Users\amine\Drone_Lumineux\firmware\drone\drone\Core\Inc\gpio.h_save
2023-05-28 21:18:03,104 [INFO] CodeEngine:279 - Generated code: C:\Users\amine\Drone_Lumineux\firmware\drone\drone\Core\Inc\gpio.h
2023-05-28 21:18:04,738 [INFO] CodeEngine:255 - oldGeneratedFile, C:\Users\amine\Drone_Lumineux\firmware\drone\drone\Core\Src\adc.c_save
2023-05-28 21:18:04,968 [INFO] CodeEngine:279 - Generated code: C:\Users\amine\Drone_Lumineux\firmware\drone\drone\Core\Src\adc.c
2023-05-28 21:18:04,973 [INFO] CodeEngine:255 - oldGeneratedFile, C:\Users\amine\Drone_Lumineux\firmware\drone\drone\Core\Inc\adc.h_save
2023-05-28 21:18:05,087 [INFO] CodeEngine:279 - Generated code: C:\Users\amine\Drone_Lumineux\firmware\drone\drone\Core\Inc\adc.h
2023-05-28 21:18:05,172 [INFO] CodeEngine:255 - oldGeneratedFile, C:\Users\amine\Drone_Lumineux\firmware\drone\drone\Core\Src\dma.c_save
2023-05-28 21:18:05,365 [INFO] CodeEngine:279 - Generated code: C:\Users\amine\Drone_Lumineux\firmware\drone\drone\Core\Src\dma.c
2023-05-28 21:18:05,372 [INFO] CodeEngine:255 - oldGeneratedFile, C:\Users\amine\Drone_Lumineux\firmware\drone\drone\Core\Inc\dma.h_save
2023-05-28 21:18:05,521 [INFO] CodeEngine:279 - Generated code: C:\Users\amine\Drone_Lumineux\firmware\drone\drone\Core\Inc\dma.h
2023-05-28 21:18:05,536 [INFO] CodeEngine:255 - oldGeneratedFile, C:\Users\amine\Drone_Lumineux\firmware\drone\drone\Core\Src\i2c.c_save
2023-05-28 21:18:05,864 [INFO] CodeEngine:279 - Generated code: C:\Users\amine\Drone_Lumineux\firmware\drone\drone\Core\Src\i2c.c
2023-05-28 21:18:05,871 [INFO] CodeEngine:255 - oldGeneratedFile, C:\Users\amine\Drone_Lumineux\firmware\drone\drone\Core\Inc\i2c.h_save
2023-05-28 21:18:06,062 [INFO] CodeEngine:279 - Generated code: C:\Users\amine\Drone_Lumineux\firmware\drone\drone\Core\Inc\i2c.h
2023-05-28 21:18:06,075 [INFO] CodeEngine:255 - oldGeneratedFile, C:\Users\amine\Drone_Lumineux\firmware\drone\drone\Core\Src\spi.c_save
2023-05-28 21:18:06,316 [INFO] CodeEngine:279 - Generated code: C:\Users\amine\Drone_Lumineux\firmware\drone\drone\Core\Src\spi.c
2023-05-28 21:18:06,323 [INFO] CodeEngine:255 - oldGeneratedFile, C:\Users\amine\Drone_Lumineux\firmware\drone\drone\Core\Inc\spi.h_save
2023-05-28 21:18:06,484 [INFO] CodeEngine:279 - Generated code: C:\Users\amine\Drone_Lumineux\firmware\drone\drone\Core\Inc\spi.h
2023-05-28 21:18:06,503 [INFO] CodeEngine:255 - oldGeneratedFile, C:\Users\amine\Drone_Lumineux\firmware\drone\drone\Core\Src\tim.c_save
2023-05-28 21:18:06,683 [INFO] CodeEngine:279 - Generated code: C:\Users\amine\Drone_Lumineux\firmware\drone\drone\Core\Src\tim.c
2023-05-28 21:18:06,697 [INFO] CodeEngine:255 - oldGeneratedFile, C:\Users\amine\Drone_Lumineux\firmware\drone\drone\Core\Inc\tim.h_save
2023-05-28 21:18:06,783 [INFO] CodeEngine:279 - Generated code: C:\Users\amine\Drone_Lumineux\firmware\drone\drone\Core\Inc\tim.h
2023-05-28 21:18:06,792 [INFO] CodeEngine:255 - oldGeneratedFile, C:\Users\amine\Drone_Lumineux\firmware\drone\drone\Core\Src\usart.c_save
2023-05-28 21:18:06,920 [INFO] CodeEngine:279 - Generated code: C:\Users\amine\Drone_Lumineux\firmware\drone\drone\Core\Src\usart.c
2023-05-28 21:18:06,923 [INFO] CodeEngine:255 - oldGeneratedFile, C:\Users\amine\Drone_Lumineux\firmware\drone\drone\Core\Inc\usart.h_save
2023-05-28 21:18:07,000 [INFO] CodeEngine:279 - Generated code: C:\Users\amine\Drone_Lumineux\firmware\drone\drone\Core\Inc\usart.h
2023-05-28 21:18:07,010 [INFO] CodeEngine:255 - oldGeneratedFile, C:\Users\amine\Drone_Lumineux\firmware\drone\drone\Core\Src\stm32l4xx_it.c_save
2023-05-28 21:18:07,131 [INFO] CodeEngine:279 - Generated code: C:\Users\amine\Drone_Lumineux\firmware\drone\drone\Core\Src\stm32l4xx_it.c
2023-05-28 21:18:07,135 [INFO] CodeEngine:255 - oldGeneratedFile, C:\Users\amine\Drone_Lumineux\firmware\drone\drone\Core\Inc\stm32l4xx_it.h_save
2023-05-28 21:18:07,223 [INFO] CodeEngine:279 - Generated code: C:\Users\amine\Drone_Lumineux\firmware\drone\drone\Core\Inc\stm32l4xx_it.h
2023-05-28 21:18:07,235 [INFO] CodeEngine:255 - oldGeneratedFile, C:\Users\amine\Drone_Lumineux\firmware\drone\drone\Core\Src\stm32l4xx_hal_msp.c_save
2023-05-28 21:18:07,331 [INFO] CodeEngine:279 - Generated code: C:\Users\amine\Drone_Lumineux\firmware\drone\drone\Core\Src\stm32l4xx_hal_msp.c
2023-05-28 21:18:07,335 [INFO] CodeEngine:255 - oldGeneratedFile, C:\Users\amine\Drone_Lumineux\firmware\drone\drone\MXTmpFiles\system.tmp_save
2023-05-28 21:18:07,396 [INFO] CodeEngine:279 - Generated code: C:\Users\amine\Drone_Lumineux\firmware\drone\drone\MXTmpFiles\system.tmp
2023-05-28 21:18:07,405 [INFO] CodeEngine:311 - oldGeneratedFile, C:\Users\amine\Drone_Lumineux\firmware\drone\drone\Core\Inc\stm32l4xx_hal_conf.h_save
2023-05-28 21:18:07,524 [INFO] CodeEngine:335 - Generated code: C:\Users\amine\Drone_Lumineux\firmware\drone\drone\Core\Inc\stm32l4xx_hal_conf.h
2023-05-28 21:18:07,585 [INFO] CodeEngine:255 - oldGeneratedFile, C:\Users\amine\Drone_Lumineux\firmware\drone\drone\Core\Inc\main.h_save
2023-05-28 21:18:07,763 [INFO] CodeEngine:279 - Generated code: C:\Users\amine\Drone_Lumineux\firmware\drone\drone\Core\Inc\main.h
2023-05-28 21:18:07,769 [INFO] CodeEngine:255 - oldGeneratedFile, C:\Users\amine\Drone_Lumineux\firmware\drone\drone\Core\Src\main.c_save
2023-05-28 21:18:07,962 [INFO] CodeEngine:279 - Generated code: C:\Users\amine\Drone_Lumineux\firmware\drone\drone\Core\Src\main.c
2023-05-28 21:18:09,307 [INFO] ProjectBuilder:2996 - Time for Copy HAL[1] : 402mS.
2023-05-28 21:18:09,328 [INFO] ProjectBuilder:4304 - Project Generator version: 3.19.2
2023-05-28 21:18:09,803 [INFO] ConfigFileManager:1483 - The Die is : DIE464
2023-05-28 21:18:09,818 [INFO] ApiDbMcu:507 - Load IP Config File for FATFS
2023-05-28 21:18:09,824 [INFO] ApiDbMcu:507 - Load IP Config File for FREERTOS
2023-05-28 21:18:09,843 [INFO] ApiDbMcu:507 - Load IP Config File for TOUCHSENSING
2023-05-28 21:18:09,853 [INFO] ApiDbMcu:507 - Load IP Config File for USB_DEVICE
2023-05-28 21:18:11,046 [INFO] LogOutputStream:77 - [STDOUT_REDIRECT] 
2023-05-28 21:18:13,596 [INFO] ProjectBuilder:4505 - Time for Generating toolchain IDE Files: 4268mS.
2023-05-28 21:18:13,597 [INFO] ProjectBuilder:2867 - Time for Copy CMSIS : 1mS.
2023-05-28 21:18:13,603 [INFO] ProjectBuilder:2867 - Time for Copy CMSIS : 0mS.
2023-05-28 21:18:15,307 [INFO] McuFinderGlobals:66 - Set McuFinderConnectedMode to true
2023-05-28 21:18:15,372 [INFO] ApiDb:448 - Save user favorites file C:\Users\amine/.stm32cubeide/favorites.mcus.txt: 0 item(s)
2023-05-28 21:18:15,372 [INFO] ApiDb:452 - User favorites MCUs=[]
2023-05-28 21:20:50,527 [INFO] I2cTimingTraitement:330 - 0x10909CEC
2023-05-28 21:27:38,607 [INFO] I2cTimingTraitement:330 - 0x10909CEC
2023-05-28 21:27:41,653 [INFO] I2cTimingTraitement:330 - 0x10909CEC
2023-05-28 21:27:52,650 [INFO] I2cTimingTraitement:330 - 0x10909CEC
2023-05-28 21:28:00,583 [INFO] UtilMem:75 - End SaveConfig() Used Memory: 753974216 Bytes (1073741824)
2023-05-28 22:19:24,994 [INFO] I2cTimingTraitement:330 - 0x10909CEC
2023-05-28 22:19:34,560 [INFO] NvicIntPanel:101 - NVIC parent = com.st.microxplorer.plugins.ip.nvic.MultiNvicIntPanel[,0,0,0x0,invalid,layout=javax.swing.BoxLayout,alignmentX=0.0,alignmentY=0.0,border=,flags=9,maximumSize=,minimumSize=,preferredSize=]
2023-05-28 22:19:43,111 [INFO] UtilMem:75 - End SaveConfig() Used Memory: 783374624 Bytes (1073741824)
2023-05-28 22:19:43,901 [INFO] UtilMem:75 - End SaveConfig() Used Memory: 800151840 Bytes (1073741824)
2023-05-28 22:19:44,803 [INFO] UtilMem:75 - End SaveConfig() Used Memory: 824791328 Bytes (1073741824)
2023-05-28 22:19:45,052 [INFO] BlockDiagram:2759 - set Specific Code input for plugin: SPI
2023-05-28 22:19:45,052 [INFO] BlockDiagram:2759 - set Specific Code input for plugin: NVIC
2023-05-28 22:19:45,052 [INFO] BlockDiagram:2759 - set Specific Code input for plugin: USART
2023-05-28 22:19:45,052 [INFO] BlockDiagram:2759 - set Specific Code input for plugin: DMA
2023-05-28 22:19:45,052 [INFO] BlockDiagram:2759 - set Specific Code input for plugin: TIM1_8L4
2023-05-28 22:19:45,052 [INFO] BlockDiagram:2759 - set Specific Code input for plugin: TIM1_8L4
2023-05-28 22:19:45,052 [INFO] BlockDiagram:2759 - set Specific Code input for plugin: SYS
2023-05-28 22:19:45,052 [INFO] BlockDiagram:2759 - set Specific Code input for plugin: GPIO
2023-05-28 22:19:45,052 [INFO] BlockDiagram:2759 - set Specific Code input for plugin: ADC
2023-05-28 22:19:45,052 [INFO] BlockDiagram:2759 - set Specific Code input for plugin: RCC
2023-05-28 22:19:45,052 [INFO] BlockDiagram:2759 - set Specific Code input for plugin: I2C
2023-05-28 22:19:45,053 [INFO] CodeGenerator:793 - code generatio: config db path: C:\ST\STM32CubeIDE_1.12.0\STM32CubeIDE\plugins\com.st.stm32cube.common.mx_6.8.0.202302231600\\db\
2023-05-28 22:19:45,123 [INFO] Argument:319 - Argument : hdmavalue: null
2023-05-28 22:19:45,123 [INFO] Argument:321 - 	 sub Args: 
2023-05-28 22:19:45,123 [INFO] Argument:319 - Argument : Instancevalue: DMA1_Channel5
2023-05-28 22:19:45,123 [INFO] Argument:329 - Argument : Instancevalue: DMA1_Channel5
2023-05-28 22:19:45,123 [INFO] Argument:319 - Argument : Initvalue: null
2023-05-28 22:19:45,123 [INFO] Argument:321 - 	 sub Args: 
2023-05-28 22:19:45,123 [INFO] Argument:319 - Argument : Requestvalue: DMA_REQUEST_4
2023-05-28 22:19:45,123 [INFO] Argument:329 - Argument : Requestvalue: DMA_REQUEST_4
2023-05-28 22:19:45,123 [INFO] Argument:319 - Argument : Directionvalue: DMA_PERIPH_TO_MEMORY
2023-05-28 22:19:45,123 [INFO] Argument:329 - Argument : Directionvalue: DMA_PERIPH_TO_MEMORY
2023-05-28 22:19:45,123 [INFO] Argument:319 - Argument : PeriphIncvalue: DMA_PINC_DISABLE
2023-05-28 22:19:45,123 [INFO] Argument:329 - Argument : PeriphIncvalue: DMA_PINC_DISABLE
2023-05-28 22:19:45,123 [INFO] Argument:319 - Argument : MemIncvalue: DMA_MINC_ENABLE
2023-05-28 22:19:45,123 [INFO] Argument:329 - Argument : MemIncvalue: DMA_MINC_ENABLE
2023-05-28 22:19:45,123 [INFO] Argument:319 - Argument : PeriphDataAlignmentvalue: DMA_PDATAALIGN_WORD
2023-05-28 22:19:45,123 [INFO] Argument:329 - Argument : PeriphDataAlignmentvalue: DMA_PDATAALIGN_WORD
2023-05-28 22:19:45,123 [INFO] Argument:319 - Argument : MemDataAlignmentvalue: DMA_MDATAALIGN_WORD
2023-05-28 22:19:45,123 [INFO] Argument:329 - Argument : MemDataAlignmentvalue: DMA_MDATAALIGN_WORD
2023-05-28 22:19:45,123 [INFO] Argument:319 - Argument : Modevalue: DMA_NORMAL
2023-05-28 22:19:45,123 [INFO] Argument:329 - Argument : Modevalue: DMA_NORMAL
2023-05-28 22:19:45,123 [INFO] Argument:319 - Argument : Priorityvalue: DMA_PRIORITY_VERY_HIGH
2023-05-28 22:19:45,123 [INFO] Argument:329 - Argument : Priorityvalue: DMA_PRIORITY_VERY_HIGH
2023-05-28 22:19:45,124 [INFO] Argument:319 - Argument : Lockvalue: null
2023-05-28 22:19:45,124 [INFO] Argument:329 - Argument : Lockvalue: null
2023-05-28 22:19:45,124 [INFO] Argument:319 - Argument : Statevalue: null
2023-05-28 22:19:45,124 [INFO] Argument:329 - Argument : Statevalue: null
2023-05-28 22:19:45,124 [INFO] Argument:319 - Argument : Parentvalue: null
2023-05-28 22:19:45,124 [INFO] Argument:329 - Argument : Parentvalue: null
2023-05-28 22:19:45,124 [INFO] Argument:319 - Argument : XferCpltCallbackvalue: null
2023-05-28 22:19:45,124 [INFO] Argument:329 - Argument : XferCpltCallbackvalue: null
2023-05-28 22:19:45,124 [INFO] Argument:319 - Argument : XferHalfCpltCallbackvalue: null
2023-05-28 22:19:45,124 [INFO] Argument:329 - Argument : XferHalfCpltCallbackvalue: null
2023-05-28 22:19:45,124 [INFO] Argument:319 - Argument : XferErrorCallbackvalue: null
2023-05-28 22:19:45,124 [INFO] Argument:329 - Argument : XferErrorCallbackvalue: null
2023-05-28 22:19:45,124 [INFO] Argument:319 - Argument : XferAbortCallbackvalue: null
2023-05-28 22:19:45,124 [INFO] Argument:329 - Argument : XferAbortCallbackvalue: null
2023-05-28 22:19:45,124 [INFO] Argument:319 - Argument : ErrorCodevalue: null
2023-05-28 22:19:45,124 [INFO] Argument:329 - Argument : ErrorCodevalue: null
2023-05-28 22:19:45,124 [INFO] Argument:319 - Argument : DmaBaseAddressvalue: null
2023-05-28 22:19:45,124 [INFO] Argument:329 - Argument : DmaBaseAddressvalue: null
2023-05-28 22:19:45,124 [INFO] Argument:319 - Argument : ChannelIndexvalue: null
2023-05-28 22:19:45,124 [INFO] Argument:329 - Argument : ChannelIndexvalue: null
2023-05-28 22:19:45,124 [INFO] Argument:319 - Argument : hdmavalue: null
2023-05-28 22:19:45,124 [INFO] Argument:321 - 	 sub Args: 
2023-05-28 22:19:45,124 [INFO] Argument:319 - Argument : Instancevalue: DMA1_Channel5
2023-05-28 22:19:45,124 [INFO] Argument:329 - Argument : Instancevalue: DMA1_Channel5
2023-05-28 22:19:45,124 [INFO] Argument:319 - Argument : Initvalue: null
2023-05-28 22:19:45,124 [INFO] Argument:321 - 	 sub Args: 
2023-05-28 22:19:45,124 [INFO] Argument:319 - Argument : Requestvalue: DMA_REQUEST_4
2023-05-28 22:19:45,124 [INFO] Argument:329 - Argument : Requestvalue: DMA_REQUEST_4
2023-05-28 22:19:45,124 [INFO] Argument:319 - Argument : Directionvalue: DMA_PERIPH_TO_MEMORY
2023-05-28 22:19:45,125 [INFO] Argument:329 - Argument : Directionvalue: DMA_PERIPH_TO_MEMORY
2023-05-28 22:19:45,125 [INFO] Argument:319 - Argument : PeriphIncvalue: DMA_PINC_DISABLE
2023-05-28 22:19:45,125 [INFO] Argument:329 - Argument : PeriphIncvalue: DMA_PINC_DISABLE
2023-05-28 22:19:45,125 [INFO] Argument:319 - Argument : MemIncvalue: DMA_MINC_ENABLE
2023-05-28 22:19:45,125 [INFO] Argument:329 - Argument : MemIncvalue: DMA_MINC_ENABLE
2023-05-28 22:19:45,125 [INFO] Argument:319 - Argument : PeriphDataAlignmentvalue: DMA_PDATAALIGN_WORD
2023-05-28 22:19:45,125 [INFO] Argument:329 - Argument : PeriphDataAlignmentvalue: DMA_PDATAALIGN_WORD
2023-05-28 22:19:45,125 [INFO] Argument:319 - Argument : MemDataAlignmentvalue: DMA_MDATAALIGN_WORD
2023-05-28 22:19:45,125 [INFO] Argument:329 - Argument : MemDataAlignmentvalue: DMA_MDATAALIGN_WORD
2023-05-28 22:19:45,125 [INFO] Argument:319 - Argument : Modevalue: DMA_NORMAL
2023-05-28 22:19:45,125 [INFO] Argument:329 - Argument : Modevalue: DMA_NORMAL
2023-05-28 22:19:45,125 [INFO] Argument:319 - Argument : Priorityvalue: DMA_PRIORITY_VERY_HIGH
2023-05-28 22:19:45,125 [INFO] Argument:329 - Argument : Priorityvalue: DMA_PRIORITY_VERY_HIGH
2023-05-28 22:19:45,125 [INFO] Argument:319 - Argument : Lockvalue: null
2023-05-28 22:19:45,125 [INFO] Argument:329 - Argument : Lockvalue: null
2023-05-28 22:19:45,125 [INFO] Argument:319 - Argument : Statevalue: null
2023-05-28 22:19:45,125 [INFO] Argument:329 - Argument : Statevalue: null
2023-05-28 22:19:45,125 [INFO] Argument:319 - Argument : Parentvalue: null
2023-05-28 22:19:45,125 [INFO] Argument:329 - Argument : Parentvalue: null
2023-05-28 22:19:45,125 [INFO] Argument:319 - Argument : XferCpltCallbackvalue: null
2023-05-28 22:19:45,125 [INFO] Argument:329 - Argument : XferCpltCallbackvalue: null
2023-05-28 22:19:45,125 [INFO] Argument:319 - Argument : XferHalfCpltCallbackvalue: null
2023-05-28 22:19:45,125 [INFO] Argument:329 - Argument : XferHalfCpltCallbackvalue: null
2023-05-28 22:19:45,125 [INFO] Argument:319 - Argument : XferErrorCallbackvalue: null
2023-05-28 22:19:45,125 [INFO] Argument:329 - Argument : XferErrorCallbackvalue: null
2023-05-28 22:19:45,125 [INFO] Argument:319 - Argument : XferAbortCallbackvalue: null
2023-05-28 22:19:45,125 [INFO] Argument:329 - Argument : XferAbortCallbackvalue: null
2023-05-28 22:19:45,125 [INFO] Argument:319 - Argument : ErrorCodevalue: null
2023-05-28 22:19:45,125 [INFO] Argument:329 - Argument : ErrorCodevalue: null
2023-05-28 22:19:45,125 [INFO] Argument:319 - Argument : DmaBaseAddressvalue: null
2023-05-28 22:19:45,125 [INFO] Argument:329 - Argument : DmaBaseAddressvalue: null
2023-05-28 22:19:45,126 [INFO] Argument:319 - Argument : ChannelIndexvalue: null
2023-05-28 22:19:45,126 [INFO] Argument:329 - Argument : ChannelIndexvalue: null
2023-05-28 22:19:45,126 [INFO] Argument:319 - Argument : pSyncConfigvalue: null
2023-05-28 22:19:45,126 [INFO] Argument:321 - 	 sub Args: 
2023-05-28 22:19:45,126 [INFO] Argument:319 - Argument : SyncSignalIDvalue: null
2023-05-28 22:19:45,126 [INFO] Argument:329 - Argument : SyncSignalIDvalue: null
2023-05-28 22:19:45,126 [INFO] Argument:319 - Argument : SyncPolarityvalue: null
2023-05-28 22:19:45,126 [INFO] Argument:329 - Argument : SyncPolarityvalue: null
2023-05-28 22:19:45,126 [INFO] Argument:319 - Argument : SyncEnablevalue: null
2023-05-28 22:19:45,126 [INFO] Argument:329 - Argument : SyncEnablevalue: null
2023-05-28 22:19:45,126 [INFO] Argument:319 - Argument : EventEnablevalue: null
2023-05-28 22:19:45,126 [INFO] Argument:329 - Argument : EventEnablevalue: null
2023-05-28 22:19:45,126 [INFO] Argument:319 - Argument : RequestNumbervalue: null
2023-05-28 22:19:45,126 [INFO] Argument:329 - Argument : RequestNumbervalue: null
2023-05-28 22:19:45,298 [INFO] CodeEngine:255 - oldGeneratedFile, C:\Users\amine\Drone_Lumineux\firmware\drone\drone\MXTmpFiles\license.tmp_save
2023-05-28 22:19:45,447 [INFO] CodeEngine:279 - Generated code: C:\Users\amine\Drone_Lumineux\firmware\drone\drone\MXTmpFiles\license.tmp
2023-05-28 22:19:45,601 [INFO] CodeEngine:255 - oldGeneratedFile, C:\Users\amine\Drone_Lumineux\firmware\drone\drone\Core\Src\gpio.c_save
2023-05-28 22:19:45,800 [INFO] CodeEngine:279 - Generated code: C:\Users\amine\Drone_Lumineux\firmware\drone\drone\Core\Src\gpio.c
2023-05-28 22:19:45,818 [INFO] CodeEngine:255 - oldGeneratedFile, C:\Users\amine\Drone_Lumineux\firmware\drone\drone\Core\Inc\gpio.h_save
2023-05-28 22:19:45,978 [INFO] CodeEngine:279 - Generated code: C:\Users\amine\Drone_Lumineux\firmware\drone\drone\Core\Inc\gpio.h
2023-05-28 22:19:46,887 [INFO] CodeEngine:255 - oldGeneratedFile, C:\Users\amine\Drone_Lumineux\firmware\drone\drone\Core\Src\adc.c_save
2023-05-28 22:19:47,050 [INFO] CodeEngine:279 - Generated code: C:\Users\amine\Drone_Lumineux\firmware\drone\drone\Core\Src\adc.c
2023-05-28 22:19:47,065 [INFO] CodeEngine:255 - oldGeneratedFile, C:\Users\amine\Drone_Lumineux\firmware\drone\drone\Core\Inc\adc.h_save
2023-05-28 22:19:47,151 [INFO] CodeEngine:279 - Generated code: C:\Users\amine\Drone_Lumineux\firmware\drone\drone\Core\Inc\adc.h
2023-05-28 22:19:47,220 [INFO] CodeEngine:255 - oldGeneratedFile, C:\Users\amine\Drone_Lumineux\firmware\drone\drone\Core\Src\dma.c_save
2023-05-28 22:19:47,328 [INFO] CodeEngine:279 - Generated code: C:\Users\amine\Drone_Lumineux\firmware\drone\drone\Core\Src\dma.c
2023-05-28 22:19:47,341 [INFO] CodeEngine:255 - oldGeneratedFile, C:\Users\amine\Drone_Lumineux\firmware\drone\drone\Core\Inc\dma.h_save
2023-05-28 22:19:47,422 [INFO] CodeEngine:279 - Generated code: C:\Users\amine\Drone_Lumineux\firmware\drone\drone\Core\Inc\dma.h
2023-05-28 22:19:47,439 [INFO] CodeEngine:255 - oldGeneratedFile, C:\Users\amine\Drone_Lumineux\firmware\drone\drone\Core\Src\i2c.c_save
2023-05-28 22:19:47,536 [INFO] CodeEngine:279 - Generated code: C:\Users\amine\Drone_Lumineux\firmware\drone\drone\Core\Src\i2c.c
2023-05-28 22:19:47,543 [INFO] CodeEngine:255 - oldGeneratedFile, C:\Users\amine\Drone_Lumineux\firmware\drone\drone\Core\Inc\i2c.h_save
2023-05-28 22:19:47,632 [INFO] CodeEngine:279 - Generated code: C:\Users\amine\Drone_Lumineux\firmware\drone\drone\Core\Inc\i2c.h
2023-05-28 22:19:47,652 [INFO] CodeEngine:255 - oldGeneratedFile, C:\Users\amine\Drone_Lumineux\firmware\drone\drone\Core\Src\spi.c_save
2023-05-28 22:19:47,773 [INFO] CodeEngine:279 - Generated code: C:\Users\amine\Drone_Lumineux\firmware\drone\drone\Core\Src\spi.c
2023-05-28 22:19:47,780 [INFO] CodeEngine:255 - oldGeneratedFile, C:\Users\amine\Drone_Lumineux\firmware\drone\drone\Core\Inc\spi.h_save
2023-05-28 22:19:47,856 [INFO] CodeEngine:279 - Generated code: C:\Users\amine\Drone_Lumineux\firmware\drone\drone\Core\Inc\spi.h
2023-05-28 22:19:47,874 [INFO] CodeEngine:255 - oldGeneratedFile, C:\Users\amine\Drone_Lumineux\firmware\drone\drone\Core\Src\tim.c_save
2023-05-28 22:19:48,003 [INFO] CodeEngine:279 - Generated code: C:\Users\amine\Drone_Lumineux\firmware\drone\drone\Core\Src\tim.c
2023-05-28 22:19:48,015 [INFO] CodeEngine:255 - oldGeneratedFile, C:\Users\amine\Drone_Lumineux\firmware\drone\drone\Core\Inc\tim.h_save
2023-05-28 22:19:48,107 [INFO] CodeEngine:279 - Generated code: C:\Users\amine\Drone_Lumineux\firmware\drone\drone\Core\Inc\tim.h
2023-05-28 22:19:48,127 [INFO] CodeEngine:255 - oldGeneratedFile, C:\Users\amine\Drone_Lumineux\firmware\drone\drone\Core\Src\usart.c_save
2023-05-28 22:19:48,235 [INFO] CodeEngine:279 - Generated code: C:\Users\amine\Drone_Lumineux\firmware\drone\drone\Core\Src\usart.c
2023-05-28 22:19:48,241 [INFO] CodeEngine:255 - oldGeneratedFile, C:\Users\amine\Drone_Lumineux\firmware\drone\drone\Core\Inc\usart.h_save
2023-05-28 22:19:48,349 [INFO] CodeEngine:279 - Generated code: C:\Users\amine\Drone_Lumineux\firmware\drone\drone\Core\Inc\usart.h
2023-05-28 22:19:48,371 [INFO] CodeEngine:255 - oldGeneratedFile, C:\Users\amine\Drone_Lumineux\firmware\drone\drone\Core\Src\stm32l4xx_it.c_save
2023-05-28 22:19:48,621 [INFO] CodeEngine:279 - Generated code: C:\Users\amine\Drone_Lumineux\firmware\drone\drone\Core\Src\stm32l4xx_it.c
2023-05-28 22:19:48,630 [INFO] CodeEngine:255 - oldGeneratedFile, C:\Users\amine\Drone_Lumineux\firmware\drone\drone\Core\Inc\stm32l4xx_it.h_save
2023-05-28 22:19:48,742 [INFO] CodeEngine:279 - Generated code: C:\Users\amine\Drone_Lumineux\firmware\drone\drone\Core\Inc\stm32l4xx_it.h
2023-05-28 22:19:48,770 [INFO] CodeEngine:255 - oldGeneratedFile, C:\Users\amine\Drone_Lumineux\firmware\drone\drone\Core\Src\stm32l4xx_hal_msp.c_save
2023-05-28 22:19:48,925 [INFO] CodeEngine:279 - Generated code: C:\Users\amine\Drone_Lumineux\firmware\drone\drone\Core\Src\stm32l4xx_hal_msp.c
2023-05-28 22:19:48,930 [INFO] CodeEngine:255 - oldGeneratedFile, C:\Users\amine\Drone_Lumineux\firmware\drone\drone\MXTmpFiles\system.tmp_save
2023-05-28 22:19:49,014 [INFO] CodeEngine:279 - Generated code: C:\Users\amine\Drone_Lumineux\firmware\drone\drone\MXTmpFiles\system.tmp
2023-05-28 22:19:49,036 [INFO] CodeEngine:311 - oldGeneratedFile, C:\Users\amine\Drone_Lumineux\firmware\drone\drone\Core\Inc\stm32l4xx_hal_conf.h_save
2023-05-28 22:19:49,171 [INFO] CodeEngine:335 - Generated code: C:\Users\amine\Drone_Lumineux\firmware\drone\drone\Core\Inc\stm32l4xx_hal_conf.h
2023-05-28 22:19:49,227 [INFO] CodeEngine:255 - oldGeneratedFile, C:\Users\amine\Drone_Lumineux\firmware\drone\drone\Core\Inc\main.h_save
2023-05-28 22:19:49,377 [INFO] CodeEngine:279 - Generated code: C:\Users\amine\Drone_Lumineux\firmware\drone\drone\Core\Inc\main.h
2023-05-28 22:19:49,394 [INFO] CodeEngine:255 - oldGeneratedFile, C:\Users\amine\Drone_Lumineux\firmware\drone\drone\Core\Src\main.c_save
2023-05-28 22:19:49,532 [INFO] CodeEngine:279 - Generated code: C:\Users\amine\Drone_Lumineux\firmware\drone\drone\Core\Src\main.c
2023-05-28 22:19:50,559 [INFO] ProjectBuilder:2996 - Time for Copy HAL[1] : 448mS.
2023-05-28 22:19:50,565 [INFO] ProjectBuilder:4304 - Project Generator version: 3.19.2
2023-05-28 22:19:50,941 [INFO] ConfigFileManager:1483 - The Die is : DIE464
2023-05-28 22:19:53,319 [INFO] ProjectBuilder:4505 - Time for Generating toolchain IDE Files: 2754mS.
2023-05-28 22:19:53,320 [INFO] ProjectBuilder:2867 - Time for Copy CMSIS : 1mS.
2023-05-28 22:19:53,328 [INFO] ProjectBuilder:2867 - Time for Copy CMSIS : 0mS.
2023-05-28 22:21:52,747 [INFO] I2cTimingTraitement:330 - 0x10909CEC
2023-05-28 22:22:11,414 [INFO] I2cTimingTraitement:330 - 0x10909CEC
2023-05-28 22:22:25,166 [INFO] I2cTimingTraitement:330 - 0x10909CEC
2023-05-28 22:23:46,076 [INFO] I2cTimingTraitement:330 - 0x10909CEC
2023-05-28 22:23:46,827 [INFO] I2cTimingTraitement:330 - 0x10909CEC
2023-05-28 22:40:22,325 [ERROR] LogOutputStream:75 - [STDERR_REDIRECT] Exception in thread "AWT-EventQueue-0" org.eclipse.swt.SWTException: Device is disposed
2023-05-28 22:40:22,327 [ERROR] LogOutputStream:75 - [STDERR_REDIRECT] 	at org.eclipse.swt.SWT.error(SWT.java:4918)
2023-05-28 22:40:22,329 [ERROR] LogOutputStream:75 - [STDERR_REDIRECT] 	at org.eclipse.swt.SWT.error(SWT.java:4833)
2023-05-28 22:40:22,335 [ERROR] LogOutputStream:75 - [STDERR_REDIRECT] 	at org.eclipse.swt.SWT.error(SWT.java:4804)
2023-05-28 22:40:22,337 [ERROR] LogOutputStream:75 - [STDERR_REDIRECT] 	at org.eclipse.swt.widgets.Display.error(Display.java:1272)
2023-05-28 22:40:22,340 [ERROR] LogOutputStream:75 - [STDERR_REDIRECT] 	at org.eclipse.swt.widgets.Display.asyncExec(Display.java:789)
2023-05-28 22:40:22,349 [ERROR] LogOutputStream:75 - [STDERR_REDIRECT] 	at com.st.stm32cube.common.mx.oss.core.awtswtbridge.AwtEnvironment$2.run(AwtEnvironment.java:168)
2023-05-28 22:40:22,351 [ERROR] LogOutputStream:75 - [STDERR_REDIRECT] 	at java.desktop/java.awt.event.InvocationEvent.dispatch(InvocationEvent.java:313)
2023-05-28 22:40:22,354 [ERROR] LogOutputStream:75 - [STDERR_REDIRECT] 	at java.desktop/java.awt.EventQueue.dispatchEventImpl(EventQueue.java:770)
2023-05-28 22:40:22,357 [ERROR] LogOutputStream:75 - [STDERR_REDIRECT] 	at java.desktop/java.awt.EventQueue$4.run(EventQueue.java:721)
2023-05-28 22:40:22,359 [ERROR] LogOutputStream:75 - [STDERR_REDIRECT] 	at java.desktop/java.awt.EventQueue$4.run(EventQueue.java:715)
2023-05-28 22:40:22,365 [ERROR] LogOutputStream:75 - [STDERR_REDIRECT] 	at java.base/java.security.AccessController.doPrivileged(Native Method)
2023-05-28 22:40:22,369 [ERROR] LogOutputStream:75 - [STDERR_REDIRECT] 	at java.base/java.security.ProtectionDomain$JavaSecurityAccessImpl.doIntersectionPrivilege(ProtectionDomain.java:85)
2023-05-28 22:40:22,372 [ERROR] LogOutputStream:75 - [STDERR_REDIRECT] 	at java.desktop/java.awt.EventQueue.dispatchEvent(EventQueue.java:740)
2023-05-28 22:40:22,378 [ERROR] LogOutputStream:75 - [STDERR_REDIRECT] 	at java.desktop/java.awt.EventDispatchThread.pumpOneEventForFilters(EventDispatchThread.java:203)
2023-05-28 22:40:22,380 [ERROR] LogOutputStream:75 - [STDERR_REDIRECT] 	at java.desktop/java.awt.EventDispatchThread.pumpEventsForFilter(EventDispatchThread.java:124)
2023-05-28 22:40:22,386 [ERROR] LogOutputStream:75 - [STDERR_REDIRECT] 	at java.desktop/java.awt.EventDispatchThread.pumpEventsForHierarchy(EventDispatchThread.java:113)
2023-05-28 22:40:22,389 [ERROR] LogOutputStream:75 - [STDERR_REDIRECT] 	at java.desktop/java.awt.EventDispatchThread.pumpEvents(EventDispatchThread.java:109)
2023-05-28 22:40:22,392 [ERROR] LogOutputStream:75 - [STDERR_REDIRECT] 	at java.desktop/java.awt.EventDispatchThread.pumpEvents(EventDispatchThread.java:101)
2023-05-28 22:40:22,401 [ERROR] LogOutputStream:75 - [STDERR_REDIRECT] 	at java.desktop/java.awt.EventDispatchThread.run(EventDispatchThread.java:90)
