2023-06-11 15:04:13,360 [INFO] Activator:176 - 


2023-06-11 15:04:13,365 [INFO] Activator:177 - !SESSION log4j initialized
2023-06-11 15:04:19,257 [INFO] LogOutputStream:77 - [STDOUT_REDIRECT] 
2023-06-11 15:04:45,559 [ERROR] LogOutputStream:75 - [STDERR_REDIRECT] SLF4J: Failed to load class "org.slf4j.impl.StaticLoggerBinder".
2023-06-11 15:04:45,559 [ERROR] LogOutputStream:75 - [STDERR_REDIRECT] SLF4J: Defaulting to no-operation (NOP) logger implementation
2023-06-11 15:04:45,560 [ERROR] LogOutputStream:75 - [STDERR_REDIRECT] SLF4J: See http://www.slf4j.org/codes.html#StaticLoggerBinder for further details.
2023-06-11 15:23:57,596 [INFO] ApplicationProperties:184 - Using Application install path: C:\ST\STM32CubeIDE_1.12.0\STM32CubeIDE\plugins\com.st.stm32cube.common.mx_6.8.0.202302231600
2023-06-11 15:23:57,616 [INFO] DbMcusXml:78 - Set database path to: C:\ST\STM32CubeIDE_1.12.0\STM32CubeIDE\plugins\com.st.stm32cube.common.mx_6.8.0.202302231600\\db\/mcu/
2023-06-11 15:23:57,617 [INFO] ApiDb:274 - Set plugin database path to: C:\ST\STM32CubeIDE_1.12.0\STM32CubeIDE\plugins\com.st.stm32cube.common.mx_6.8.0.202302231600\\db\/plugins/boardmanager/
2023-06-11 15:23:57,618 [WARN] ApiDb:259 - Overriding images path with different value:  => C:\ST\STM32CubeIDE_1.12.0\STM32CubeIDE\plugins\com.st.stm32cube.common.mx_6.8.0.202302231600\\db\/plugins/mcufinder/images/
2023-06-11 15:23:57,634 [INFO] ApiDb:250 - Set database path to: C:\Users\amine\.stmcufinder\plugins\mcufinder//mcu/
2023-06-11 15:23:57,635 [INFO] DbMcusAds:125 - Set database path to: C:\Users\amine\.stmcufinder\plugins\mcufinder//mcu/
2023-06-11 15:23:57,648 [INFO] CrossReferenceDbSqlite:203 - Set database path to: C:\Users\amine\.stmcufinder\plugins\mcufinder//mcu/cs/
2023-06-11 15:23:57,759 [INFO] RulesReader:64 - Compatibility file has been processed (293 Rules)
2023-06-11 15:23:57,848 [INFO] DbMcusXml:78 - Set database path to: C:\ST\STM32CubeIDE_1.12.0\STM32CubeIDE\plugins\com.st.stm32cube.common.mx_6.8.0.202302231600\\db\/mcu/
2023-06-11 15:23:57,848 [INFO] ApiDb:274 - Set plugin database path to: C:\ST\STM32CubeIDE_1.12.0\STM32CubeIDE\plugins\com.st.stm32cube.common.mx_6.8.0.202302231600\\db\/plugins/boardmanager/
2023-06-11 15:23:57,848 [INFO] ApiDb:261 - Set plugin images path to: C:\ST\STM32CubeIDE_1.12.0\STM32CubeIDE\plugins\com.st.stm32cube.common.mx_6.8.0.202302231600\\db\/plugins/mcufinder/images/
2023-06-11 15:23:57,848 [WARN] DbFile:41 - Overriding database path with different value: C:\Users\amine\.stmcufinder\plugins\mcufinder/ => C:\Users\amine\.stmcufinder\plugins\mcufinder
2023-06-11 15:23:57,848 [INFO] ApiDb:250 - Set database path to: C:\Users\amine\.stmcufinder\plugins\mcufinder//mcu/
2023-06-11 15:23:57,848 [WARN] DbFile:41 - Overriding database path with different value: C:\Users\amine\.stmcufinder\plugins\mcufinder/ => C:\Users\amine\.stmcufinder\plugins\mcufinder
2023-06-11 15:23:57,848 [INFO] DbMcusAds:125 - Set database path to: C:\Users\amine\.stmcufinder\plugins\mcufinder//mcu/
2023-06-11 15:23:57,848 [WARN] DbFile:41 - Overriding database path with different value: C:\Users\amine\.stmcufinder\plugins\mcufinder/ => C:\Users\amine\.stmcufinder\plugins\mcufinder
2023-06-11 15:23:57,848 [WARN] DbFile:41 - Overriding database path with different value: C:\Users\amine\.stmcufinder\plugins\mcufinder/ => C:\Users\amine\.stmcufinder\plugins\mcufinder
2023-06-11 15:23:57,849 [INFO] CrossReferenceDbSqlite:203 - Set database path to: C:\Users\amine\.stmcufinder\plugins\mcufinder//mcu/cs/
2023-06-11 15:23:57,925 [INFO] MainPanel:253 - HeapMemory: 462422016
2023-06-11 15:23:58,015 [INFO] DbMcusXml:78 - Set database path to: C:\ST\STM32CubeIDE_1.12.0\STM32CubeIDE\plugins\com.st.stm32cube.common.mx_6.8.0.202302231600\\db\/mcu/
2023-06-11 15:23:58,015 [INFO] ApiDb:274 - Set plugin database path to: C:\ST\STM32CubeIDE_1.12.0\STM32CubeIDE\plugins\com.st.stm32cube.common.mx_6.8.0.202302231600\\db\/plugins/boardmanager/
2023-06-11 15:23:58,015 [INFO] ApiDb:261 - Set plugin images path to: C:\ST\STM32CubeIDE_1.12.0\STM32CubeIDE\plugins\com.st.stm32cube.common.mx_6.8.0.202302231600\\db\/plugins/mcufinder/images/
2023-06-11 15:23:58,015 [WARN] DbFile:41 - Overriding database path with different value: C:\Users\amine\.stmcufinder\plugins\mcufinder/ => C:\Users\amine\.stmcufinder\plugins\mcufinder
2023-06-11 15:23:58,015 [INFO] ApiDb:250 - Set database path to: C:\Users\amine\.stmcufinder\plugins\mcufinder//mcu/
2023-06-11 15:23:58,015 [WARN] DbFile:41 - Overriding database path with different value: C:\Users\amine\.stmcufinder\plugins\mcufinder/ => C:\Users\amine\.stmcufinder\plugins\mcufinder
2023-06-11 15:23:58,015 [INFO] DbMcusAds:125 - Set database path to: C:\Users\amine\.stmcufinder\plugins\mcufinder//mcu/
2023-06-11 15:23:58,016 [WARN] DbFile:41 - Overriding database path with different value: C:\Users\amine\.stmcufinder\plugins\mcufinder/ => C:\Users\amine\.stmcufinder\plugins\mcufinder
2023-06-11 15:23:58,016 [WARN] DbFile:41 - Overriding database path with different value: C:\Users\amine\.stmcufinder\plugins\mcufinder/ => C:\Users\amine\.stmcufinder\plugins\mcufinder
2023-06-11 15:23:58,016 [INFO] CrossReferenceDbSqlite:203 - Set database path to: C:\Users\amine\.stmcufinder\plugins\mcufinder//mcu/cs/
2023-06-11 15:23:58,034 [INFO] ApplicationProperties:184 - Using Application install path: C:\ST\STM32CubeIDE_1.12.0\STM32CubeIDE\plugins\com.st.stm32cube.common.mx_6.8.0.202302231600
2023-06-11 15:23:58,035 [INFO] PluginManage:196 - Search for loadable plugins [exclusion list=, ]
2023-06-11 15:23:58,036 [INFO] PluginManage:310 - Check plugin analytics
2023-06-11 15:24:02,727 [INFO] AnalyticsPlugin:253 - Accepted Software Licenses: 
2023-06-11 15:24:02,728 [INFO] AnalyticsPlugin:255 - Accepted CMSIS Pack Licenses: 
2023-06-11 15:24:02,728 [INFO] AnalyticsPlugin:257 - Accepted Firmware Licenses: FW.F7.1.17.0
2023-06-11 15:24:02,736 [INFO] PluginManage:359 - Loaded plugin analytics (category:tool,tabindex:-1)
2023-06-11 15:24:02,736 [INFO] PluginManage:310 - Check plugin cadmodel
2023-06-11 15:24:02,749 [INFO] CADModel:105 - Init CAD model plugin
2023-06-11 15:24:02,749 [INFO] PluginManage:359 - Loaded plugin cadmodel (category:power,tabindex:5)
2023-06-11 15:24:02,749 [INFO] PluginManage:310 - Check plugin clock
2023-06-11 15:24:02,775 [INFO] PluginManage:359 - Loaded plugin clock (category:base,tabindex:2)
2023-06-11 15:24:02,775 [INFO] PluginManage:310 - Check plugin ddr
2023-06-11 15:24:02,777 [INFO] PluginManage:359 - Loaded plugin ddr (category:tool,tabindex:6)
2023-06-11 15:24:02,777 [INFO] PluginManage:310 - Check plugin filemanager
2023-06-11 15:24:02,897 [INFO] PluginManage:359 - Loaded plugin filemanager (category:base,tabindex:10)
2023-06-11 15:24:02,897 [INFO] PluginManage:310 - Check plugin ipmanager
2023-06-11 15:24:02,904 [INFO] PluginManage:359 - Loaded plugin ipmanager (category:base,tabindex:5)
2023-06-11 15:24:02,904 [INFO] PluginManage:310 - Check plugin lpbam
2023-06-11 15:24:02,918 [INFO] PluginManage:359 - Loaded plugin lpbam (category:base,tabindex:0)
2023-06-11 15:24:02,918 [INFO] PluginManage:310 - Check plugin pinoutandconfiguration
2023-06-11 15:24:02,932 [INFO] PluginManage:359 - Loaded plugin pinoutandconfiguration (category:base,tabindex:1)
2023-06-11 15:24:02,932 [INFO] PluginManage:310 - Check plugin pinoutconfig
2023-06-11 15:24:03,030 [WARN] SupportedApi:132 - Cannot load RTOS API schema: s4s-elt-must-match.1: The content of 'definitions' must match (annotation?, (simpleType | complexType)?, (unique | key | keyref)*)). A problem was found starting at: attribute.
2023-06-11 15:24:03,156 [INFO] PluginManage:359 - Loaded plugin pinoutconfig (category:base,tabindex:0)
2023-06-11 15:24:03,156 [INFO] PluginManage:310 - Check plugin power
2023-06-11 15:24:03,173 [INFO] PluginManage:359 - Loaded plugin power (category:power,tabindex:4)
2023-06-11 15:24:03,173 [INFO] PluginManage:310 - Check plugin projectmanager
2023-06-11 15:24:03,188 [INFO] PluginManage:359 - Loaded plugin projectmanager (category:projectmanager,tabindex:3)
2023-06-11 15:24:03,188 [INFO] PluginManage:310 - Check plugin thirdparty
2023-06-11 15:24:03,417 [INFO] PluginManage:359 - Loaded plugin thirdparty (category:base,tabindex:-1)
2023-06-11 15:24:03,417 [WARN] IntegrityCheckThread:84 - waiting for thirdparty lock release [integrity check]
2023-06-11 15:24:03,418 [INFO] PluginManage:310 - Check plugin tools
2023-06-11 15:24:03,418 [INFO] IntegrityCheckThread:86 - entering critical section [integrity check]
2023-06-11 15:24:03,419 [INFO] ThirdPartyUpdaterWithRetryManager:70 - Updater plugin not ready yet. [1/15]
2023-06-11 15:24:03,440 [INFO] PluginManage:359 - Loaded plugin tools (category:base,tabindex:7)
2023-06-11 15:24:03,440 [INFO] PluginManage:310 - Check plugin tutovideos
2023-06-11 15:24:03,671 [INFO] PluginManage:359 - Loaded plugin tutovideos (category:base,tabindex:-1)
2023-06-11 15:24:03,671 [INFO] PluginManage:310 - Check plugin updater
2023-06-11 15:24:03,691 [INFO] PluginManage:359 - Loaded plugin updater (category:base,tabindex:12)
2023-06-11 15:24:03,691 [INFO] PluginManage:283 - PluginManage : Loaded plugins [15]
2023-06-11 15:24:03,950 [INFO] PinOutPanel:1499 - setPackage(No Configuration,No Configuration)
2023-06-11 15:24:04,017 [INFO] CADModel:165 - CPN selected for project level
2023-06-11 15:24:04,018 [INFO] CADModel:114 - Register for checkConnection events
2023-06-11 15:24:04,042 [INFO] IPUIPlugin:80 - create IPUIPlugin
2023-06-11 15:24:04,042 [INFO] PluginManager:220 - loadIPPluginJar : add adc
2023-06-11 15:24:04,069 [INFO] IPUIPlugin:80 - create IPUIPlugin
2023-06-11 15:24:04,069 [INFO] PluginManager:220 - loadIPPluginJar : add aes
2023-06-11 15:24:04,103 [INFO] IPUIPlugin:80 - create IPUIPlugin
2023-06-11 15:24:04,103 [INFO] PluginManager:220 - loadIPPluginJar : add can
2023-06-11 15:24:04,121 [INFO] IPUIPlugin:80 - create IPUIPlugin
2023-06-11 15:24:04,121 [INFO] PluginManager:220 - loadIPPluginJar : add comp
2023-06-11 15:24:04,146 [INFO] IPUIPlugin:80 - create IPUIPlugin
2023-06-11 15:24:04,146 [INFO] PluginManager:220 - loadIPPluginJar : add cryp
2023-06-11 15:24:04,169 [INFO] IPUIPlugin:80 - create IPUIPlugin
2023-06-11 15:24:04,169 [INFO] PluginManager:220 - loadIPPluginJar : add dfsdm
2023-06-11 15:24:04,182 [INFO] IPUIPlugin:80 - create IPUIPlugin
2023-06-11 15:24:04,183 [INFO] PluginManager:220 - loadIPPluginJar : add dma
2023-06-11 15:24:04,217 [INFO] IPUIPlugin:80 - create IPUIPlugin
2023-06-11 15:24:04,218 [INFO] PluginManager:220 - loadIPPluginJar : add dma3
2023-06-11 15:24:04,233 [INFO] IPUIPlugin:80 - create IPUIPlugin
2023-06-11 15:24:04,233 [INFO] PluginManager:220 - loadIPPluginJar : add fatfs
2023-06-11 15:24:04,269 [INFO] IPUIPlugin:80 - create IPUIPlugin
2023-06-11 15:24:04,269 [INFO] PluginManager:220 - loadIPPluginJar : add fmc
2023-06-11 15:24:04,282 [INFO] IPUIPlugin:80 - create IPUIPlugin
2023-06-11 15:24:04,282 [INFO] PluginManager:220 - loadIPPluginJar : add freertos
2023-06-11 15:24:04,298 [INFO] IPUIPlugin:80 - create IPUIPlugin
2023-06-11 15:24:04,299 [INFO] PluginManager:220 - loadIPPluginJar : add genericplugin
2023-06-11 15:24:04,364 [INFO] IPUIPlugin:80 - create IPUIPlugin
2023-06-11 15:24:04,364 [INFO] PluginManager:220 - loadIPPluginJar : add gfxmmu
2023-06-11 15:24:04,456 [INFO] IPUIPlugin:80 - create IPUIPlugin
2023-06-11 15:24:04,456 [INFO] PluginManager:220 - loadIPPluginJar : add gic
2023-06-11 15:24:04,467 [INFO] IPUIPlugin:80 - create IPUIPlugin
2023-06-11 15:24:04,468 [INFO] PluginManager:220 - loadIPPluginJar : add gpio
2023-06-11 15:24:04,538 [INFO] IPUIPlugin:80 - create IPUIPlugin
2023-06-11 15:24:04,538 [INFO] PluginManager:220 - loadIPPluginJar : add gtzc
2023-06-11 15:24:04,562 [INFO] IPUIPlugin:80 - create IPUIPlugin
2023-06-11 15:24:04,562 [INFO] PluginManager:220 - loadIPPluginJar : add hash
2023-06-11 15:24:04,603 [INFO] IPUIPlugin:80 - create IPUIPlugin
2023-06-11 15:24:04,603 [INFO] PluginManager:220 - loadIPPluginJar : add i2c
2023-06-11 15:24:04,631 [INFO] IPUIPlugin:80 - create IPUIPlugin
2023-06-11 15:24:04,631 [INFO] PluginManager:220 - loadIPPluginJar : add i2s
2023-06-11 15:24:04,663 [INFO] IPUIPlugin:80 - create IPUIPlugin
2023-06-11 15:24:04,663 [INFO] PluginManager:220 - loadIPPluginJar : add i3c
2023-06-11 15:24:04,744 [INFO] IPUIPlugin:80 - create IPUIPlugin
2023-06-11 15:24:04,745 [INFO] PluginManager:220 - loadIPPluginJar : add ipddr
2023-06-11 15:24:04,812 [INFO] IPUIPlugin:80 - create IPUIPlugin
2023-06-11 15:24:04,812 [INFO] PluginManager:220 - loadIPPluginJar : add linkedlist
2023-06-11 15:24:04,836 [INFO] IPUIPlugin:80 - create IPUIPlugin
2023-06-11 15:24:04,836 [INFO] PluginManager:220 - loadIPPluginJar : add lorawan
2023-06-11 15:24:04,860 [INFO] IPUIPlugin:80 - create IPUIPlugin
2023-06-11 15:24:04,860 [INFO] PluginManager:220 - loadIPPluginJar : add ltdc
2023-06-11 15:24:04,872 [INFO] IPUIPlugin:80 - create IPUIPlugin
2023-06-11 15:24:04,872 [INFO] PluginManager:220 - loadIPPluginJar : add mdma
2023-06-11 15:24:04,882 [INFO] IPUIPlugin:80 - create IPUIPlugin
2023-06-11 15:24:04,882 [INFO] PluginManager:220 - loadIPPluginJar : add nvic
2023-06-11 15:24:04,908 [INFO] IPUIPlugin:80 - create IPUIPlugin
2023-06-11 15:24:04,908 [INFO] PluginManager:220 - loadIPPluginJar : add opamp
2023-06-11 15:24:04,949 [INFO] IPUIPlugin:80 - create IPUIPlugin
2023-06-11 15:24:04,949 [INFO] PluginManager:220 - loadIPPluginJar : add openamp
2023-06-11 15:24:04,981 [INFO] IPUIPlugin:80 - create IPUIPlugin
2023-06-11 15:24:04,981 [INFO] PluginManager:220 - loadIPPluginJar : add pdm2pcm
2023-06-11 15:24:04,994 [INFO] IPUIPlugin:80 - create IPUIPlugin
2023-06-11 15:24:04,998 [INFO] PluginManager:220 - loadIPPluginJar : add plateformsettings
2023-06-11 15:24:05,015 [INFO] IPUIPlugin:80 - create IPUIPlugin
2023-06-11 15:24:05,015 [INFO] PluginManager:220 - loadIPPluginJar : add quadspi
2023-06-11 15:24:05,026 [INFO] IPUIPlugin:80 - create IPUIPlugin
2023-06-11 15:24:05,026 [INFO] PluginManager:220 - loadIPPluginJar : add resmgrutility
2023-06-11 15:24:05,073 [INFO] IPUIPlugin:80 - create IPUIPlugin
2023-06-11 15:24:05,073 [INFO] PluginManager:220 - loadIPPluginJar : add sai
2023-06-11 15:24:05,109 [INFO] IPUIPlugin:80 - create IPUIPlugin
2023-06-11 15:24:05,109 [INFO] PluginManager:220 - loadIPPluginJar : add spi
2023-06-11 15:24:05,158 [INFO] IPUIPlugin:80 - create IPUIPlugin
2023-06-11 15:24:05,158 [INFO] PluginManager:220 - loadIPPluginJar : add stm32_wpan
2023-06-11 15:24:05,176 [INFO] IPUIPlugin:80 - create IPUIPlugin
2023-06-11 15:24:05,176 [INFO] PluginManager:220 - loadIPPluginJar : add tim
2023-06-11 15:24:05,243 [INFO] IPUIPlugin:80 - create IPUIPlugin
2023-06-11 15:24:05,243 [INFO] PluginManager:220 - loadIPPluginJar : add touchsensing
2023-06-11 15:24:05,282 [INFO] IPUIPlugin:80 - create IPUIPlugin
2023-06-11 15:24:05,282 [INFO] PluginManager:220 - loadIPPluginJar : add tracer_emb
2023-06-11 15:24:05,303 [INFO] IPUIPlugin:80 - create IPUIPlugin
2023-06-11 15:24:05,303 [INFO] PluginManager:220 - loadIPPluginJar : add ts
2023-06-11 15:24:05,321 [INFO] IPUIPlugin:80 - create IPUIPlugin
2023-06-11 15:24:05,321 [INFO] PluginManager:220 - loadIPPluginJar : add tsc
2023-06-11 15:24:05,347 [INFO] IPUIPlugin:80 - create IPUIPlugin
2023-06-11 15:24:05,347 [INFO] PluginManager:220 - loadIPPluginJar : add ucpd
2023-06-11 15:24:05,661 [INFO] IPUIPlugin:80 - create IPUIPlugin
2023-06-11 15:24:05,661 [INFO] PluginManager:220 - loadIPPluginJar : add usart
2023-06-11 15:24:05,766 [INFO] IPUIPlugin:80 - create IPUIPlugin
2023-06-11 15:24:05,766 [INFO] PluginManager:220 - loadIPPluginJar : add usbx
2023-06-11 15:24:06,071 [INFO] CADModel:165 - CPN selected for project level
2023-06-11 15:24:06,071 [INFO] CADModel:114 - Register for checkConnection events
2023-06-11 15:24:06,071 [FATAL] Updater:308 - Updater called before beeing initialized
2023-06-11 15:24:06,072 [ERROR] CADModel:125 - Updater not yet initialized, retry later 
2023-06-11 15:24:06,301 [INFO] CADModel:165 - CPN selected for project level
2023-06-11 15:24:06,301 [INFO] CADModel:114 - Register for checkConnection events
2023-06-11 15:24:06,301 [FATAL] Updater:308 - Updater called before beeing initialized
2023-06-11 15:24:06,301 [ERROR] CADModel:125 - Updater not yet initialized, retry later 
2023-06-11 15:24:06,319 [FATAL] Updater:308 - Updater called before beeing initialized
2023-06-11 15:24:06,524 [INFO] ThirdPartyUpdaterWithRetryManager:70 - Updater plugin not ready yet. [2/15]
2023-06-11 15:24:07,147 [FATAL] Updater:308 - Updater called before beeing initialized
2023-06-11 15:24:07,220 [INFO] DbMcusAds:53 - JSON generation date=Tue Mar 07 09:50:55 CET 2023 (1678179055335)
2023-06-11 15:24:07,220 [FATAL] Updater:308 - Updater called before beeing initialized
2023-06-11 15:24:07,345 [WARN] DetailPanel:346 - Failed to get advertising image, set to default
2023-06-11 15:24:07,490 [FATAL] Updater:308 - Updater called before beeing initialized
2023-06-11 15:24:07,493 [FATAL] Updater:308 - Updater called before beeing initialized
2023-06-11 15:24:07,493 [FATAL] Updater:308 - Updater called before beeing initialized
2023-06-11 15:24:07,493 [WARN] DetailPanel:346 - Failed to get advertising image, set to default
2023-06-11 15:24:07,494 [FATAL] Updater:308 - Updater called before beeing initialized
2023-06-11 15:24:07,549 [ERROR] Updater:1120 - MainUpdater not yet initialized. External WinMGr cannot be set.
2023-06-11 15:24:07,557 [INFO] Updater:1056 - Updater Version found : 6.8.0
2023-06-11 15:24:07,577 [INFO] ApplicationProperties:184 - Using Application install path: C:\ST\STM32CubeIDE_1.12.0\STM32CubeIDE\plugins\com.st.stm32cube.common.mx_6.8.0.202302231600
2023-06-11 15:24:07,791 [INFO] MainUpdater:2854 - connection check result : 10
2023-06-11 15:24:07,791 [INFO] MainUpdater:3548 - Updater definition file requires update
2023-06-11 15:24:07,793 [INFO] MainUpdater:283 - Updater Check For Update Now.
2023-06-11 15:24:07,794 [INFO] MicroXplorer:498 - Change Database Version : DB.6.0.80
2023-06-11 15:24:07,832 [INFO] ServerAccessManage:473 - Download File updaters.zip
2023-06-11 15:24:07,875 [INFO] FileExtend:240 - Unzip File : updaters.zip
2023-06-11 15:24:07,875 [INFO] FileExtend:255 - Standard Zip Deflate
2023-06-11 15:24:08,369 [INFO] ServerAccessManage:473 - Download File PacksControlFlags.xml
2023-06-11 15:24:08,459 [INFO] ServerAccessManage:473 - Download File cubemx.pidx
2023-06-11 15:24:09,526 [WARN] MainUpdater:1187 - Updater busy. Cannot search thirdparties
2023-06-11 15:24:09,527 [INFO] ThirdPartyUpdaterWithRetryManager:96 - Updater plugin is busy. [1/15]
2023-06-11 15:24:12,210 [INFO] LoadServerUpdatesThread:373 - End of LoadServerUpdate Thread
2023-06-11 15:24:12,401 [INFO] CheckServerUpdateThread:120 - End of CheckServer Thread
2023-06-11 15:24:12,764 [WARN] PackLoader:240 - Cannot read IP mode file for STMicroelectronics.X-CUBE-SMBUS.2.1.0
2023-06-11 15:24:12,768 [INFO] MainUpdater:2854 - connection check result : 10
2023-06-11 15:24:12,777 [INFO] MainUpdater:2854 - connection check result : 10
2023-06-11 15:24:12,830 [WARN] PackLoader:240 - Cannot read IP mode file for STMicroelectronics.X-CUBE-AZRTOS-F7.1.1.0
2023-06-11 15:24:12,858 [ERROR] RealEvaluatedCondition:428 - Found unsupported composite condition: CLASS='Data Exchange' GROUP='STM32_MetaDataManager'
2023-06-11 15:24:12,859 [ERROR] RealEvaluatedCondition:428 - Found unsupported composite condition: CLASS='Data Exchange' GROUP='STM32_MetaDataManager'
2023-06-11 15:24:12,863 [WARN] PackLoader:240 - Cannot read IP mode file for STMicroelectronics.FP-SNS-MOTENV1.4.3.0
2023-06-11 15:24:12,886 [WARN] PackLoader:240 - Cannot read IP mode file for STMicroelectronics.FP-SNS-FLIGHT1.5.0.0
2023-06-11 15:24:12,909 [ERROR] RealEvaluatedCondition:428 - Found unsupported composite condition: CLASS='Data Exchange' GROUP='STM32_MetaDataManager'
2023-06-11 15:24:12,910 [ERROR] RealEvaluatedCondition:428 - Found unsupported composite condition: GROUP='STM32_MetaDataManager' CLASS='Data Exchange'
2023-06-11 15:24:12,914 [WARN] PackLoader:240 - Cannot read IP mode file for STMicroelectronics.FP-SNS-MOTENV1.4.3.1
2023-06-11 15:24:12,945 [WARN] PackLoader:240 - Cannot read IP mode file for STMicroelectronics.FP-SNS-FLIGHT1.5.0.1
2023-06-11 15:24:12,967 [WARN] PackLoader:240 - Cannot read IP mode file for STMicroelectronics.X-CUBE-BLE1.6.2.4
2023-06-11 15:24:12,989 [WARN] PackLoader:240 - Cannot read IP mode file for STMicroelectronics.X-CUBE-DISPLAY.3.0.0
2023-06-11 15:24:13,021 [INFO] LogOutputStream:77 - [STDOUT_REDIRECT] 1 : Invalid condition id : UX_CORESTACK_Condition cause : null
2023-06-11 15:24:13,021 [INFO] LogOutputStream:77 - [STDOUT_REDIRECT] 1 : Invalid condition id : UX_CORESTACK_Condition cause : null
2023-06-11 15:24:13,023 [INFO] LogOutputStream:77 - [STDOUT_REDIRECT] 1 : Invalid condition id : UX_CORESTACK_Condition cause : null
2023-06-11 15:24:13,025 [INFO] LogOutputStream:77 - [STDOUT_REDIRECT] 1 : Invalid condition id : UX_CORESTACK_Condition cause : null
2023-06-11 15:24:13,026 [INFO] LogOutputStream:77 - [STDOUT_REDIRECT] 1 : Invalid condition id : UX_CORESTACK_Condition cause : null
2023-06-11 15:24:13,032 [WARN] PackLoader:240 - Cannot read IP mode file for STMicroelectronics.X-CUBE-AZRTOS-WL.2.0.0
2023-06-11 15:24:13,058 [INFO] MicroXplorer:468 - Change Database Path : 
2023-06-11 15:24:13,059 [INFO] MicroXplorer:498 - Change Database Version : DB.6.0.80
2023-06-11 15:24:13,059 [WARN] ThirdParty:871 - waiting for thirdparty lock release [close project]
2023-06-11 15:24:13,064 [WARN] PackLoader:240 - Cannot read IP mode file for WES.I-CUBE-Cesium.1.3.0
2023-06-11 15:24:13,082 [WARN] PackLoader:240 - Cannot read IP mode file for STMicroelectronics.X-CUBE-BLE2.3.3.0
2023-06-11 15:24:13,108 [WARN] PackLoader:240 - Cannot read IP mode file for STMicroelectronics.X-CUBE-TOUCHGFX.4.21.3
2023-06-11 15:24:13,120 [WARN] PackLoader:240 - Cannot read IP mode file for STMicroelectronics.X-CUBE-TOUCHGFX.4.21.4
2023-06-11 15:24:13,138 [WARN] PackLoader:240 - Cannot read IP mode file for STMicroelectronics.X-CUBE-ALGOBUILD.1.3.0
2023-06-11 15:24:13,193 [WARN] PackLoader:240 - Cannot read IP mode file for STMicroelectronics.X-CUBE-AZRTOS-G0.1.1.0
2023-06-11 15:24:13,234 [WARN] PackLoader:240 - Cannot read IP mode file for STMicroelectronics.X-CUBE-NFC4.3.0.0
2023-06-11 15:24:13,252 [WARN] PackLoader:240 - Cannot read IP mode file for STMicroelectronics.FP-ATR-SIGFOX1.3.2.0
2023-06-11 15:24:13,355 [WARN] PackLoader:240 - Cannot read IP mode file for STMicroelectronics.X-CUBE-MEMS1.9.5.0
2023-06-11 15:24:13,701 [WARN] PackLoader:240 - Cannot read IP mode file for SEGGER.I-CUBE-embOS.1.3.1
2023-06-11 15:24:13,782 [WARN] PackLoader:240 - Cannot read IP mode file for STMicroelectronics.X-CUBE-GNSS1.6.0.0
2023-06-11 15:24:13,822 [WARN] PackLoader:240 - Cannot read IP mode file for STMicroelectronics.X-CUBE-AZRTOS-F4.1.1.0
2023-06-11 15:24:13,842 [WARN] PackLoader:240 - Cannot read IP mode file for wolfSSL.I-CUBE-wolfSSL.5.6.0
2023-06-11 15:24:13,910 [WARN] PackLoader:240 - Cannot read IP mode file for STMicroelectronics.X-CUBE-MEMS1.9.6.0
2023-06-11 15:24:14,078 [WARN] PackLoader:240 - Cannot read IP mode file for emotas.I-CUBE-CANOPEN.1.1.3
2023-06-11 15:24:14,097 [WARN] PackLoader:240 - Cannot read IP mode file for STMicroelectronics.X-CUBE-BLEMGR.2.0.0
2023-06-11 15:24:14,134 [WARN] ConditionMgr:438 - getConditionDescription Invalid condition id : UX DEVICE CLASS RTOS Condition cause : null
2023-06-11 15:24:14,134 [WARN] ConditionMgr:438 - getConditionDescription Invalid condition id : UX DEVICE CLASS RTOS Condition cause : null
2023-06-11 15:24:14,142 [WARN] PackLoader:240 - Cannot read IP mode file for STMicroelectronics.X-CUBE-AZRTOS-H7.3.1.0
2023-06-11 15:24:14,145 [WARN] ConditionMgr:1039 - genDependencies : Invalid condition id : UX DEVICE CLASS RTOS Condition cause : null
2023-06-11 15:24:14,145 [WARN] ConditionMgr:1039 - genDependencies : Invalid condition id : UX DEVICE CLASS RTOS Condition cause : null
2023-06-11 15:24:14,146 [WARN] ConditionMgr:1039 - genDependencies : Invalid condition id : UX DEVICE CLASS RTOS Condition cause : null
2023-06-11 15:24:14,147 [WARN] ConditionMgr:1039 - genDependencies : Invalid condition id : UX DEVICE CLASS RTOS Condition cause : null
2023-06-11 15:24:14,148 [WARN] ConditionMgr:1039 - genDependencies : Invalid condition id : UX DEVICE CLASS RTOS Condition cause : null
2023-06-11 15:24:14,168 [WARN] PackLoader:240 - Cannot read IP mode file for STMicroelectronics.X-CUBE-NFC7.1.0.0
2023-06-11 15:24:14,190 [WARN] PackLoader:240 - Cannot read IP mode file for STMicroelectronics.X-CUBE-EEPRMA1.4.1.0
2023-06-11 15:24:14,237 [WARN] ConditionMgr:438 - getConditionDescription Invalid condition id : LAN8742 Phy interface Condition cause : null
2023-06-11 15:24:14,239 [WARN] PackLoader:240 - Cannot read IP mode file for STMicroelectronics.X-CUBE-AZRTOS-L4.2.0.0
2023-06-11 15:24:14,243 [WARN] ConditionMgr:1039 - genDependencies : Invalid condition id : LAN8742 Phy interface Condition cause : null
2023-06-11 15:24:14,243 [WARN] ConditionMgr:1039 - genDependencies : Invalid condition id : LAN8742 Phy interface Condition cause : null
2023-06-11 15:24:14,244 [WARN] ConditionMgr:1039 - genDependencies : Invalid condition id : LAN8742 Phy interface Condition cause : null
2023-06-11 15:24:14,263 [WARN] PackLoader:240 - Cannot read IP mode file for STMicroelectronics.X-CUBE-SFXS2LP1.4.0.0
2023-06-11 15:24:14,308 [WARN] PackLoader:240 - Cannot read IP mode file for STMicroelectronics.X-CUBE-AZRTOS-H7.3.0.0
2023-06-11 15:24:14,327 [WARN] PackLoader:240 - Cannot read IP mode file for STMicroelectronics.X-CUBE-ISPU.1.1.0
2023-06-11 15:24:14,342 [WARN] PackLoader:240 - Cannot read IP mode file for RoweBots.I-CUBE-UNISONRTOS.5.5.0-4
2023-06-11 15:24:14,354 [WARN] PackLoader:240 - Cannot read IP mode file for STMicroelectronics.X-CUBE-AI.8.0.0
2023-06-11 15:24:14,368 [WARN] PackLoader:240 - Cannot read IP mode file for STMicroelectronics.X-CUBE-FREERTOS.1.0.0
2023-06-11 15:24:14,383 [WARN] PackLoader:240 - Cannot read IP mode file for STMicroelectronics.X-CUBE-FREERTOS.1.0.1
2023-06-11 15:24:14,431 [WARN] PackLoader:240 - Cannot read IP mode file for STMicroelectronics.X-CUBE-AZRTOS-L5.1.1.0
2023-06-11 15:24:14,448 [WARN] PackLoader:240 - Cannot read IP mode file for STMicroelectronics.X-CUBE-AI.8.0.1
2023-06-11 15:24:14,469 [WARN] PackLoader:240 - Cannot read IP mode file for STMicroelectronics.X-CUBE-SUBG2.5.0.0
2023-06-11 15:24:14,521 [WARN] PackLoader:240 - Cannot read IP mode file for STMicroelectronics.X-CUBE-AZRTOS-G4.2.0.0
2023-06-11 15:24:14,540 [WARN] PackLoader:240 - Cannot read IP mode file for STMicroelectronics.X-CUBE-TOF1.3.3.0
2023-06-11 15:24:14,562 [WARN] PackLoader:240 - Cannot read IP mode file for STMicroelectronics.FP-ATR-ASTRA1.1.1.1
2023-06-11 15:24:14,588 [WARN] PackLoader:240 - Cannot read IP mode file for STMicroelectronics.X-CUBE-AZRTOS-G4.1.0.0
2023-06-11 15:24:14,619 [WARN] PackLoader:240 - Cannot read IP mode file for STMicroelectronics.X-CUBE-AZRTOS-L4.1.0.0
2023-06-11 15:24:14,646 [WARN] PackLoader:240 - Cannot read IP mode file for STMicroelectronics.X-CUBE-AZRTOS-WL.1.0.0
2023-06-11 15:24:14,663 [WARN] PackLoader:240 - Cannot read IP mode file for portGmbH.I-Cube-SoM-uGOAL.1.1.0
2023-06-11 15:24:14,677 [WARN] PackLoader:240 - Cannot read IP mode file for STMicroelectronics.X-CUBE-ALS.1.0.1
2023-06-11 15:24:14,706 [WARN] PackLoader:240 - Cannot read IP mode file for STMicroelectronics.X-CUBE-AZRTOS-WB.1.1.0
2023-06-11 15:24:14,722 [WARN] PackLoader:240 - Cannot read IP mode file for STMicroelectronics.FP-ATR-ASTRA1.2.0.0
2023-06-11 15:24:14,723 [INFO] ThirdParty:978 - Integrity check success = true
2023-06-11 15:24:14,723 [INFO] IntegrityCheckThread:100 - exiting critical section [integrity check]
2023-06-11 15:24:14,723 [INFO] IntegrityCheckThread:103 - End integrity checks thread
2023-06-11 15:24:14,723 [INFO] ThirdParty:873 - entering critical section [close project]
2023-06-11 15:24:14,724 [INFO] ThirdParty:883 - exiting critical section [close project]
2023-06-11 15:24:14,728 [INFO] PinOutPanel:1499 - setPackage(No Configuration,No Configuration)
2023-06-11 15:24:14,735 [INFO] UtilMem:75 - Begin LoadConfig() Used Memory: 478163688 Bytes (804257792)
2023-06-11 15:24:14,737 [INFO] MicroXplorer:468 - Change Database Path : 
2023-06-11 15:24:14,737 [INFO] MicroXplorer:498 - Change Database Version : DB.6.0.80
2023-06-11 15:24:14,737 [INFO] OpenFileManager:308 - Change cursor
2023-06-11 15:24:14,797 [INFO] Mcu:1937 - Initializing MCU STM32L412KBUx STM32L412KBUx STM32L412KBU3
2023-06-11 15:24:16,417 [INFO] Context:659 - Trying to add GPIOservice into a context  which must be forbidden
2023-06-11 15:24:17,334 [INFO] RtosManager:555 - Registered RTOS mode: class=CMSIS, group=RTOS, mode=CMSIS_V1, owner=FREERTOS
2023-06-11 15:24:17,334 [INFO] RtosManager:555 - Registered RTOS mode: class=CMSIS, group=RTOS2, mode=CMSIS_V2, owner=FREERTOS
2023-06-11 15:24:17,335 [INFO] RtosManager:555 - Registered RTOS mode: class=RTOS, group=Core, mode=CMSIS_V1, owner=FREERTOS
2023-06-11 15:24:17,335 [INFO] RtosManager:555 - Registered RTOS mode: class=RTOS, group=Core, mode=CMSIS_V2, owner=FREERTOS
2023-06-11 15:24:17,335 [WARN] ModelIntegratedComponent:184 - Missing modes for component STMicroelectronics:FreeRTOS:0.0.1:STMicroelectronics:RTOS:FreeRTOS:Core:::10.2.0:
2023-06-11 15:24:17,360 [WARN] ModelIntegratedComponent:63 - No mode defined for component null
2023-06-11 15:24:17,360 [WARN] ModelIntegratedComponent:63 - No mode defined for component null
2023-06-11 15:24:17,361 [WARN] ModelIntegratedComponent:63 - No mode defined for component null
2023-06-11 15:24:17,361 [WARN] ModelIntegratedComponent:63 - No mode defined for component null
2023-06-11 15:24:17,361 [WARN] ModelIntegratedComponent:63 - No mode defined for component null
2023-06-11 15:24:17,361 [WARN] ModelIntegratedComponent:63 - No mode defined for component null
2023-06-11 15:24:17,361 [WARN] ModelIntegratedComponent:63 - No mode defined for component null
2023-06-11 15:24:17,361 [WARN] ModelIntegratedComponent:63 - No mode defined for component null
2023-06-11 15:24:17,361 [WARN] ModelIntegratedComponent:63 - No mode defined for component null
2023-06-11 15:24:17,361 [WARN] ModelIntegratedComponent:63 - No mode defined for component null
2023-06-11 15:24:17,361 [WARN] ModelIntegratedComponent:63 - No mode defined for component null
2023-06-11 15:24:17,361 [WARN] ModelIntegratedComponent:63 - No mode defined for component null
2023-06-11 15:24:17,361 [WARN] ModelIntegratedComponent:63 - No mode defined for component null
2023-06-11 15:24:17,362 [WARN] ModelIntegratedComponent:63 - No mode defined for component null
2023-06-11 15:24:17,362 [WARN] ModelIntegratedComponent:63 - No mode defined for component null
2023-06-11 15:24:17,362 [WARN] ModelIntegratedComponent:63 - No mode defined for component null
2023-06-11 15:24:17,362 [WARN] ModelIntegratedComponent:63 - No mode defined for component null
2023-06-11 15:24:17,362 [WARN] ModelIntegratedComponent:63 - No mode defined for component null
2023-06-11 15:24:17,362 [WARN] ModelIntegratedComponent:63 - No mode defined for component null
2023-06-11 15:24:17,362 [WARN] ModelIntegratedComponent:63 - No mode defined for component null
2023-06-11 15:24:17,362 [WARN] ModelIntegratedComponent:63 - No mode defined for component null
2023-06-11 15:24:17,362 [WARN] ModelIntegratedComponent:63 - No mode defined for component null
2023-06-11 15:24:17,362 [WARN] ModelIntegratedComponent:63 - No mode defined for component null
2023-06-11 15:24:17,363 [WARN] ModelIntegratedComponent:63 - No mode defined for component null
2023-06-11 15:24:17,363 [WARN] ModelIntegratedComponent:63 - No mode defined for component null
2023-06-11 15:24:17,363 [WARN] ModelIntegratedComponent:63 - No mode defined for component null
2023-06-11 15:24:17,363 [WARN] ModelIntegratedComponent:63 - No mode defined for component null
2023-06-11 15:24:17,363 [WARN] ModelIntegratedComponent:63 - No mode defined for component null
2023-06-11 15:24:17,363 [WARN] ModelIntegratedComponent:63 - No mode defined for component null
2023-06-11 15:24:17,363 [WARN] ModelIntegratedComponent:63 - No mode defined for component null
2023-06-11 15:24:17,364 [WARN] ModelIntegratedComponent:63 - No mode defined for component null
2023-06-11 15:24:17,364 [WARN] ModelIntegratedComponent:63 - No mode defined for component null
2023-06-11 15:24:17,364 [WARN] ModelIntegratedComponent:63 - No mode defined for component null
2023-06-11 15:24:17,505 [INFO] ThirdPartyModel:298 - Start build external matchings
2023-06-11 15:24:18,097 [INFO] ThirdPartyModel:316 - End build external matchings
2023-06-11 15:24:18,132 [INFO] ImportTextPane:194 - (OptionalMessage_ERROR) IP (ADC1) : Parameter (CommonPathInternal) has invalid value (null|null|null|null)
2023-06-11 15:24:18,132 [INFO] ImportTextPane:194 - (OptionalMessage_ERROR) IP (DMA) : Parameter (Instance) has Id (TIM2_CH1) currently not set
2023-06-11 15:24:18,133 [INFO] ImportTextPane:194 - (OptionalMessage_ERROR) IP (DMA) : Parameter (Request) has Id (TIM2_CH1) currently not set
2023-06-11 15:24:18,133 [INFO] ImportTextPane:194 - (OptionalMessage_ERROR) IP (DMA) : Parameter (Direction) has Id (TIM2_CH1) currently not set
2023-06-11 15:24:18,133 [INFO] ImportTextPane:194 - (OptionalMessage_ERROR) IP (DMA) : Parameter (PeriphInc) has Id (TIM2_CH1) currently not set
2023-06-11 15:24:18,133 [INFO] ImportTextPane:194 - (OptionalMessage_ERROR) IP (DMA) : Parameter (MemInc) has Id (TIM2_CH1) currently not set
2023-06-11 15:24:18,133 [INFO] ImportTextPane:194 - (OptionalMessage_ERROR) IP (DMA) : Parameter (PeriphDataAlignment) has Id (TIM2_CH1) currently not set
2023-06-11 15:24:18,134 [INFO] ImportTextPane:194 - (OptionalMessage_ERROR) IP (DMA) : Parameter (MemDataAlignment) has Id (TIM2_CH1) currently not set
2023-06-11 15:24:18,134 [INFO] ImportTextPane:194 - (OptionalMessage_ERROR) IP (DMA) : Parameter (Mode) has Id (TIM2_CH1) currently not set
2023-06-11 15:24:18,134 [INFO] ImportTextPane:194 - (OptionalMessage_ERROR) IP (DMA) : Parameter (Priority) has Id (TIM2_CH1) currently not set
2023-06-11 15:24:18,144 [INFO] ImportTextPane:194 - (OptionalMessage_ERROR) IP (RCC) : Invalid parameter (FamilyName)
2023-06-11 15:24:18,353 [INFO] UtilMem:75 - End LoadConfig() Used Memory: 637159896 Bytes (804257792)
2023-06-11 15:24:18,444 [INFO] ApiDb:581 - Connected to CubeFinder SQLite database (C:\Users\amine\.stmcufinder\plugins\mcufinder\mcu\cube-finder-db.db)
2023-06-11 15:24:18,500 [INFO] ApiDb:668 - CubeFinder database Data Model version=2.1
2023-06-11 15:24:18,501 [INFO] ApiDb:669 - CubeFinder database Configuration version=3.0.35
2023-06-11 15:24:18,501 [INFO] ApiDb:670 - CubeFinder database generation date=2023-05-12 (1683877179)
2023-06-11 15:24:18,501 [INFO] ApiDb:671 - CubeFinder database FW Pack versions=[FP-ATR-ASTRA1_V2.0.0, FP-SNS-FLIGHT1_V5.0.0, FP-SNS-MOTENV1_V4.3.0, STM32Cube_FW_C0_V1.0.1, STM32Cube_FW_F0_V1.11.4, STM32Cube_FW_F3_V1.11.4, STM32Cube_FW_F4_V1.27.1, STM32Cube_FW_F7_V1.17.0, STM32Cube_FW_G0_V1.6.1, STM32Cube_FW_G4_V1.5.1, STM32Cube_FW_H5_V0.5.1, STM32Cube_FW_H5_V1.0.0, STM32Cube_FW_H7_V1.11.0, STM32Cube_FW_L0_V1.12.2, STM32Cube_FW_L5_V1.5.0, STM32Cube_FW_U5_V1.2.0, STM32Cube_FW_WBA_V1.0.0, STM32Cube_FW_WBA_V1.0.0RC1, STM32Cube_FW_WBA_V1.0.0RC3, STM32Cube_FW_WB_V1.15.0RC1, STM32Cube_FW_WB_V1.16.0, STM32Cube_FW_WB_V1.16.0RC2, STM32Cube_FW_WL_V1.3.0, X-CUBE-ALGOBUILD_V1.3.0, X-CUBE-ALS_V1.0.1, X-CUBE-AZRTOS-F4_V1.1.0, X-CUBE-AZRTOS-F7_V1.1.0, X-CUBE-AZRTOS-G0_V1.1.0, X-CUBE-AZRTOS-G4_V2.0.0, X-CUBE-AZRTOS-H7_V3.1.0, X-CUBE-AZRTOS-L4_V1.0.0, X-CUBE-AZRTOS-L5_V1.1.0, X-CUBE-AZRTOS-WB_V1.1.0, X-CUBE-AZRTOS-WL_V1.0.0, X-CUBE-BLE1_V6.2.4, X-CUBE-BLE2_V3.3.0, X-CUBE-BLEMGR_V2.0.0, X-CUBE-EEPRMA1_V4.1.0, X-CUBE-FREERTOS_V1.0.1, X-CUBE-GNSS1_V6.0.0, X-CUBE-MEMS1_V9.1.0, X-CUBE-MEMS1_V9.4.0, X-CUBE-MEMS1_V9.6.0, X-CUBE-NFC4_V3.0.0, X-CUBE-NFC7_V1.0.0, X-CUBE-SFXS2LP1_V4.0.0, X-CUBE-SUBG2_V5.0.0]
2023-06-11 15:24:20,921 [INFO] ApiDb:240 - Found 297 in-development CPN: [B-G473E-ZEST1S, B-WB1M-WPAN1, B-WL5M-SUBG1, NUCLEO-C031C6, NUCLEO-H503RB, NUCLEO-H563ZI, NUCLEO-U545RE-Q, NUCLEO-U5A5ZJ-Q, NUCLEO-WBA52CG, STEVAL-PROTEUS1, STEVAL-STWINBX1, STM320518-EVAL, STM32C0116-DK, STM32C011D6Y3TR, STM32C011D6Y6TR, STM32C011F4P3, STM32C011F4P6, STM32C011F4U3, STM32C011F4U6TR, STM32C011F6P3, STM32C011F6P6, STM32C011F6U3, STM32C011F6U6TR, STM32C011J4M3, STM32C011J4M6, STM32C011J6M3, STM32C011J6M6, STM32C0316-DK, STM32C031C4T3, STM32C031C4T6, STM32C031C4U3, STM32C031C4U6, STM32C031C6T3, STM32C031C6T6, STM32C031C6U3, STM32C031C6U6, STM32C031F4P3, STM32C031F4P6, STM32C031F6P3, STM32C031F6P6, STM32C031G4U3, STM32C031G4U6, STM32C031G6U3, STM32C031G6U6, STM32C031K4T3, STM32C031K4T6, STM32C031K4U3, STM32C031K4U6, STM32C031K6T3, STM32C031K6T6, STM32C031K6U3, STM32C031K6U6, STM32G071K8TXN, STM32G071K8UXN, STM32G081GBU6N, STM32G081KBT6N, STM32G081KBUXN, STM32G0B1CCT6N, STM32G0B1KCT6, STM32G0B1NEY6TR, STM32G0B1RCT6N, STM32G0C1CCT6, STM32G0C1CCT6N, STM32G0C1CCU6N, STM32G0C1CET6N, STM32G0C1CEU6N, STM32G0C1KCT6, STM32G0C1NEY6TR, STM32G0C1RCI6N, STM32G0C1RCT6N, STM32G0C1REI6N, STM32G0C1RET6N, STM32G0C1VCI6, STM32G0C1VEI6, STM32G471CCT6, STM32G471CCU6, STM32G471CET3, STM32G471CET6, STM32G471CEU3, STM32G471CEU6, STM32G471MCT6, STM32G471MET3, STM32G471MET6, STM32G471MEY6TR, STM32G471QCT6, STM32G471QET3, STM32G471RCT6, STM32G471RET3, STM32G471RET6, STM32G471VCH6, STM32G471VCI6, STM32G471VCT6, STM32G471VEH3, STM32G471VEH6, STM32G471VEI3, STM32G471VEI6, STM32G471VET3, STM32G471VET6, STM32G474CCT6, STM32H503CBT6, STM32H503CBU6, STM32H503EBY6TR, STM32H503KBU6, STM32H503RBT6, STM32H562AGI6, STM32H562AII6, STM32H562IGK6, STM32H562IGT6, STM32H562IIK6, STM32H562IIT6, STM32H562RGT6, STM32H562RGV6, STM32H562RIT6, STM32H562RIV6, STM32H562VGT6, STM32H562VIT6, STM32H562ZGT6, STM32H562ZIT6, STM32H563AGI6, STM32H563AII3Q, STM32H563AII6, STM32H563IGK6, STM32H563IGT6, STM32H563IIK3Q, STM32H563IIK6, STM32H563IIT3Q, STM32H563IIT6, STM32H563MIY3QTR, STM32H563RGT6, STM32H563RGV6, STM32H563RIT6, STM32H563RIV6, STM32H563VGT6, STM32H563VIT3Q, STM32H563VIT6, STM32H563ZGT6, STM32H563ZIT3Q, STM32H563ZIT6, STM32H573AII3Q, STM32H573AII6, STM32H573I-DK, STM32H573IIK3Q, STM32H573IIK6, STM32H573IIT3Q, STM32H573IIT6, STM32H573MIY3QTR, STM32H573RIT6, STM32H573RIV6, STM32H573VIT3Q, STM32H573VIT6, STM32H573ZIT3Q, STM32H573ZIT6, STM32L4R5QGI6STR, STM32MP131AAE3, STM32MP131AAF3, STM32MP131AAG3, STM32MP131CAE3, STM32MP131CAF3, STM32MP131CAG3, STM32MP131DAE7, STM32MP131DAF7, STM32MP131DAG7, STM32MP131FAE7, STM32MP131FAF7, STM32MP131FAG7, STM32MP133AAE3, STM32MP133AAF3, STM32MP133AAG3, STM32MP133CAE3, STM32MP133CAF3, STM32MP133CAG3, STM32MP133DAE7, STM32MP133DAF7, STM32MP133DAG7, STM32MP133FAE7, STM32MP133FAF7, STM32MP133FAG7, STM32MP135AAE3, STM32MP135AAF3, STM32MP135AAG3, STM32MP135CAE3, STM32MP135CAF3, STM32MP135CAG3, STM32MP135DAE7, STM32MP135DAF7, STM32MP135DAG7, STM32MP135F-DK, STM32MP135FAE7, STM32MP135FAF7, STM32MP135FAF7T, STM32MP135FAF7U, STM32MP135FAG7, STM32U535CBT6, STM32U535CBT6Q, STM32U535CBU6, STM32U535CBU6Q, STM32U535CCT6, STM32U535CCT6Q, STM32U535CCU6, STM32U535CCU6Q, STM32U535CET6, STM32U535CET6Q, STM32U535CEU6, STM32U535CEU6Q, STM32U535JEY6QTR, STM32U535NCY6QTR, STM32U535NEY6QTR, STM32U535RBI6, STM32U535RBI6Q, STM32U535RBT6, STM32U535RBT6Q, STM32U535RCI6, STM32U535RCI6Q, STM32U535RCT6, STM32U535RCT6Q, STM32U535REI6, STM32U535REI6Q, STM32U535RET6, STM32U535RET6Q, STM32U535VCI6, STM32U535VCI6Q, STM32U535VCT6, STM32U535VCT6Q, STM32U535VEI6, STM32U535VEI6Q, STM32U535VET6, STM32U535VET6Q, STM32U545CET6, STM32U545CET6Q, STM32U545CEU6, STM32U545CEU6Q, STM32U545JEY6QTR, STM32U545NEY6QTR, STM32U545REI6, STM32U545REI6Q, STM32U545RET6, STM32U545RET6Q, STM32U545VEI6, STM32U545VEI6Q, STM32U545VET6, STM32U545VET6Q, STM32U595AIH6, STM32U595AIH6Q, STM32U595AJH6, STM32U595AJH6Q, STM32U595QII6, STM32U595QII6Q, STM32U595QJI6, STM32U595QJI6Q, STM32U595RIT6, STM32U595RIT6Q, STM32U595RJT6, STM32U595RJT6Q, STM32U595VIT6, STM32U595VIT6Q, STM32U595VJT6, STM32U595VJT6Q, STM32U595ZIT6, STM32U595ZIT6Q, STM32U595ZIY6QTR, STM32U595ZJT6, STM32U595ZJT6Q, STM32U595ZJY6QTR, STM32U599BJY6QTR, STM32U599NIH6Q, STM32U599NJH6Q, STM32U599VIT6Q, STM32U599VJT6, STM32U599VJT6Q, STM32U599ZIT6Q, STM32U599ZIY6QTR, STM32U599ZJT6Q, STM32U599ZJY6QTR, STM32U5A5AJH6, STM32U5A5AJH6Q, STM32U5A5QJI6, STM32U5A5QJI6Q, STM32U5A5RJT6, STM32U5A5RJT6Q, STM32U5A5VJT6, STM32U5A5VJT6Q, STM32U5A5ZJT6, STM32U5A5ZJT6Q, STM32U5A5ZJY6QTR, STM32U5A9BJY6QTR, STM32U5A9J-DK, STM32U5A9NJH6Q, STM32U5A9VJT6Q, STM32U5A9ZJT6Q, STM32U5A9ZJY6QTR, STM32WB1MMCH6, STM32WBA52CEU6, STM32WBA52CEU6T, STM32WBA52CGU6, STM32WBA52CGU6T, STM32WL5MOCH6, STM32WL5MOCH6TR]
2023-06-11 15:24:20,926 [INFO] DbMcus:216 - Found 3775 MCUs, 3775 are supported
2023-06-11 15:24:20,929 [INFO] ApiDb:423 - Load user favorites file C:\Users\amine/.stm32cubeide/favorites.mcus.txt: 0 item(s)
2023-06-11 15:24:20,929 [INFO] ApiDb:427 - User favorites MCUs=[]
2023-06-11 15:24:20,929 [INFO] DbMcus:222 - Set 0 / 0 favorites MCUs
2023-06-11 15:24:21,927 [WARN] ThirdParty:833 - waiting for thirdparty lock release [change project]
2023-06-11 15:24:21,927 [INFO] ThirdParty:835 - entering critical section [change project]
2023-06-11 15:24:21,928 [INFO] ThirdParty:1030 - CMSIS Pack Vendor :STMicroelectronics X-CUBE-ISPU 1.1.0
2023-06-11 15:24:21,928 [INFO] ThirdParty:1030 - CMSIS Pack Vendor :RoweBots I-CUBE-UNISONRTOS 5.5.0-4
2023-06-11 15:24:21,928 [INFO] ThirdParty:1030 - CMSIS Pack Vendor :STMicroelectronics X-CUBE-GNSS1 6.0.0
2023-06-11 15:24:21,928 [INFO] ThirdParty:1030 - CMSIS Pack Vendor :STMicroelectronics USB_HOST 2.0.0
2023-06-11 15:24:21,928 [INFO] ThirdParty:1030 - CMSIS Pack Vendor :STMicroelectronics X-CUBE-AZRTOS-F4 1.1.0
2023-06-11 15:24:21,928 [INFO] ThirdParty:1030 - CMSIS Pack Vendor :STMicroelectronics LIBJPEG 8.0.0
2023-06-11 15:24:21,928 [INFO] ThirdParty:1030 - CMSIS Pack Vendor :STMicroelectronics X-CUBE-SMBUS 2.1.0
2023-06-11 15:24:21,929 [INFO] ThirdParty:1030 - CMSIS Pack Vendor :wolfSSL I-CUBE-wolfSSL 5.6.0
2023-06-11 15:24:21,929 [INFO] ThirdParty:1030 - CMSIS Pack Vendor :STMicroelectronics USB_DEVICE 3.0.0
2023-06-11 15:24:21,929 [INFO] ThirdParty:1030 - CMSIS Pack Vendor :STMicroelectronics X-CUBE-AI 8.0.0
2023-06-11 15:24:21,929 [INFO] ThirdParty:1030 - CMSIS Pack Vendor :STMicroelectronics X-CUBE-FREERTOS 1.0.0
2023-06-11 15:24:21,930 [INFO] ThirdParty:1030 - CMSIS Pack Vendor :STMicroelectronics X-CUBE-FREERTOS 1.0.1
2023-06-11 15:24:21,930 [INFO] ThirdParty:1030 - CMSIS Pack Vendor :STMicroelectronics X-CUBE-TOUCHGFX 4.21.3
2023-06-11 15:24:21,930 [INFO] ThirdParty:1030 - CMSIS Pack Vendor :STMicroelectronics X-CUBE-AZRTOS-F7 1.1.0
2023-06-11 15:24:21,930 [INFO] ThirdParty:1030 - CMSIS Pack Vendor :STMicroelectronics X-CUBE-TOUCHGFX 4.21.4
2023-06-11 15:24:21,930 [INFO] ThirdParty:1030 - CMSIS Pack Vendor :STMicroelectronics USB_DEVICE 2.0.0
2023-06-11 15:24:21,930 [INFO] ThirdParty:1030 - CMSIS Pack Vendor :STMicroelectronics X-CUBE-MEMS1 9.6.0
2023-06-11 15:24:21,931 [INFO] ThirdParty:1030 - CMSIS Pack Vendor :STMicroelectronics FP-SNS-MOTENV1 4.3.0
2023-06-11 15:24:21,931 [INFO] ThirdParty:1030 - CMSIS Pack Vendor :STMicroelectronics FP-SNS-FLIGHT1 5.0.0
2023-06-11 15:24:21,931 [INFO] ThirdParty:1030 - CMSIS Pack Vendor :STMicroelectronics FP-SNS-MOTENV1 4.3.1
2023-06-11 15:24:21,931 [INFO] ThirdParty:1030 - CMSIS Pack Vendor :STMicroelectronics FP-SNS-FLIGHT1 5.0.1
2023-06-11 15:24:21,931 [INFO] ThirdParty:1030 - CMSIS Pack Vendor :STMicroelectronics X-CUBE-ALGOBUILD 1.3.0
2023-06-11 15:24:21,931 [INFO] ThirdParty:1030 - CMSIS Pack Vendor :STMicroelectronics X-CUBE-BLE1 6.2.4
2023-06-11 15:24:21,931 [INFO] ThirdParty:1030 - CMSIS Pack Vendor :STMicroelectronics X-CUBE-AZRTOS-L5 1.1.0
2023-06-11 15:24:21,931 [INFO] ThirdParty:1030 - CMSIS Pack Vendor :STMicroelectronics FreeRTOS 0.0.1
2023-06-11 15:24:21,931 [INFO] ThirdParty:1030 - CMSIS Pack Vendor :STMicroelectronics X-CUBE-AZRTOS-G0 1.1.0
2023-06-11 15:24:21,931 [INFO] ThirdParty:1030 - CMSIS Pack Vendor :emotas I-CUBE-CANOPEN 1.1.3
2023-06-11 15:24:21,931 [INFO] ThirdParty:1030 - CMSIS Pack Vendor :STMicroelectronics X-CUBE-BLEMGR 2.0.0
2023-06-11 15:24:21,931 [INFO] ThirdParty:1030 - CMSIS Pack Vendor :STMicroelectronics X-CUBE-AI 8.0.1
2023-06-11 15:24:21,931 [INFO] ThirdParty:1030 - CMSIS Pack Vendor :STMicroelectronics X-CUBE-NFC4 3.0.0
2023-06-11 15:24:21,932 [INFO] ThirdParty:1030 - CMSIS Pack Vendor :STMicroelectronics X-CUBE-SUBG2 5.0.0
2023-06-11 15:24:21,932 [INFO] ThirdParty:1030 - CMSIS Pack Vendor :STMicroelectronics STM32_WPAN 1.0.0
2023-06-11 15:24:21,932 [INFO] ThirdParty:1030 - CMSIS Pack Vendor :STMicroelectronics lwIP 2.0.3
2023-06-11 15:24:21,934 [INFO] ThirdParty:1030 - CMSIS Pack Vendor :STMicroelectronics USB_HOST 1.0.0
2023-06-11 15:24:21,935 [INFO] ThirdParty:1030 - CMSIS Pack Vendor :STMicroelectronics X-CUBE-AZRTOS-G4 2.0.0
2023-06-11 15:24:21,935 [INFO] ThirdParty:1030 - CMSIS Pack Vendor :STMicroelectronics PDM2PCM 3.1.0
2023-06-11 15:24:21,935 [INFO] ThirdParty:1030 - CMSIS Pack Vendor :STMicroelectronics X-CUBE-AZRTOS-H7 3.1.0
2023-06-11 15:24:21,935 [INFO] ThirdParty:1030 - CMSIS Pack Vendor :STMicroelectronics X-CUBE-TOF1 3.3.0
2023-06-11 15:24:21,935 [INFO] ThirdParty:1030 - CMSIS Pack Vendor :STMicroelectronics FP-ATR-ASTRA1 1.1.1
2023-06-11 15:24:21,935 [INFO] ThirdParty:1030 - CMSIS Pack Vendor :STMicroelectronics PDM2PCM 3.3.0
2023-06-11 15:24:21,935 [INFO] ThirdParty:1030 - CMSIS Pack Vendor :STMicroelectronics X-CUBE-DISPLAY 3.0.0
2023-06-11 15:24:21,936 [INFO] ThirdParty:1030 - CMSIS Pack Vendor :STMicroelectronics FP-ATR-SIGFOX1 3.2.0
2023-06-11 15:24:21,936 [INFO] ThirdParty:1030 - CMSIS Pack Vendor :STMicroelectronics X-CUBE-AZRTOS-G4 1.0.0
2023-06-11 15:24:21,936 [INFO] ThirdParty:1030 - CMSIS Pack Vendor :STMicroelectronics X-CUBE-AZRTOS-L4 1.0.0
2023-06-11 15:24:21,936 [INFO] ThirdParty:1030 - CMSIS Pack Vendor :STMicroelectronics HAL Drivers 0.0.0
2023-06-11 15:24:21,936 [INFO] ThirdParty:1030 - CMSIS Pack Vendor :STMicroelectronics MBEDTLS 2.16.2
2023-06-11 15:24:21,936 [INFO] ThirdParty:1030 - CMSIS Pack Vendor :STMicroelectronics MBEDTLS 2.14.1
2023-06-11 15:24:21,936 [INFO] ThirdParty:1030 - CMSIS Pack Vendor :STMicroelectronics X-CUBE-NFC7 1.0.0
2023-06-11 15:24:21,936 [INFO] ThirdParty:1030 - CMSIS Pack Vendor :STMicroelectronics X-CUBE-AZRTOS-WL 1.0.0
2023-06-11 15:24:21,936 [INFO] ThirdParty:1030 - CMSIS Pack Vendor :STMicroelectronics X-CUBE-EEPRMA1 4.1.0
2023-06-11 15:24:21,936 [INFO] ThirdParty:1030 - CMSIS Pack Vendor :portGmbH I-Cube-SoM-uGOAL 1.1.0
2023-06-11 15:24:21,936 [INFO] ThirdParty:1030 - CMSIS Pack Vendor :STMicroelectronics X-CUBE-ALS 1.0.1
2023-06-11 15:24:21,937 [INFO] ThirdParty:1030 - CMSIS Pack Vendor :STMicroelectronics X-CUBE-MEMS1 9.5.0
2023-06-11 15:24:21,937 [INFO] ThirdParty:1030 - CMSIS Pack Vendor :STMicroelectronics ThreadX 1.0.0
2023-06-11 15:24:21,937 [INFO] ThirdParty:1030 - CMSIS Pack Vendor :STMicroelectronics X-CUBE-AZRTOS-WB 1.1.0
2023-06-11 15:24:21,937 [INFO] ThirdParty:1030 - CMSIS Pack Vendor :STMicroelectronics X-CUBE-AZRTOS-WL 2.0.0
2023-06-11 15:24:21,937 [INFO] ThirdParty:1030 - CMSIS Pack Vendor :SEGGER I-CUBE-embOS 1.3.1
2023-06-11 15:24:21,937 [INFO] ThirdParty:1030 - CMSIS Pack Vendor :STMicroelectronics USB_DEVICE 1.0.0
2023-06-11 15:24:21,937 [INFO] ThirdParty:1030 - CMSIS Pack Vendor :STMicroelectronics X-CUBE-AZRTOS-L4 2.0.0
2023-06-11 15:24:21,937 [INFO] ThirdParty:1030 - CMSIS Pack Vendor :STMicroelectronics ThreadX 0.0.2
2023-06-11 15:24:21,937 [INFO] ThirdParty:1030 - CMSIS Pack Vendor :WES I-CUBE-Cesium 1.3.0
2023-06-11 15:24:21,937 [INFO] ThirdParty:1030 - CMSIS Pack Vendor :STMicroelectronics FP-ATR-ASTRA1 2.0.0
2023-06-11 15:24:21,937 [INFO] ThirdParty:1030 - CMSIS Pack Vendor :STMicroelectronics lwIP 2.1.2
2023-06-11 15:24:21,937 [INFO] ThirdParty:1030 - CMSIS Pack Vendor :STMicroelectronics X-CUBE-SFXS2LP1 4.0.0
2023-06-11 15:24:21,938 [INFO] ThirdParty:1030 - CMSIS Pack Vendor :STMicroelectronics X-CUBE-BLE2 3.3.0
2023-06-11 15:24:21,938 [INFO] ThirdParty:1030 - CMSIS Pack Vendor :STMicroelectronics PDM2PCM 3.2.0
2023-06-11 15:24:21,938 [INFO] ThirdParty:1030 - CMSIS Pack Vendor :STMicroelectronics X-CUBE-AZRTOS-H7 3.0.0
2023-06-11 15:24:21,938 [INFO] ThirdParty:841 - exiting critical section [change project]
2023-06-11 15:24:22,480 [INFO] PinOutPanel:1499 - setPackage(No Configuration,No Configuration)
2023-06-11 15:24:22,482 [INFO] PinOutPanel:1499 - setPackage(STM32L412KBUx,UFQFPN32)
2023-06-11 15:24:23,699 [INFO] UtilMem:75 - Before build in PCC Used Memory: 550939432 Bytes (804257792)
2023-06-11 15:24:25,284 [INFO] UtilMem:75 - After build in PCC Used Memory: 576613304 Bytes (804257792)
2023-06-11 15:24:25,330 [INFO] IPUIPlugin:80 - create IPUIPlugin
2023-06-11 15:24:25,331 [INFO] IPUIPlugin:80 - create IPUIPlugin
2023-06-11 15:24:25,331 [INFO] IPUIPlugin:80 - create IPUIPlugin
2023-06-11 15:24:25,332 [INFO] IPUIPlugin:80 - create IPUIPlugin
2023-06-11 15:24:25,332 [INFO] IPUIPlugin:80 - create IPUIPlugin
2023-06-11 15:24:25,332 [INFO] IPUIPlugin:80 - create IPUIPlugin
2023-06-11 15:24:25,332 [INFO] IPUIPlugin:80 - create IPUIPlugin
2023-06-11 15:24:25,333 [INFO] IPUIPlugin:80 - create IPUIPlugin
2023-06-11 15:24:25,333 [INFO] IPUIPlugin:80 - create IPUIPlugin
2023-06-11 15:24:25,333 [INFO] IPUIPlugin:80 - create IPUIPlugin
2023-06-11 15:24:25,334 [INFO] IPUIPlugin:80 - create IPUIPlugin
2023-06-11 15:24:25,335 [INFO] IPUIPlugin:80 - create IPUIPlugin
2023-06-11 15:24:25,335 [INFO] IPUIPlugin:80 - create IPUIPlugin
2023-06-11 15:24:25,335 [INFO] IPUIPlugin:80 - create IPUIPlugin
2023-06-11 15:24:25,336 [INFO] IPUIPlugin:80 - create IPUIPlugin
2023-06-11 15:24:25,336 [INFO] IPUIPlugin:80 - create IPUIPlugin
2023-06-11 15:24:25,336 [INFO] IPUIPlugin:80 - create IPUIPlugin
2023-06-11 15:24:25,337 [INFO] IPUIPlugin:80 - create IPUIPlugin
2023-06-11 15:24:25,337 [INFO] IPUIPlugin:80 - create IPUIPlugin
2023-06-11 15:24:25,337 [INFO] IPUIPlugin:80 - create IPUIPlugin
2023-06-11 15:24:25,338 [INFO] IPUIPlugin:80 - create IPUIPlugin
2023-06-11 15:24:25,339 [INFO] IPUIPlugin:80 - create IPUIPlugin
2023-06-11 15:24:25,349 [INFO] IPUIPlugin:80 - create IPUIPlugin
2023-06-11 15:24:25,349 [INFO] IPUIPlugin:80 - create IPUIPlugin
2023-06-11 15:24:25,352 [INFO] IPUIPlugin:80 - create IPUIPlugin
2023-06-11 15:24:25,353 [INFO] IPUIPlugin:80 - create IPUIPlugin
2023-06-11 15:24:25,353 [INFO] IPUIPlugin:80 - create IPUIPlugin
2023-06-11 15:24:25,354 [INFO] IPUIPlugin:80 - create IPUIPlugin
2023-06-11 15:24:25,355 [INFO] IPUIPlugin:80 - create IPUIPlugin
2023-06-11 15:24:25,355 [INFO] IPUIPlugin:80 - create IPUIPlugin
2023-06-11 15:24:25,371 [INFO] IPUIPlugin:80 - create IPUIPlugin
2023-06-11 15:24:25,373 [INFO] IPUIPlugin:80 - create IPUIPlugin
2023-06-11 15:24:25,373 [INFO] IPUIPlugin:80 - create IPUIPlugin
2023-06-11 15:24:25,374 [INFO] IPUIPlugin:80 - create IPUIPlugin
2023-06-11 15:24:25,374 [INFO] IPUIPlugin:80 - create IPUIPlugin
2023-06-11 15:24:25,811 [INFO] CADModel:165 - CPN selected for project levelSTM32L412KBU3
2023-06-11 15:24:25,811 [INFO] CADModel:114 - Register for checkConnection events
2023-06-11 15:24:25,855 [INFO] OpenFileManager:328 - Restore cursor
2023-06-11 19:34:46,022 [INFO] Activator:176 - 


2023-06-11 19:34:46,024 [INFO] Activator:177 - !SESSION log4j initialized
2023-06-11 19:34:52,454 [INFO] LogOutputStream:77 - [STDOUT_REDIRECT] 
2023-06-11 19:35:19,072 [ERROR] LogOutputStream:75 - [STDERR_REDIRECT] SLF4J: Failed to load class "org.slf4j.impl.StaticLoggerBinder".
2023-06-11 19:35:19,072 [ERROR] LogOutputStream:75 - [STDERR_REDIRECT] SLF4J: Defaulting to no-operation (NOP) logger implementation
2023-06-11 19:35:19,073 [ERROR] LogOutputStream:75 - [STDERR_REDIRECT] SLF4J: See http://www.slf4j.org/codes.html#StaticLoggerBinder for further details.
