ARM GAS  C:\Users\billa\AppData\Local\Temp\ccV6LUEa.s 			page 1


   1              		.cpu cortex-m4
   2              		.arch armv7e-m
   3              		.fpu fpv4-sp-d16
   4              		.eabi_attribute 27, 1
   5              		.eabi_attribute 28, 1
   6              		.eabi_attribute 20, 1
   7              		.eabi_attribute 21, 1
   8              		.eabi_attribute 23, 3
   9              		.eabi_attribute 24, 1
  10              		.eabi_attribute 25, 1
  11              		.eabi_attribute 26, 1
  12              		.eabi_attribute 30, 1
  13              		.eabi_attribute 34, 1
  14              		.eabi_attribute 18, 4
  15              		.file	"gpio.c"
  16              		.text
  17              	.Ltext0:
  18              		.cfi_sections	.debug_frame
  19              		.file 1 "Core/Src/gpio.c"
  20              		.section	.text.MX_GPIO_Init,"ax",%progbits
  21              		.align	1
  22              		.global	MX_GPIO_Init
  23              		.syntax unified
  24              		.thumb
  25              		.thumb_func
  27              	MX_GPIO_Init:
  28              	.LFB132:
   1:Core/Src/gpio.c **** /* USER CODE BEGIN Header */
   2:Core/Src/gpio.c **** /**
   3:Core/Src/gpio.c ****   ******************************************************************************
   4:Core/Src/gpio.c ****   * @file    gpio.c
   5:Core/Src/gpio.c ****   * @brief   This file provides code for the configuration
   6:Core/Src/gpio.c ****   *          of all used GPIO pins.
   7:Core/Src/gpio.c ****   ******************************************************************************
   8:Core/Src/gpio.c ****   * @attention
   9:Core/Src/gpio.c ****   *
  10:Core/Src/gpio.c ****   * Copyright (c) 2023 STMicroelectronics.
  11:Core/Src/gpio.c ****   * All rights reserved.
  12:Core/Src/gpio.c ****   *
  13:Core/Src/gpio.c ****   * This software is licensed under terms that can be found in the LICENSE file
  14:Core/Src/gpio.c ****   * in the root directory of this software component.
  15:Core/Src/gpio.c ****   * If no LICENSE file comes with this software, it is provided AS-IS.
  16:Core/Src/gpio.c ****   *
  17:Core/Src/gpio.c ****   ******************************************************************************
  18:Core/Src/gpio.c ****   */
  19:Core/Src/gpio.c **** /* USER CODE END Header */
  20:Core/Src/gpio.c **** 
  21:Core/Src/gpio.c **** /* Includes ------------------------------------------------------------------*/
  22:Core/Src/gpio.c **** #include "gpio.h"
  23:Core/Src/gpio.c **** 
  24:Core/Src/gpio.c **** /* USER CODE BEGIN 0 */
  25:Core/Src/gpio.c **** 
  26:Core/Src/gpio.c **** /* USER CODE END 0 */
  27:Core/Src/gpio.c **** 
  28:Core/Src/gpio.c **** /*----------------------------------------------------------------------------*/
  29:Core/Src/gpio.c **** /* Configure GPIO                                                             */
  30:Core/Src/gpio.c **** /*----------------------------------------------------------------------------*/
ARM GAS  C:\Users\billa\AppData\Local\Temp\ccV6LUEa.s 			page 2


  31:Core/Src/gpio.c **** /* USER CODE BEGIN 1 */
  32:Core/Src/gpio.c **** 
  33:Core/Src/gpio.c **** /* USER CODE END 1 */
  34:Core/Src/gpio.c **** 
  35:Core/Src/gpio.c **** /** Configure pins as
  36:Core/Src/gpio.c ****         * Analog
  37:Core/Src/gpio.c ****         * Input
  38:Core/Src/gpio.c ****         * Output
  39:Core/Src/gpio.c ****         * EVENT_OUT
  40:Core/Src/gpio.c ****         * EXTI
  41:Core/Src/gpio.c **** */
  42:Core/Src/gpio.c **** void MX_GPIO_Init(void)
  43:Core/Src/gpio.c **** {
  29              		.loc 1 43 1 view -0
  30              		.cfi_startproc
  31              		@ args = 0, pretend = 0, frame = 32
  32              		@ frame_needed = 0, uses_anonymous_args = 0
  33 0000 30B5     		push	{r4, r5, lr}
  34              		.cfi_def_cfa_offset 12
  35              		.cfi_offset 4, -12
  36              		.cfi_offset 5, -8
  37              		.cfi_offset 14, -4
  38 0002 89B0     		sub	sp, sp, #36
  39              		.cfi_def_cfa_offset 48
  44:Core/Src/gpio.c **** 
  45:Core/Src/gpio.c ****   GPIO_InitTypeDef GPIO_InitStruct = {0};
  40              		.loc 1 45 3 view .LVU1
  41              		.loc 1 45 20 is_stmt 0 view .LVU2
  42 0004 0024     		movs	r4, #0
  43 0006 0394     		str	r4, [sp, #12]
  44 0008 0494     		str	r4, [sp, #16]
  45 000a 0594     		str	r4, [sp, #20]
  46 000c 0694     		str	r4, [sp, #24]
  47 000e 0794     		str	r4, [sp, #28]
  46:Core/Src/gpio.c **** 
  47:Core/Src/gpio.c ****   /* GPIO Ports Clock Enable */
  48:Core/Src/gpio.c ****   __HAL_RCC_GPIOC_CLK_ENABLE();
  48              		.loc 1 48 3 is_stmt 1 view .LVU3
  49              	.LBB2:
  50              		.loc 1 48 3 view .LVU4
  51              		.loc 1 48 3 view .LVU5
  52 0010 164B     		ldr	r3, .L3
  53 0012 DA6C     		ldr	r2, [r3, #76]
  54 0014 42F00402 		orr	r2, r2, #4
  55 0018 DA64     		str	r2, [r3, #76]
  56              		.loc 1 48 3 view .LVU6
  57 001a DA6C     		ldr	r2, [r3, #76]
  58 001c 02F00402 		and	r2, r2, #4
  59 0020 0092     		str	r2, [sp]
  60              		.loc 1 48 3 view .LVU7
  61 0022 009A     		ldr	r2, [sp]
  62              	.LBE2:
  63              		.loc 1 48 3 view .LVU8
  49:Core/Src/gpio.c ****   __HAL_RCC_GPIOA_CLK_ENABLE();
  64              		.loc 1 49 3 view .LVU9
  65              	.LBB3:
  66              		.loc 1 49 3 view .LVU10
ARM GAS  C:\Users\billa\AppData\Local\Temp\ccV6LUEa.s 			page 3


  67              		.loc 1 49 3 view .LVU11
  68 0024 DA6C     		ldr	r2, [r3, #76]
  69 0026 42F00102 		orr	r2, r2, #1
  70 002a DA64     		str	r2, [r3, #76]
  71              		.loc 1 49 3 view .LVU12
  72 002c DA6C     		ldr	r2, [r3, #76]
  73 002e 02F00102 		and	r2, r2, #1
  74 0032 0192     		str	r2, [sp, #4]
  75              		.loc 1 49 3 view .LVU13
  76 0034 019A     		ldr	r2, [sp, #4]
  77              	.LBE3:
  78              		.loc 1 49 3 view .LVU14
  50:Core/Src/gpio.c ****   __HAL_RCC_GPIOB_CLK_ENABLE();
  79              		.loc 1 50 3 view .LVU15
  80              	.LBB4:
  81              		.loc 1 50 3 view .LVU16
  82              		.loc 1 50 3 view .LVU17
  83 0036 DA6C     		ldr	r2, [r3, #76]
  84 0038 42F00202 		orr	r2, r2, #2
  85 003c DA64     		str	r2, [r3, #76]
  86              		.loc 1 50 3 view .LVU18
  87 003e DB6C     		ldr	r3, [r3, #76]
  88 0040 03F00203 		and	r3, r3, #2
  89 0044 0293     		str	r3, [sp, #8]
  90              		.loc 1 50 3 view .LVU19
  91 0046 029B     		ldr	r3, [sp, #8]
  92              	.LBE4:
  93              		.loc 1 50 3 view .LVU20
  51:Core/Src/gpio.c **** 
  52:Core/Src/gpio.c ****   /*Configure GPIO pin Output Level */
  53:Core/Src/gpio.c ****   HAL_GPIO_WritePin(LD3_GPIO_Port, LD3_Pin, GPIO_PIN_RESET);
  94              		.loc 1 53 3 view .LVU21
  95 0048 094D     		ldr	r5, .L3+4
  96 004a 2246     		mov	r2, r4
  97 004c 0821     		movs	r1, #8
  98 004e 2846     		mov	r0, r5
  99 0050 FFF7FEFF 		bl	HAL_GPIO_WritePin
 100              	.LVL0:
  54:Core/Src/gpio.c **** 
  55:Core/Src/gpio.c ****   /*Configure GPIO pin : PtPin */
  56:Core/Src/gpio.c ****   GPIO_InitStruct.Pin = LD3_Pin;
 101              		.loc 1 56 3 view .LVU22
 102              		.loc 1 56 23 is_stmt 0 view .LVU23
 103 0054 0823     		movs	r3, #8
 104 0056 0393     		str	r3, [sp, #12]
  57:Core/Src/gpio.c ****   GPIO_InitStruct.Mode = GPIO_MODE_OUTPUT_PP;
 105              		.loc 1 57 3 is_stmt 1 view .LVU24
 106              		.loc 1 57 24 is_stmt 0 view .LVU25
 107 0058 0123     		movs	r3, #1
 108 005a 0493     		str	r3, [sp, #16]
  58:Core/Src/gpio.c ****   GPIO_InitStruct.Pull = GPIO_NOPULL;
 109              		.loc 1 58 3 is_stmt 1 view .LVU26
 110              		.loc 1 58 24 is_stmt 0 view .LVU27
 111 005c 0594     		str	r4, [sp, #20]
  59:Core/Src/gpio.c ****   GPIO_InitStruct.Speed = GPIO_SPEED_FREQ_LOW;
 112              		.loc 1 59 3 is_stmt 1 view .LVU28
 113              		.loc 1 59 25 is_stmt 0 view .LVU29
ARM GAS  C:\Users\billa\AppData\Local\Temp\ccV6LUEa.s 			page 4


 114 005e 0694     		str	r4, [sp, #24]
  60:Core/Src/gpio.c ****   HAL_GPIO_Init(LD3_GPIO_Port, &GPIO_InitStruct);
 115              		.loc 1 60 3 is_stmt 1 view .LVU30
 116 0060 03A9     		add	r1, sp, #12
 117 0062 2846     		mov	r0, r5
 118 0064 FFF7FEFF 		bl	HAL_GPIO_Init
 119              	.LVL1:
  61:Core/Src/gpio.c **** 
  62:Core/Src/gpio.c **** }
 120              		.loc 1 62 1 is_stmt 0 view .LVU31
 121 0068 09B0     		add	sp, sp, #36
 122              		.cfi_def_cfa_offset 12
 123              		@ sp needed
 124 006a 30BD     		pop	{r4, r5, pc}
 125              	.L4:
 126              		.align	2
 127              	.L3:
 128 006c 00100240 		.word	1073876992
 129 0070 00040048 		.word	1207960576
 130              		.cfi_endproc
 131              	.LFE132:
 133              		.text
 134              	.Letext0:
 135              		.file 2 "c:\\users\\billa\\appdata\\roaming\\code\\user\\globalstorage\\bmd.stm32-for-vscode\\@xpa
 136              		.file 3 "c:\\users\\billa\\appdata\\roaming\\code\\user\\globalstorage\\bmd.stm32-for-vscode\\@xpa
 137              		.file 4 "Drivers/CMSIS/Device/ST/STM32L4xx/Include/stm32l412xx.h"
 138              		.file 5 "Drivers/STM32L4xx_HAL_Driver/Inc/stm32l4xx_hal_gpio.h"
ARM GAS  C:\Users\billa\AppData\Local\Temp\ccV6LUEa.s 			page 5


DEFINED SYMBOLS
                            *ABS*:0000000000000000 gpio.c
C:\Users\billa\AppData\Local\Temp\ccV6LUEa.s:21     .text.MX_GPIO_Init:0000000000000000 $t
C:\Users\billa\AppData\Local\Temp\ccV6LUEa.s:27     .text.MX_GPIO_Init:0000000000000000 MX_GPIO_Init
C:\Users\billa\AppData\Local\Temp\ccV6LUEa.s:128    .text.MX_GPIO_Init:000000000000006c $d

UNDEFINED SYMBOLS
HAL_GPIO_WritePin
HAL_GPIO_Init
